<?xml version="1.0" encoding="UTF-8"?>
<testsuite name="goos.ui.swing.MainWindowTest" tests="3" skipped="0" failures="0" errors="0" timestamp="2020-08-03T02:06:37" hostname="buildkitsandbox" time="5.871">
  <properties/>
  <testcase name="window has expected features" classname="goos.ui.swing.MainWindowTest" time="4.796"/>
  <testcase name="make user request when join button clicked" classname="goos.ui.swing.MainWindowTest" time="0.81"/>
  <testcase name="make user request when reset button clicked" classname="goos.ui.swing.MainWindowTest" time="0.233"/>
  <system-out><![CDATA[]]></system-out>
  <system-err><![CDATA[Aug 03, 2020 2:06:41 AM net.sourceforge.marathon.javaagent.server.JavaServer serve
INFO: JavaServer.serve(POST /session): {
  "desiredCapabilities": {
    "browserName": "java",
    "platform": "ANY"
  },
  "capabilities": {
    "firstMatch": [
      {
        "browserName": "java"
      }
    ]
  }
}
Aug 03, 2020 2:06:41 AM net.sourceforge.marathon.javaagent.server.JavaServer createSession
INFO: Creating device with type: EVENT_QUEUE
Aug 03, 2020 2:06:41 AM net.sourceforge.marathon.javaagent.Device getDevice
INFO: Creating a EVENT_QUEUE device
Aug 03, 2020 2:06:41 AM net.sourceforge.marathon.javaagent.server.JavaServer serve
INFO: POST(/session, {"desiredCapabilities":{"browserName":"java","platform":"ANY"},"capabilities":{"firstMatch":[{"browserName":"java"}]}}) = {data=, status=REDIRECT}
Aug 03, 2020 2:06:42 AM net.sourceforge.marathon.javaagent.server.JavaServer serve
INFO: JavaServer.serve(GET /session/305dd1ea-87e1-4985-9ca3-ff740029800a): {}
Aug 03, 2020 2:06:42 AM net.sourceforge.marathon.javaagent.server.JavaServer serve
INFO: GET(/session/305dd1ea-87e1-4985-9ca3-ff740029800a) = {data={"name":"getCapabilities","sessionId":"305dd1ea-87e1-4985-9ca3-ff740029800a","value":{"applicationCacheEnabled":false,"rotatable":false,"loggingPrefs":{"driver":"ALL"},"handlesAlerts":false,"databaseEnabled":false,"version":"1.0","platform":"ANY","browserConnectionEnabled":false,"nativeEvents":false,"acceptSslCerts":false,"locationContextEnabled":false,"webStorageEnabled":false,"browserName":"java","takesScreenshot":true,"javascriptEnabled":true,"cssSelectorsEnabled":false},"status":0}, status=OK}
Aug 03, 2020 2:06:42 AM org.openqa.selenium.remote.ProtocolHandshake createSession
INFO: Detected dialect: OSS
Aug 03, 2020 2:06:42 AM net.sourceforge.marathon.javaagent.server.JavaServer serve
INFO: JavaServer.serve(POST /session/305dd1ea-87e1-4985-9ca3-ff740029800a/element): {
  "using": "css selector",
  "value": "."
}
Aug 03, 2020 2:06:42 AM net.sourceforge.marathon.javaagent.server.JavaServer serve
INFO: POST(/session/305dd1ea-87e1-4985-9ca3-ff740029800a/element, {"using":"css selector","value":"."}) = {data={"name":"findElement","sessionId":"305dd1ea-87e1-4985-9ca3-ff740029800a","value":{"ELEMENT":"9d1ce2b7-27a9-4497-9701-1f5e2c4a8a07"},"status":0}, status=OK}
Aug 03, 2020 2:06:42 AM net.sourceforge.marathon.javaagent.server.JavaServer serve
INFO: JavaServer.serve(GET /session/305dd1ea-87e1-4985-9ca3-ff740029800a/element/9d1ce2b7-27a9-4497-9701-1f5e2c4a8a07/attribute/name): {}
Aug 03, 2020 2:06:42 AM net.sourceforge.marathon.javaagent.server.JavaServer serve
INFO: GET(/session/305dd1ea-87e1-4985-9ca3-ff740029800a/element/9d1ce2b7-27a9-4497-9701-1f5e2c4a8a07/attribute/name) = {data={"name":"getElementAttribute","sessionId":"305dd1ea-87e1-4985-9ca3-ff740029800a","value":"Auction Sniper Name","status":0}, status=OK}
Aug 03, 2020 2:06:42 AM net.sourceforge.marathon.javaagent.server.JavaServer serve
INFO: JavaServer.serve(POST /session/305dd1ea-87e1-4985-9ca3-ff740029800a/element): {
  "using": "css selector",
  "value": "."
}
Aug 03, 2020 2:06:42 AM net.sourceforge.marathon.javaagent.server.JavaServer serve
INFO: POST(/session/305dd1ea-87e1-4985-9ca3-ff740029800a/element, {"using":"css selector","value":"."}) = {data={"name":"findElement","sessionId":"305dd1ea-87e1-4985-9ca3-ff740029800a","value":{"ELEMENT":"9d1ce2b7-27a9-4497-9701-1f5e2c4a8a07"},"status":0}, status=OK}
Aug 03, 2020 2:06:42 AM net.sourceforge.marathon.javaagent.server.JavaServer serve
INFO: JavaServer.serve(GET /session/305dd1ea-87e1-4985-9ca3-ff740029800a/element/9d1ce2b7-27a9-4497-9701-1f5e2c4a8a07/displayed): {}
Aug 03, 2020 2:06:42 AM net.sourceforge.marathon.javaagent.server.JavaServer serve
INFO: GET(/session/305dd1ea-87e1-4985-9ca3-ff740029800a/element/9d1ce2b7-27a9-4497-9701-1f5e2c4a8a07/displayed) = {data={"name":"isDisplayed","sessionId":"305dd1ea-87e1-4985-9ca3-ff740029800a","value":true,"status":0}, status=OK}
Aug 03, 2020 2:06:42 AM net.sourceforge.marathon.javaagent.server.JavaServer serve
INFO: JavaServer.serve(GET /session/305dd1ea-87e1-4985-9ca3-ff740029800a/title): {}
Aug 03, 2020 2:06:42 AM net.sourceforge.marathon.javaagent.server.JavaServer serve
INFO: GET(/session/305dd1ea-87e1-4985-9ca3-ff740029800a/title) = {data={"name":"getWindowTitle","sessionId":"305dd1ea-87e1-4985-9ca3-ff740029800a","value":"Auction Sniper","status":0}, status=OK}
Aug 03, 2020 2:06:42 AM net.sourceforge.marathon.javaagent.server.JavaServer serve
INFO: JavaServer.serve(POST /session/305dd1ea-87e1-4985-9ca3-ff740029800a/element): {
  "using": "name",
  "value": "snipers table"
}
Aug 03, 2020 2:06:42 AM net.sourceforge.marathon.javaagent.server.JavaServer serve
INFO: POST(/session/305dd1ea-87e1-4985-9ca3-ff740029800a/element, {"using":"name","value":"snipers table"}) = {data={"name":"findElement","sessionId":"305dd1ea-87e1-4985-9ca3-ff740029800a","value":{"ELEMENT":"1ba1591c-6885-40e9-ba2b-78d6852d434e"},"status":0}, status=OK}
Aug 03, 2020 2:06:42 AM net.sourceforge.marathon.javaagent.server.JavaServer serve
INFO: JavaServer.serve(POST /session/305dd1ea-87e1-4985-9ca3-ff740029800a/element/1ba1591c-6885-40e9-ba2b-78d6852d434e/elements): {
  "id": "1ba1591c-6885-40e9-ba2b-78d6852d434e",
  "using": "css selector",
  "value": ".::header.::all-items"
}
Aug 03, 2020 2:06:42 AM net.sourceforge.marathon.javaagent.server.JavaServer serve
INFO: POST(/session/305dd1ea-87e1-4985-9ca3-ff740029800a/element/1ba1591c-6885-40e9-ba2b-78d6852d434e/elements, {"using":"css selector","id":"1ba1591c-6885-40e9-ba2b-78d6852d434e","value":".::header.::all-items"}) = {data={"name":"findElementsOfElement","sessionId":"305dd1ea-87e1-4985-9ca3-ff740029800a","value":[{"ELEMENT":"34868bcf-0d67-4cb6-8815-129a27f68ce8%23%7B%22selector%22%3A%22nth-item%22%2C%22parameters%22%3A%5B1%5D%7D"},{"ELEMENT":"34868bcf-0d67-4cb6-8815-129a27f68ce8%23%7B%22selector%22%3A%22nth-item%22%2C%22parameters%22%3A%5B2%5D%7D"},{"ELEMENT":"34868bcf-0d67-4cb6-8815-129a27f68ce8%23%7B%22selector%22%3A%22nth-item%22%2C%22parameters%22%3A%5B3%5D%7D"},{"ELEMENT":"34868bcf-0d67-4cb6-8815-129a27f68ce8%23%7B%22selector%22%3A%22nth-item%22%2C%22parameters%22%3A%5B4%5D%7D"}],"status":0}, status=OK}
Aug 03, 2020 2:06:42 AM net.sourceforge.marathon.javaagent.server.JavaServer serve
INFO: JavaServer.serve(GET /session/305dd1ea-87e1-4985-9ca3-ff740029800a/element/34868bcf-0d67-4cb6-8815-129a27f68ce8%23%7B%22selector%22%3A%22nth-item%22%2C%22parameters%22%3A%5B1%5D%7D/text): {}
Aug 03, 2020 2:06:42 AM net.sourceforge.marathon.javaagent.server.JavaServer serve
INFO: GET(/session/305dd1ea-87e1-4985-9ca3-ff740029800a/element/34868bcf-0d67-4cb6-8815-129a27f68ce8%23%7B%22selector%22%3A%22nth-item%22%2C%22parameters%22%3A%5B1%5D%7D/text) = {data={"name":"getElementText","sessionId":"305dd1ea-87e1-4985-9ca3-ff740029800a","value":"Item","status":0}, status=OK}
Aug 03, 2020 2:06:42 AM net.sourceforge.marathon.javaagent.server.JavaServer serve
INFO: JavaServer.serve(GET /session/305dd1ea-87e1-4985-9ca3-ff740029800a/element/34868bcf-0d67-4cb6-8815-129a27f68ce8%23%7B%22selector%22%3A%22nth-item%22%2C%22parameters%22%3A%5B2%5D%7D/text): {}
Aug 03, 2020 2:06:42 AM net.sourceforge.marathon.javaagent.server.JavaServer serve
INFO: GET(/session/305dd1ea-87e1-4985-9ca3-ff740029800a/element/34868bcf-0d67-4cb6-8815-129a27f68ce8%23%7B%22selector%22%3A%22nth-item%22%2C%22parameters%22%3A%5B2%5D%7D/text) = {data={"name":"getElementText","sessionId":"305dd1ea-87e1-4985-9ca3-ff740029800a","value":"Last Price","status":0}, status=OK}
Aug 03, 2020 2:06:42 AM net.sourceforge.marathon.javaagent.server.JavaServer serve
INFO: JavaServer.serve(GET /session/305dd1ea-87e1-4985-9ca3-ff740029800a/element/34868bcf-0d67-4cb6-8815-129a27f68ce8%23%7B%22selector%22%3A%22nth-item%22%2C%22parameters%22%3A%5B3%5D%7D/text): {}
Aug 03, 2020 2:06:42 AM net.sourceforge.marathon.javaagent.server.JavaServer serve
INFO: GET(/session/305dd1ea-87e1-4985-9ca3-ff740029800a/element/34868bcf-0d67-4cb6-8815-129a27f68ce8%23%7B%22selector%22%3A%22nth-item%22%2C%22parameters%22%3A%5B3%5D%7D/text) = {data={"name":"getElementText","sessionId":"305dd1ea-87e1-4985-9ca3-ff740029800a","value":"Last Bid","status":0}, status=OK}
Aug 03, 2020 2:06:42 AM net.sourceforge.marathon.javaagent.server.JavaServer serve
INFO: JavaServer.serve(GET /session/305dd1ea-87e1-4985-9ca3-ff740029800a/element/34868bcf-0d67-4cb6-8815-129a27f68ce8%23%7B%22selector%22%3A%22nth-item%22%2C%22parameters%22%3A%5B4%5D%7D/text): {}
Aug 03, 2020 2:06:42 AM net.sourceforge.marathon.javaagent.server.JavaServer serve
INFO: GET(/session/305dd1ea-87e1-4985-9ca3-ff740029800a/element/34868bcf-0d67-4cb6-8815-129a27f68ce8%23%7B%22selector%22%3A%22nth-item%22%2C%22parameters%22%3A%5B4%5D%7D/text) = {data={"name":"getElementText","sessionId":"305dd1ea-87e1-4985-9ca3-ff740029800a","value":"State","status":0}, status=OK}
Aug 03, 2020 2:06:42 AM net.sourceforge.marathon.javaagent.server.JavaServer serve
INFO: JavaServer.serve(DELETE /session/305dd1ea-87e1-4985-9ca3-ff740029800a/window): {}
Aug 03, 2020 2:06:42 AM net.sourceforge.marathon.javaagent.server.JavaServer serve
INFO: DELETE(/session/305dd1ea-87e1-4985-9ca3-ff740029800a/window) = {data={"name":"closeSession","sessionId":"305dd1ea-87e1-4985-9ca3-ff740029800a","status":0}, status=OK}
Aug 03, 2020 2:06:42 AM net.sourceforge.marathon.javaagent.server.JavaServer serve
INFO: JavaServer.serve(POST /session): {
  "desiredCapabilities": {
    "browserName": "java",
    "platform": "ANY"
  },
  "capabilities": {
    "firstMatch": [
      {
        "browserName": "java"
      }
    ]
  }
}
Aug 03, 2020 2:06:42 AM net.sourceforge.marathon.javaagent.server.JavaServer createSession
INFO: Creating device with type: EVENT_QUEUE
Aug 03, 2020 2:06:42 AM net.sourceforge.marathon.javaagent.Device getDevice
INFO: Creating a EVENT_QUEUE device
Aug 03, 2020 2:06:42 AM net.sourceforge.marathon.javaagent.server.JavaServer serve
INFO: POST(/session, {"desiredCapabilities":{"browserName":"java","platform":"ANY"},"capabilities":{"firstMatch":[{"browserName":"java"}]}}) = {data=, status=REDIRECT}
Aug 03, 2020 2:06:42 AM net.sourceforge.marathon.javaagent.server.JavaServer serve
INFO: JavaServer.serve(GET /session/76a59315-3912-4f1a-b39b-418ad2c94263): {}
Aug 03, 2020 2:06:42 AM net.sourceforge.marathon.javaagent.server.JavaServer serve
INFO: GET(/session/76a59315-3912-4f1a-b39b-418ad2c94263) = {data={"name":"getCapabilities","sessionId":"76a59315-3912-4f1a-b39b-418ad2c94263","value":{"applicationCacheEnabled":false,"rotatable":false,"loggingPrefs":{"driver":"ALL"},"handlesAlerts":false,"databaseEnabled":false,"version":"1.0","platform":"ANY","browserConnectionEnabled":false,"nativeEvents":false,"acceptSslCerts":false,"locationContextEnabled":false,"webStorageEnabled":false,"browserName":"java","takesScreenshot":true,"javascriptEnabled":true,"cssSelectorsEnabled":false},"status":0}, status=OK}
Aug 03, 2020 2:06:42 AM org.openqa.selenium.remote.ProtocolHandshake createSession
INFO: Detected dialect: OSS
Aug 03, 2020 2:06:42 AM net.sourceforge.marathon.javaagent.server.JavaServer serve
INFO: JavaServer.serve(POST /session/76a59315-3912-4f1a-b39b-418ad2c94263/element): {
  "using": "name",
  "value": "new item id field"
}
Aug 03, 2020 2:06:42 AM net.sourceforge.marathon.javaagent.server.JavaServer serve
INFO: POST(/session/76a59315-3912-4f1a-b39b-418ad2c94263/element, {"using":"name","value":"new item id field"}) = {data={"name":"findElement","sessionId":"76a59315-3912-4f1a-b39b-418ad2c94263","value":{"ELEMENT":"4a77febc-023d-48f8-b84c-06fa2aa06469"},"status":0}, status=OK}
Aug 03, 2020 2:06:42 AM net.sourceforge.marathon.javaagent.server.JavaServer serve
INFO: JavaServer.serve(POST /session/76a59315-3912-4f1a-b39b-418ad2c94263/element/4a77febc-023d-48f8-b84c-06fa2aa06469/clear): {
  "id": "4a77febc-023d-48f8-b84c-06fa2aa06469"
}
Aug 03, 2020 2:06:42 AM net.sourceforge.marathon.javaagent.server.JavaServer serve
INFO: POST(/session/76a59315-3912-4f1a-b39b-418ad2c94263/element/4a77febc-023d-48f8-b84c-06fa2aa06469/clear, {"id":"4a77febc-023d-48f8-b84c-06fa2aa06469"}) = {data={"name":"clearElement","sessionId":"76a59315-3912-4f1a-b39b-418ad2c94263","status":0}, status=OK}
Aug 03, 2020 2:06:42 AM net.sourceforge.marathon.javaagent.server.JavaServer serve
INFO: JavaServer.serve(POST /session/76a59315-3912-4f1a-b39b-418ad2c94263/element/4a77febc-023d-48f8-b84c-06fa2aa06469/value): {
  "id": "4a77febc-023d-48f8-b84c-06fa2aa06469",
  "value": [
    "an item-id"
  ]
}
Aug 03, 2020 2:06:42 AM net.sourceforge.marathon.javaagent.EventQueueDevice dispatchEvent
INFO: java.awt.event.KeyEvent[KEY_PRESSED,keyCode=65,keyText=A,keyChar='a',keyLocation=KEY_LOCATION_UNKNOWN,rawCode=0,primaryLevelUnicode=0,scancode=0,extendedKeyCode=0x0] on new item id field
Aug 03, 2020 2:06:42 AM net.sourceforge.marathon.javaagent.EventQueueDevice dispatchEvent
INFO: java.awt.event.KeyEvent[KEY_TYPED,keyCode=0,keyText=Unknown keyCode: 0x0,keyChar='a',keyLocation=KEY_LOCATION_UNKNOWN,rawCode=0,primaryLevelUnicode=0,scancode=0,extendedKeyCode=0x0] on new item id field
Aug 03, 2020 2:06:42 AM net.sourceforge.marathon.javaagent.EventQueueDevice dispatchEvent
INFO: java.awt.event.KeyEvent[KEY_RELEASED,keyCode=65,keyText=A,keyChar='a',keyLocation=KEY_LOCATION_UNKNOWN,rawCode=0,primaryLevelUnicode=0,scancode=0,extendedKeyCode=0x0] on new item id field
Aug 03, 2020 2:06:42 AM net.sourceforge.marathon.javaagent.EventQueueDevice dispatchEvent
INFO: java.awt.event.KeyEvent[KEY_PRESSED,keyCode=78,keyText=N,keyChar='n',keyLocation=KEY_LOCATION_UNKNOWN,rawCode=0,primaryLevelUnicode=0,scancode=0,extendedKeyCode=0x0] on new item id field
Aug 03, 2020 2:06:42 AM net.sourceforge.marathon.javaagent.EventQueueDevice dispatchEvent
INFO: java.awt.event.KeyEvent[KEY_TYPED,keyCode=0,keyText=Unknown keyCode: 0x0,keyChar='n',keyLocation=KEY_LOCATION_UNKNOWN,rawCode=0,primaryLevelUnicode=0,scancode=0,extendedKeyCode=0x0] on new item id field
Aug 03, 2020 2:06:42 AM net.sourceforge.marathon.javaagent.EventQueueDevice dispatchEvent
INFO: java.awt.event.KeyEvent[KEY_RELEASED,keyCode=78,keyText=N,keyChar='n',keyLocation=KEY_LOCATION_UNKNOWN,rawCode=0,primaryLevelUnicode=0,scancode=0,extendedKeyCode=0x0] on new item id field
Aug 03, 2020 2:06:42 AM net.sourceforge.marathon.javaagent.EventQueueDevice dispatchEvent
INFO: java.awt.event.KeyEvent[KEY_PRESSED,keyCode=16,keyText=Shift,keyChar=Undefined keyChar,modifiers=Shift,extModifiers=Shift,keyLocation=KEY_LOCATION_UNKNOWN,rawCode=0,primaryLevelUnicode=0,scancode=0,extendedKeyCode=0x0] on new item id field
Aug 03, 2020 2:06:42 AM net.sourceforge.marathon.javaagent.EventQueueDevice dispatchEvent
INFO: java.awt.event.KeyEvent[KEY_PRESSED,keyCode=32,keyText=Space,keyChar=' ',modifiers=Shift,extModifiers=Shift,keyLocation=KEY_LOCATION_UNKNOWN,rawCode=0,primaryLevelUnicode=0,scancode=0,extendedKeyCode=0x0] on new item id field
Aug 03, 2020 2:06:42 AM net.sourceforge.marathon.javaagent.EventQueueDevice dispatchEvent
INFO: java.awt.event.KeyEvent[KEY_TYPED,keyCode=0,keyText=Unknown keyCode: 0x0,keyChar=' ',modifiers=Shift,extModifiers=Shift,keyLocation=KEY_LOCATION_UNKNOWN,rawCode=0,primaryLevelUnicode=0,scancode=0,extendedKeyCode=0x0] on new item id field
Aug 03, 2020 2:06:42 AM net.sourceforge.marathon.javaagent.EventQueueDevice dispatchEvent
INFO: java.awt.event.KeyEvent[KEY_RELEASED,keyCode=32,keyText=Space,keyChar=' ',modifiers=Shift,extModifiers=Shift,keyLocation=KEY_LOCATION_UNKNOWN,rawCode=0,primaryLevelUnicode=0,scancode=0,extendedKeyCode=0x0] on new item id field
Aug 03, 2020 2:06:42 AM net.sourceforge.marathon.javaagent.EventQueueDevice dispatchEvent
INFO: java.awt.event.KeyEvent[KEY_RELEASED,keyCode=16,keyText=Shift,keyChar=Undefined keyChar,keyLocation=KEY_LOCATION_UNKNOWN,rawCode=0,primaryLevelUnicode=0,scancode=0,extendedKeyCode=0x0] on new item id field
Aug 03, 2020 2:06:42 AM net.sourceforge.marathon.javaagent.EventQueueDevice dispatchEvent
INFO: java.awt.event.KeyEvent[KEY_PRESSED,keyCode=73,keyText=I,keyChar='i',keyLocation=KEY_LOCATION_UNKNOWN,rawCode=0,primaryLevelUnicode=0,scancode=0,extendedKeyCode=0x0] on new item id field
Aug 03, 2020 2:06:42 AM net.sourceforge.marathon.javaagent.EventQueueDevice dispatchEvent
INFO: java.awt.event.KeyEvent[KEY_TYPED,keyCode=0,keyText=Unknown keyCode: 0x0,keyChar='i',keyLocation=KEY_LOCATION_UNKNOWN,rawCode=0,primaryLevelUnicode=0,scancode=0,extendedKeyCode=0x0] on new item id field
Aug 03, 2020 2:06:42 AM net.sourceforge.marathon.javaagent.EventQueueDevice dispatchEvent
INFO: java.awt.event.KeyEvent[KEY_RELEASED,keyCode=73,keyText=I,keyChar='i',keyLocation=KEY_LOCATION_UNKNOWN,rawCode=0,primaryLevelUnicode=0,scancode=0,extendedKeyCode=0x0] on new item id field
Aug 03, 2020 2:06:42 AM net.sourceforge.marathon.javaagent.EventQueueDevice dispatchEvent
INFO: java.awt.event.KeyEvent[KEY_PRESSED,keyCode=84,keyText=T,keyChar='t',keyLocation=KEY_LOCATION_UNKNOWN,rawCode=0,primaryLevelUnicode=0,scancode=0,extendedKeyCode=0x0] on new item id field
Aug 03, 2020 2:06:42 AM net.sourceforge.marathon.javaagent.EventQueueDevice dispatchEvent
INFO: java.awt.event.KeyEvent[KEY_TYPED,keyCode=0,keyText=Unknown keyCode: 0x0,keyChar='t',keyLocation=KEY_LOCATION_UNKNOWN,rawCode=0,primaryLevelUnicode=0,scancode=0,extendedKeyCode=0x0] on new item id field
Aug 03, 2020 2:06:42 AM net.sourceforge.marathon.javaagent.EventQueueDevice dispatchEvent
INFO: java.awt.event.KeyEvent[KEY_RELEASED,keyCode=84,keyText=T,keyChar='t',keyLocation=KEY_LOCATION_UNKNOWN,rawCode=0,primaryLevelUnicode=0,scancode=0,extendedKeyCode=0x0] on new item id field
Aug 03, 2020 2:06:42 AM net.sourceforge.marathon.javaagent.EventQueueDevice dispatchEvent
INFO: java.awt.event.KeyEvent[KEY_PRESSED,keyCode=69,keyText=E,keyChar='e',keyLocation=KEY_LOCATION_UNKNOWN,rawCode=0,primaryLevelUnicode=0,scancode=0,extendedKeyCode=0x0] on new item id field
Aug 03, 2020 2:06:42 AM net.sourceforge.marathon.javaagent.EventQueueDevice dispatchEvent
INFO: java.awt.event.KeyEvent[KEY_TYPED,keyCode=0,keyText=Unknown keyCode: 0x0,keyChar='e',keyLocation=KEY_LOCATION_UNKNOWN,rawCode=0,primaryLevelUnicode=0,scancode=0,extendedKeyCode=0x0] on new item id field
Aug 03, 2020 2:06:42 AM net.sourceforge.marathon.javaagent.EventQueueDevice dispatchEvent
INFO: java.awt.event.KeyEvent[KEY_RELEASED,keyCode=69,keyText=E,keyChar='e',keyLocation=KEY_LOCATION_UNKNOWN,rawCode=0,primaryLevelUnicode=0,scancode=0,extendedKeyCode=0x0] on new item id field
Aug 03, 2020 2:06:42 AM net.sourceforge.marathon.javaagent.EventQueueDevice dispatchEvent
INFO: java.awt.event.KeyEvent[KEY_PRESSED,keyCode=77,keyText=M,keyChar='m',keyLocation=KEY_LOCATION_UNKNOWN,rawCode=0,primaryLevelUnicode=0,scancode=0,extendedKeyCode=0x0] on new item id field
Aug 03, 2020 2:06:42 AM net.sourceforge.marathon.javaagent.EventQueueDevice dispatchEvent
INFO: java.awt.event.KeyEvent[KEY_TYPED,keyCode=0,keyText=Unknown keyCode: 0x0,keyChar='m',keyLocation=KEY_LOCATION_UNKNOWN,rawCode=0,primaryLevelUnicode=0,scancode=0,extendedKeyCode=0x0] on new item id field
Aug 03, 2020 2:06:42 AM net.sourceforge.marathon.javaagent.EventQueueDevice dispatchEvent
INFO: java.awt.event.KeyEvent[KEY_RELEASED,keyCode=77,keyText=M,keyChar='m',keyLocation=KEY_LOCATION_UNKNOWN,rawCode=0,primaryLevelUnicode=0,scancode=0,extendedKeyCode=0x0] on new item id field
Aug 03, 2020 2:06:42 AM net.sourceforge.marathon.javaagent.EventQueueDevice dispatchEvent
INFO: java.awt.event.KeyEvent[KEY_PRESSED,keyCode=45,keyText=Minus,keyChar='-',keyLocation=KEY_LOCATION_UNKNOWN,rawCode=0,primaryLevelUnicode=0,scancode=0,extendedKeyCode=0x0] on new item id field
Aug 03, 2020 2:06:42 AM net.sourceforge.marathon.javaagent.EventQueueDevice dispatchEvent
INFO: java.awt.event.KeyEvent[KEY_TYPED,keyCode=0,keyText=Unknown keyCode: 0x0,keyChar='-',keyLocation=KEY_LOCATION_UNKNOWN,rawCode=0,primaryLevelUnicode=0,scancode=0,extendedKeyCode=0x0] on new item id field
Aug 03, 2020 2:06:42 AM net.sourceforge.marathon.javaagent.EventQueueDevice dispatchEvent
INFO: java.awt.event.KeyEvent[KEY_RELEASED,keyCode=45,keyText=Minus,keyChar='-',keyLocation=KEY_LOCATION_UNKNOWN,rawCode=0,primaryLevelUnicode=0,scancode=0,extendedKeyCode=0x0] on new item id field
Aug 03, 2020 2:06:42 AM net.sourceforge.marathon.javaagent.EventQueueDevice dispatchEvent
INFO: java.awt.event.KeyEvent[KEY_PRESSED,keyCode=73,keyText=I,keyChar='i',keyLocation=KEY_LOCATION_UNKNOWN,rawCode=0,primaryLevelUnicode=0,scancode=0,extendedKeyCode=0x0] on new item id field
Aug 03, 2020 2:06:42 AM net.sourceforge.marathon.javaagent.EventQueueDevice dispatchEvent
INFO: java.awt.event.KeyEvent[KEY_TYPED,keyCode=0,keyText=Unknown keyCode: 0x0,keyChar='i',keyLocation=KEY_LOCATION_UNKNOWN,rawCode=0,primaryLevelUnicode=0,scancode=0,extendedKeyCode=0x0] on new item id field
Aug 03, 2020 2:06:42 AM net.sourceforge.marathon.javaagent.EventQueueDevice dispatchEvent
INFO: java.awt.event.KeyEvent[KEY_RELEASED,keyCode=73,keyText=I,keyChar='i',keyLocation=KEY_LOCATION_UNKNOWN,rawCode=0,primaryLevelUnicode=0,scancode=0,extendedKeyCode=0x0] on new item id field
Aug 03, 2020 2:06:42 AM net.sourceforge.marathon.javaagent.EventQueueDevice dispatchEvent
INFO: java.awt.event.KeyEvent[KEY_PRESSED,keyCode=68,keyText=D,keyChar='d',keyLocation=KEY_LOCATION_UNKNOWN,rawCode=0,primaryLevelUnicode=0,scancode=0,extendedKeyCode=0x0] on new item id field
Aug 03, 2020 2:06:42 AM net.sourceforge.marathon.javaagent.EventQueueDevice dispatchEvent
INFO: java.awt.event.KeyEvent[KEY_TYPED,keyCode=0,keyText=Unknown keyCode: 0x0,keyChar='d',keyLocation=KEY_LOCATION_UNKNOWN,rawCode=0,primaryLevelUnicode=0,scancode=0,extendedKeyCode=0x0] on new item id field
Aug 03, 2020 2:06:42 AM net.sourceforge.marathon.javaagent.EventQueueDevice dispatchEvent
INFO: java.awt.event.KeyEvent[KEY_RELEASED,keyCode=68,keyText=D,keyChar='d',keyLocation=KEY_LOCATION_UNKNOWN,rawCode=0,primaryLevelUnicode=0,scancode=0,extendedKeyCode=0x0] on new item id field
Aug 03, 2020 2:06:42 AM net.sourceforge.marathon.javaagent.server.JavaServer serve
INFO: POST(/session/76a59315-3912-4f1a-b39b-418ad2c94263/element/4a77febc-023d-48f8-b84c-06fa2aa06469/value, {"id":"4a77febc-023d-48f8-b84c-06fa2aa06469","value":["an item-id"]}) = {data={"name":"sendKeysElement","sessionId":"76a59315-3912-4f1a-b39b-418ad2c94263","status":0}, status=OK}
Aug 03, 2020 2:06:42 AM net.sourceforge.marathon.javaagent.server.JavaServer serve
INFO: JavaServer.serve(POST /session/76a59315-3912-4f1a-b39b-418ad2c94263/element): {
  "using": "name",
  "value": "new item stop price field"
}
Aug 03, 2020 2:06:42 AM net.sourceforge.marathon.javaagent.server.JavaServer serve
INFO: POST(/session/76a59315-3912-4f1a-b39b-418ad2c94263/element, {"using":"name","value":"new item stop price field"}) = {data={"name":"findElement","sessionId":"76a59315-3912-4f1a-b39b-418ad2c94263","value":{"ELEMENT":"fb63c702-9cd7-4bb2-ad24-6c223031d11e"},"status":0}, status=OK}
Aug 03, 2020 2:06:42 AM net.sourceforge.marathon.javaagent.server.JavaServer serve
INFO: JavaServer.serve(POST /session/76a59315-3912-4f1a-b39b-418ad2c94263/element/fb63c702-9cd7-4bb2-ad24-6c223031d11e/clear): {
  "id": "fb63c702-9cd7-4bb2-ad24-6c223031d11e"
}
Aug 03, 2020 2:06:42 AM net.sourceforge.marathon.javaagent.server.JavaServer serve
INFO: POST(/session/76a59315-3912-4f1a-b39b-418ad2c94263/element/fb63c702-9cd7-4bb2-ad24-6c223031d11e/clear, {"id":"fb63c702-9cd7-4bb2-ad24-6c223031d11e"}) = {data={"name":"clearElement","sessionId":"76a59315-3912-4f1a-b39b-418ad2c94263","status":0}, status=OK}
Aug 03, 2020 2:06:42 AM net.sourceforge.marathon.javaagent.server.JavaServer serve
INFO: JavaServer.serve(POST /session/76a59315-3912-4f1a-b39b-418ad2c94263/element/fb63c702-9cd7-4bb2-ad24-6c223031d11e/value): {
  "id": "fb63c702-9cd7-4bb2-ad24-6c223031d11e",
  "value": [
    "11000"
  ]
}
Aug 03, 2020 2:06:43 AM net.sourceforge.marathon.javaagent.EventQueueDevice dispatchEvent
INFO: java.awt.event.KeyEvent[KEY_PRESSED,keyCode=49,keyText=1,keyChar='1',keyLocation=KEY_LOCATION_UNKNOWN,rawCode=0,primaryLevelUnicode=0,scancode=0,extendedKeyCode=0x0] on new item stop price field
Aug 03, 2020 2:06:43 AM net.sourceforge.marathon.javaagent.EventQueueDevice dispatchEvent
INFO: java.awt.event.KeyEvent[KEY_TYPED,keyCode=0,keyText=Unknown keyCode: 0x0,keyChar='1',keyLocation=KEY_LOCATION_UNKNOWN,rawCode=0,primaryLevelUnicode=0,scancode=0,extendedKeyCode=0x0] on new item stop price field
Aug 03, 2020 2:06:43 AM net.sourceforge.marathon.javaagent.EventQueueDevice dispatchEvent
INFO: java.awt.event.KeyEvent[KEY_RELEASED,keyCode=49,keyText=1,keyChar='1',keyLocation=KEY_LOCATION_UNKNOWN,rawCode=0,primaryLevelUnicode=0,scancode=0,extendedKeyCode=0x0] on new item stop price field
Aug 03, 2020 2:06:43 AM net.sourceforge.marathon.javaagent.EventQueueDevice dispatchEvent
INFO: java.awt.event.KeyEvent[KEY_PRESSED,keyCode=49,keyText=1,keyChar='1',keyLocation=KEY_LOCATION_UNKNOWN,rawCode=0,primaryLevelUnicode=0,scancode=0,extendedKeyCode=0x0] on new item stop price field
Aug 03, 2020 2:06:43 AM net.sourceforge.marathon.javaagent.EventQueueDevice dispatchEvent
INFO: java.awt.event.KeyEvent[KEY_TYPED,keyCode=0,keyText=Unknown keyCode: 0x0,keyChar='1',keyLocation=KEY_LOCATION_UNKNOWN,rawCode=0,primaryLevelUnicode=0,scancode=0,extendedKeyCode=0x0] on new item stop price field
Aug 03, 2020 2:06:43 AM net.sourceforge.marathon.javaagent.EventQueueDevice dispatchEvent
INFO: java.awt.event.KeyEvent[KEY_RELEASED,keyCode=49,keyText=1,keyChar='1',keyLocation=KEY_LOCATION_UNKNOWN,rawCode=0,primaryLevelUnicode=0,scancode=0,extendedKeyCode=0x0] on new item stop price field
Aug 03, 2020 2:06:43 AM net.sourceforge.marathon.javaagent.EventQueueDevice dispatchEvent
INFO: java.awt.event.KeyEvent[KEY_PRESSED,keyCode=48,keyText=0,keyChar='0',keyLocation=KEY_LOCATION_UNKNOWN,rawCode=0,primaryLevelUnicode=0,scancode=0,extendedKeyCode=0x0] on new item stop price field
Aug 03, 2020 2:06:43 AM net.sourceforge.marathon.javaagent.EventQueueDevice dispatchEvent
INFO: java.awt.event.KeyEvent[KEY_TYPED,keyCode=0,keyText=Unknown keyCode: 0x0,keyChar='0',keyLocation=KEY_LOCATION_UNKNOWN,rawCode=0,primaryLevelUnicode=0,scancode=0,extendedKeyCode=0x0] on new item stop price field
Aug 03, 2020 2:06:43 AM net.sourceforge.marathon.javaagent.EventQueueDevice dispatchEvent
INFO: java.awt.event.KeyEvent[KEY_RELEASED,keyCode=48,keyText=0,keyChar='0',keyLocation=KEY_LOCATION_UNKNOWN,rawCode=0,primaryLevelUnicode=0,scancode=0,extendedKeyCode=0x0] on new item stop price field
Aug 03, 2020 2:06:43 AM net.sourceforge.marathon.javaagent.EventQueueDevice dispatchEvent
INFO: java.awt.event.KeyEvent[KEY_PRESSED,keyCode=48,keyText=0,keyChar='0',keyLocation=KEY_LOCATION_UNKNOWN,rawCode=0,primaryLevelUnicode=0,scancode=0,extendedKeyCode=0x0] on new item stop price field
Aug 03, 2020 2:06:43 AM net.sourceforge.marathon.javaagent.EventQueueDevice dispatchEvent
INFO: java.awt.event.KeyEvent[KEY_TYPED,keyCode=0,keyText=Unknown keyCode: 0x0,keyChar='0',keyLocation=KEY_LOCATION_UNKNOWN,rawCode=0,primaryLevelUnicode=0,scancode=0,extendedKeyCode=0x0] on new item stop price field
Aug 03, 2020 2:06:43 AM net.sourceforge.marathon.javaagent.EventQueueDevice dispatchEvent
INFO: java.awt.event.KeyEvent[KEY_RELEASED,keyCode=48,keyText=0,keyChar='0',keyLocation=KEY_LOCATION_UNKNOWN,rawCode=0,primaryLevelUnicode=0,scancode=0,extendedKeyCode=0x0] on new item stop price field
Aug 03, 2020 2:06:43 AM net.sourceforge.marathon.javaagent.EventQueueDevice dispatchEvent
INFO: java.awt.event.KeyEvent[KEY_PRESSED,keyCode=48,keyText=0,keyChar='0',keyLocation=KEY_LOCATION_UNKNOWN,rawCode=0,primaryLevelUnicode=0,scancode=0,extendedKeyCode=0x0] on new item stop price field
Aug 03, 2020 2:06:43 AM net.sourceforge.marathon.javaagent.EventQueueDevice dispatchEvent
INFO: java.awt.event.KeyEvent[KEY_TYPED,keyCode=0,keyText=Unknown keyCode: 0x0,keyChar='0',keyLocation=KEY_LOCATION_UNKNOWN,rawCode=0,primaryLevelUnicode=0,scancode=0,extendedKeyCode=0x0] on new item stop price field
Aug 03, 2020 2:06:43 AM net.sourceforge.marathon.javaagent.EventQueueDevice dispatchEvent
INFO: java.awt.event.KeyEvent[KEY_RELEASED,keyCode=48,keyText=0,keyChar='0',keyLocation=KEY_LOCATION_UNKNOWN,rawCode=0,primaryLevelUnicode=0,scancode=0,extendedKeyCode=0x0] on new item stop price field
Aug 03, 2020 2:06:43 AM net.sourceforge.marathon.javaagent.server.JavaServer serve
INFO: POST(/session/76a59315-3912-4f1a-b39b-418ad2c94263/element/fb63c702-9cd7-4bb2-ad24-6c223031d11e/value, {"id":"fb63c702-9cd7-4bb2-ad24-6c223031d11e","value":["11000"]}) = {data={"name":"sendKeysElement","sessionId":"76a59315-3912-4f1a-b39b-418ad2c94263","status":0}, status=OK}
Aug 03, 2020 2:06:43 AM net.sourceforge.marathon.javaagent.server.JavaServer serve
INFO: JavaServer.serve(POST /session/76a59315-3912-4f1a-b39b-418ad2c94263/element): {
  "using": "name",
  "value": "join button"
}
Aug 03, 2020 2:06:43 AM net.sourceforge.marathon.javaagent.server.JavaServer serve
INFO: POST(/session/76a59315-3912-4f1a-b39b-418ad2c94263/element, {"using":"name","value":"join button"}) = {data={"name":"findElement","sessionId":"76a59315-3912-4f1a-b39b-418ad2c94263","value":{"ELEMENT":"64b519c3-e713-446d-ae5d-9cf5bf11cc60"},"status":0}, status=OK}
Aug 03, 2020 2:06:43 AM net.sourceforge.marathon.javaagent.server.JavaServer serve
INFO: JavaServer.serve(POST /session/76a59315-3912-4f1a-b39b-418ad2c94263/element/64b519c3-e713-446d-ae5d-9cf5bf11cc60/click): {
  "id": "64b519c3-e713-446d-ae5d-9cf5bf11cc60"
}
Aug 03, 2020 2:06:43 AM net.sourceforge.marathon.javaagent.EventQueueDevice dispatchEvent
INFO: java.awt.event.MouseEvent[MOUSE_PRESSED,(58,12),absolute(589,17),button=1,modifiers=Button1,extModifiers=Button1,clickCount=1] on join button
Aug 03, 2020 2:06:43 AM net.sourceforge.marathon.javaagent.EventQueueDevice dispatchEvent
INFO: java.awt.event.MouseEvent[MOUSE_RELEASED,(58,12),absolute(589,17),button=1,modifiers=Button1,clickCount=1] on join button
Aug 03, 2020 2:06:43 AM net.sourceforge.marathon.javaagent.EventQueueDevice dispatchEvent
INFO: java.awt.event.MouseEvent[MOUSE_CLICKED,(58,12),absolute(589,17),button=1,modifiers=Button1,clickCount=1] on join button
Aug 03, 2020 2:06:43 AM net.sourceforge.marathon.javaagent.server.JavaServer serve
INFO: POST(/session/76a59315-3912-4f1a-b39b-418ad2c94263/element/64b519c3-e713-446d-ae5d-9cf5bf11cc60/click, {"id":"64b519c3-e713-446d-ae5d-9cf5bf11cc60"}) = {data={"name":"clickElement","sessionId":"76a59315-3912-4f1a-b39b-418ad2c94263","status":0}, status=OK}
Aug 03, 2020 2:06:43 AM net.sourceforge.marathon.javaagent.server.JavaServer serve
INFO: JavaServer.serve(DELETE /session/76a59315-3912-4f1a-b39b-418ad2c94263/window): {}
Aug 03, 2020 2:06:43 AM net.sourceforge.marathon.javaagent.server.JavaServer serve
INFO: DELETE(/session/76a59315-3912-4f1a-b39b-418ad2c94263/window) = {data={"name":"closeSession","sessionId":"76a59315-3912-4f1a-b39b-418ad2c94263","status":0}, status=OK}
Aug 03, 2020 2:06:43 AM net.sourceforge.marathon.javaagent.server.JavaServer serve
INFO: JavaServer.serve(POST /session): {
  "desiredCapabilities": {
    "browserName": "java",
    "platform": "ANY"
  },
  "capabilities": {
    "firstMatch": [
      {
        "browserName": "java"
      }
    ]
  }
}
Aug 03, 2020 2:06:43 AM net.sourceforge.marathon.javaagent.server.JavaServer createSession
INFO: Creating device with type: EVENT_QUEUE
Aug 03, 2020 2:06:43 AM net.sourceforge.marathon.javaagent.Device getDevice
INFO: Creating a EVENT_QUEUE device
Aug 03, 2020 2:06:43 AM net.sourceforge.marathon.javaagent.server.JavaServer serve
INFO: POST(/session, {"desiredCapabilities":{"browserName":"java","platform":"ANY"},"capabilities":{"firstMatch":[{"browserName":"java"}]}}) = {data=, status=REDIRECT}
Aug 03, 2020 2:06:43 AM net.sourceforge.marathon.javaagent.server.JavaServer serve
INFO: JavaServer.serve(GET /session/7815c2d7-b9fc-43b0-8bbf-3e19a7a4cf86): {}
Aug 03, 2020 2:06:43 AM net.sourceforge.marathon.javaagent.server.JavaServer serve
INFO: GET(/session/7815c2d7-b9fc-43b0-8bbf-3e19a7a4cf86) = {data={"name":"getCapabilities","sessionId":"7815c2d7-b9fc-43b0-8bbf-3e19a7a4cf86","value":{"applicationCacheEnabled":false,"rotatable":false,"loggingPrefs":{"driver":"ALL"},"handlesAlerts":false,"databaseEnabled":false,"version":"1.0","platform":"ANY","browserConnectionEnabled":false,"nativeEvents":false,"acceptSslCerts":false,"locationContextEnabled":false,"webStorageEnabled":false,"browserName":"java","takesScreenshot":true,"javascriptEnabled":true,"cssSelectorsEnabled":false},"status":0}, status=OK}
Aug 03, 2020 2:06:43 AM org.openqa.selenium.remote.ProtocolHandshake createSession
INFO: Detected dialect: OSS
Aug 03, 2020 2:06:43 AM net.sourceforge.marathon.javaagent.server.JavaServer serve
INFO: JavaServer.serve(POST /session/7815c2d7-b9fc-43b0-8bbf-3e19a7a4cf86/element): {
  "using": "name",
  "value": "sniper reset button"
}
Aug 03, 2020 2:06:43 AM net.sourceforge.marathon.javaagent.server.JavaServer serve
INFO: POST(/session/7815c2d7-b9fc-43b0-8bbf-3e19a7a4cf86/element, {"using":"name","value":"sniper reset button"}) = {data={"name":"findElement","sessionId":"7815c2d7-b9fc-43b0-8bbf-3e19a7a4cf86","value":{"ELEMENT":"8f26bea0-b9b3-4263-9220-6bc4091f7a26"},"status":0}, status=OK}
Aug 03, 2020 2:06:43 AM net.sourceforge.marathon.javaagent.server.JavaServer serve
INFO: JavaServer.serve(POST /session/7815c2d7-b9fc-43b0-8bbf-3e19a7a4cf86/element/8f26bea0-b9b3-4263-9220-6bc4091f7a26/click): {
  "id": "8f26bea0-b9b3-4263-9220-6bc4091f7a26"
}
Aug 03, 2020 2:06:43 AM net.sourceforge.marathon.javaagent.EventQueueDevice dispatchEvent
INFO: java.awt.event.MouseEvent[MOUSE_PRESSED,(37,12),absolute(326,474),button=1,modifiers=Button1,extModifiers=Button1,clickCount=1] on sniper reset button
Aug 03, 2020 2:06:43 AM net.sourceforge.marathon.javaagent.EventQueueDevice dispatchEvent
INFO: java.awt.event.MouseEvent[MOUSE_RELEASED,(37,12),absolute(326,474),button=1,modifiers=Button1,clickCount=1] on sniper reset button
Aug 03, 2020 2:06:43 AM net.sourceforge.marathon.javaagent.EventQueueDevice dispatchEvent
INFO: java.awt.event.MouseEvent[MOUSE_CLICKED,(37,12),absolute(326,474),button=1,modifiers=Button1,clickCount=1] on sniper reset button
Aug 03, 2020 2:06:43 AM net.sourceforge.marathon.javaagent.server.JavaServer serve
INFO: POST(/session/7815c2d7-b9fc-43b0-8bbf-3e19a7a4cf86/element/8f26bea0-b9b3-4263-9220-6bc4091f7a26/click, {"id":"8f26bea0-b9b3-4263-9220-6bc4091f7a26"}) = {data={"name":"clickElement","sessionId":"7815c2d7-b9fc-43b0-8bbf-3e19a7a4cf86","status":0}, status=OK}
Aug 03, 2020 2:06:43 AM net.sourceforge.marathon.javaagent.server.JavaServer serve
INFO: JavaServer.serve(DELETE /session/7815c2d7-b9fc-43b0-8bbf-3e19a7a4cf86/window): {}
Aug 03, 2020 2:06:43 AM net.sourceforge.marathon.javaagent.server.JavaServer serve
INFO: DELETE(/session/7815c2d7-b9fc-43b0-8bbf-3e19a7a4cf86/window) = {data={"name":"closeSession","sessionId":"7815c2d7-b9fc-43b0-8bbf-3e19a7a4cf86","status":0}, status=OK}
]]></system-err>
</testsuite>
