<?xml version="1.0" encoding="UTF-8"?>
<testsuite name="goos.ui.swing.MainWindowTest" tests="3" skipped="0" failures="0" errors="0" timestamp="2020-07-25T02:06:33" hostname="buildkitsandbox" time="5.678">
  <properties/>
  <testcase name="window has expected features" classname="goos.ui.swing.MainWindowTest" time="4.638"/>
  <testcase name="make user request when join button clicked" classname="goos.ui.swing.MainWindowTest" time="0.782"/>
  <testcase name="make user request when reset button clicked" classname="goos.ui.swing.MainWindowTest" time="0.241"/>
  <system-out><![CDATA[]]></system-out>
  <system-err><![CDATA[Jul 25, 2020 2:06:37 AM net.sourceforge.marathon.javaagent.server.JavaServer serve
INFO: JavaServer.serve(POST /session): {
  "desiredCapabilities": {
    "browserName": "java",
    "platform": "ANY"
  },
  "capabilities": {
    "firstMatch": [
      {
        "browserName": "java"
      }
    ]
  }
}
Jul 25, 2020 2:06:37 AM net.sourceforge.marathon.javaagent.server.JavaServer createSession
INFO: Creating device with type: EVENT_QUEUE
Jul 25, 2020 2:06:37 AM net.sourceforge.marathon.javaagent.Device getDevice
INFO: Creating a EVENT_QUEUE device
Jul 25, 2020 2:06:37 AM net.sourceforge.marathon.javaagent.server.JavaServer serve
INFO: POST(/session, {"desiredCapabilities":{"browserName":"java","platform":"ANY"},"capabilities":{"firstMatch":[{"browserName":"java"}]}}) = {data=, status=REDIRECT}
Jul 25, 2020 2:06:37 AM net.sourceforge.marathon.javaagent.server.JavaServer serve
INFO: JavaServer.serve(GET /session/4ebf2294-e856-40e2-a3b8-ab2a817ea2ba): {}
Jul 25, 2020 2:06:37 AM net.sourceforge.marathon.javaagent.server.JavaServer serve
INFO: GET(/session/4ebf2294-e856-40e2-a3b8-ab2a817ea2ba) = {data={"name":"getCapabilities","sessionId":"4ebf2294-e856-40e2-a3b8-ab2a817ea2ba","value":{"applicationCacheEnabled":false,"rotatable":false,"loggingPrefs":{"driver":"ALL"},"handlesAlerts":false,"databaseEnabled":false,"version":"1.0","platform":"ANY","browserConnectionEnabled":false,"nativeEvents":false,"acceptSslCerts":false,"locationContextEnabled":false,"webStorageEnabled":false,"browserName":"java","takesScreenshot":true,"javascriptEnabled":true,"cssSelectorsEnabled":false},"status":0}, status=OK}
Jul 25, 2020 2:06:37 AM org.openqa.selenium.remote.ProtocolHandshake createSession
INFO: Detected dialect: OSS
Jul 25, 2020 2:06:37 AM net.sourceforge.marathon.javaagent.server.JavaServer serve
INFO: JavaServer.serve(POST /session/4ebf2294-e856-40e2-a3b8-ab2a817ea2ba/element): {
  "using": "css selector",
  "value": "."
}
Jul 25, 2020 2:06:37 AM net.sourceforge.marathon.javaagent.server.JavaServer serve
INFO: POST(/session/4ebf2294-e856-40e2-a3b8-ab2a817ea2ba/element, {"using":"css selector","value":"."}) = {data={"name":"findElement","sessionId":"4ebf2294-e856-40e2-a3b8-ab2a817ea2ba","value":{"ELEMENT":"f3ced1e3-fb85-485f-a3d1-37f5a14dc959"},"status":0}, status=OK}
Jul 25, 2020 2:06:37 AM net.sourceforge.marathon.javaagent.server.JavaServer serve
INFO: JavaServer.serve(GET /session/4ebf2294-e856-40e2-a3b8-ab2a817ea2ba/element/f3ced1e3-fb85-485f-a3d1-37f5a14dc959/attribute/name): {}
Jul 25, 2020 2:06:37 AM net.sourceforge.marathon.javaagent.server.JavaServer serve
INFO: GET(/session/4ebf2294-e856-40e2-a3b8-ab2a817ea2ba/element/f3ced1e3-fb85-485f-a3d1-37f5a14dc959/attribute/name) = {data={"name":"getElementAttribute","sessionId":"4ebf2294-e856-40e2-a3b8-ab2a817ea2ba","value":"Auction Sniper Name","status":0}, status=OK}
Jul 25, 2020 2:06:37 AM net.sourceforge.marathon.javaagent.server.JavaServer serve
INFO: JavaServer.serve(POST /session/4ebf2294-e856-40e2-a3b8-ab2a817ea2ba/element): {
  "using": "css selector",
  "value": "."
}
Jul 25, 2020 2:06:37 AM net.sourceforge.marathon.javaagent.server.JavaServer serve
INFO: POST(/session/4ebf2294-e856-40e2-a3b8-ab2a817ea2ba/element, {"using":"css selector","value":"."}) = {data={"name":"findElement","sessionId":"4ebf2294-e856-40e2-a3b8-ab2a817ea2ba","value":{"ELEMENT":"f3ced1e3-fb85-485f-a3d1-37f5a14dc959"},"status":0}, status=OK}
Jul 25, 2020 2:06:37 AM net.sourceforge.marathon.javaagent.server.JavaServer serve
INFO: JavaServer.serve(GET /session/4ebf2294-e856-40e2-a3b8-ab2a817ea2ba/element/f3ced1e3-fb85-485f-a3d1-37f5a14dc959/displayed): {}
Jul 25, 2020 2:06:37 AM net.sourceforge.marathon.javaagent.server.JavaServer serve
INFO: GET(/session/4ebf2294-e856-40e2-a3b8-ab2a817ea2ba/element/f3ced1e3-fb85-485f-a3d1-37f5a14dc959/displayed) = {data={"name":"isDisplayed","sessionId":"4ebf2294-e856-40e2-a3b8-ab2a817ea2ba","value":true,"status":0}, status=OK}
Jul 25, 2020 2:06:37 AM net.sourceforge.marathon.javaagent.server.JavaServer serve
INFO: JavaServer.serve(GET /session/4ebf2294-e856-40e2-a3b8-ab2a817ea2ba/title): {}
Jul 25, 2020 2:06:37 AM net.sourceforge.marathon.javaagent.server.JavaServer serve
INFO: GET(/session/4ebf2294-e856-40e2-a3b8-ab2a817ea2ba/title) = {data={"name":"getWindowTitle","sessionId":"4ebf2294-e856-40e2-a3b8-ab2a817ea2ba","value":"Auction Sniper","status":0}, status=OK}
Jul 25, 2020 2:06:37 AM net.sourceforge.marathon.javaagent.server.JavaServer serve
INFO: JavaServer.serve(POST /session/4ebf2294-e856-40e2-a3b8-ab2a817ea2ba/element): {
  "using": "name",
  "value": "snipers table"
}
Jul 25, 2020 2:06:37 AM net.sourceforge.marathon.javaagent.server.JavaServer serve
INFO: POST(/session/4ebf2294-e856-40e2-a3b8-ab2a817ea2ba/element, {"using":"name","value":"snipers table"}) = {data={"name":"findElement","sessionId":"4ebf2294-e856-40e2-a3b8-ab2a817ea2ba","value":{"ELEMENT":"0bdcffc0-2172-4407-9f40-92ec011861a5"},"status":0}, status=OK}
Jul 25, 2020 2:06:37 AM net.sourceforge.marathon.javaagent.server.JavaServer serve
INFO: JavaServer.serve(POST /session/4ebf2294-e856-40e2-a3b8-ab2a817ea2ba/element/0bdcffc0-2172-4407-9f40-92ec011861a5/elements): {
  "id": "0bdcffc0-2172-4407-9f40-92ec011861a5",
  "using": "css selector",
  "value": ".::header.::all-items"
}
Jul 25, 2020 2:06:37 AM net.sourceforge.marathon.javaagent.server.JavaServer serve
INFO: POST(/session/4ebf2294-e856-40e2-a3b8-ab2a817ea2ba/element/0bdcffc0-2172-4407-9f40-92ec011861a5/elements, {"using":"css selector","id":"0bdcffc0-2172-4407-9f40-92ec011861a5","value":".::header.::all-items"}) = {data={"name":"findElementsOfElement","sessionId":"4ebf2294-e856-40e2-a3b8-ab2a817ea2ba","value":[{"ELEMENT":"22667251-73bc-45e9-8c84-d358914dbb33%23%7B%22selector%22%3A%22nth-item%22%2C%22parameters%22%3A%5B1%5D%7D"},{"ELEMENT":"22667251-73bc-45e9-8c84-d358914dbb33%23%7B%22selector%22%3A%22nth-item%22%2C%22parameters%22%3A%5B2%5D%7D"},{"ELEMENT":"22667251-73bc-45e9-8c84-d358914dbb33%23%7B%22selector%22%3A%22nth-item%22%2C%22parameters%22%3A%5B3%5D%7D"},{"ELEMENT":"22667251-73bc-45e9-8c84-d358914dbb33%23%7B%22selector%22%3A%22nth-item%22%2C%22parameters%22%3A%5B4%5D%7D"}],"status":0}, status=OK}
Jul 25, 2020 2:06:37 AM net.sourceforge.marathon.javaagent.server.JavaServer serve
INFO: JavaServer.serve(GET /session/4ebf2294-e856-40e2-a3b8-ab2a817ea2ba/element/22667251-73bc-45e9-8c84-d358914dbb33%23%7B%22selector%22%3A%22nth-item%22%2C%22parameters%22%3A%5B1%5D%7D/text): {}
Jul 25, 2020 2:06:37 AM net.sourceforge.marathon.javaagent.server.JavaServer serve
INFO: GET(/session/4ebf2294-e856-40e2-a3b8-ab2a817ea2ba/element/22667251-73bc-45e9-8c84-d358914dbb33%23%7B%22selector%22%3A%22nth-item%22%2C%22parameters%22%3A%5B1%5D%7D/text) = {data={"name":"getElementText","sessionId":"4ebf2294-e856-40e2-a3b8-ab2a817ea2ba","value":"Item","status":0}, status=OK}
Jul 25, 2020 2:06:37 AM net.sourceforge.marathon.javaagent.server.JavaServer serve
INFO: JavaServer.serve(GET /session/4ebf2294-e856-40e2-a3b8-ab2a817ea2ba/element/22667251-73bc-45e9-8c84-d358914dbb33%23%7B%22selector%22%3A%22nth-item%22%2C%22parameters%22%3A%5B2%5D%7D/text): {}
Jul 25, 2020 2:06:37 AM net.sourceforge.marathon.javaagent.server.JavaServer serve
INFO: GET(/session/4ebf2294-e856-40e2-a3b8-ab2a817ea2ba/element/22667251-73bc-45e9-8c84-d358914dbb33%23%7B%22selector%22%3A%22nth-item%22%2C%22parameters%22%3A%5B2%5D%7D/text) = {data={"name":"getElementText","sessionId":"4ebf2294-e856-40e2-a3b8-ab2a817ea2ba","value":"Last Price","status":0}, status=OK}
Jul 25, 2020 2:06:37 AM net.sourceforge.marathon.javaagent.server.JavaServer serve
INFO: JavaServer.serve(GET /session/4ebf2294-e856-40e2-a3b8-ab2a817ea2ba/element/22667251-73bc-45e9-8c84-d358914dbb33%23%7B%22selector%22%3A%22nth-item%22%2C%22parameters%22%3A%5B3%5D%7D/text): {}
Jul 25, 2020 2:06:37 AM net.sourceforge.marathon.javaagent.server.JavaServer serve
INFO: GET(/session/4ebf2294-e856-40e2-a3b8-ab2a817ea2ba/element/22667251-73bc-45e9-8c84-d358914dbb33%23%7B%22selector%22%3A%22nth-item%22%2C%22parameters%22%3A%5B3%5D%7D/text) = {data={"name":"getElementText","sessionId":"4ebf2294-e856-40e2-a3b8-ab2a817ea2ba","value":"Last Bid","status":0}, status=OK}
Jul 25, 2020 2:06:37 AM net.sourceforge.marathon.javaagent.server.JavaServer serve
INFO: JavaServer.serve(GET /session/4ebf2294-e856-40e2-a3b8-ab2a817ea2ba/element/22667251-73bc-45e9-8c84-d358914dbb33%23%7B%22selector%22%3A%22nth-item%22%2C%22parameters%22%3A%5B4%5D%7D/text): {}
Jul 25, 2020 2:06:37 AM net.sourceforge.marathon.javaagent.server.JavaServer serve
INFO: GET(/session/4ebf2294-e856-40e2-a3b8-ab2a817ea2ba/element/22667251-73bc-45e9-8c84-d358914dbb33%23%7B%22selector%22%3A%22nth-item%22%2C%22parameters%22%3A%5B4%5D%7D/text) = {data={"name":"getElementText","sessionId":"4ebf2294-e856-40e2-a3b8-ab2a817ea2ba","value":"State","status":0}, status=OK}
Jul 25, 2020 2:06:37 AM net.sourceforge.marathon.javaagent.server.JavaServer serve
INFO: JavaServer.serve(DELETE /session/4ebf2294-e856-40e2-a3b8-ab2a817ea2ba/window): {}
Jul 25, 2020 2:06:37 AM net.sourceforge.marathon.javaagent.server.JavaServer serve
INFO: DELETE(/session/4ebf2294-e856-40e2-a3b8-ab2a817ea2ba/window) = {data={"name":"closeSession","sessionId":"4ebf2294-e856-40e2-a3b8-ab2a817ea2ba","status":0}, status=OK}
Jul 25, 2020 2:06:37 AM net.sourceforge.marathon.javaagent.server.JavaServer serve
INFO: JavaServer.serve(POST /session): {
  "desiredCapabilities": {
    "browserName": "java",
    "platform": "ANY"
  },
  "capabilities": {
    "firstMatch": [
      {
        "browserName": "java"
      }
    ]
  }
}
Jul 25, 2020 2:06:37 AM net.sourceforge.marathon.javaagent.server.JavaServer createSession
INFO: Creating device with type: EVENT_QUEUE
Jul 25, 2020 2:06:37 AM net.sourceforge.marathon.javaagent.Device getDevice
INFO: Creating a EVENT_QUEUE device
Jul 25, 2020 2:06:37 AM net.sourceforge.marathon.javaagent.server.JavaServer serve
INFO: POST(/session, {"desiredCapabilities":{"browserName":"java","platform":"ANY"},"capabilities":{"firstMatch":[{"browserName":"java"}]}}) = {data=, status=REDIRECT}
Jul 25, 2020 2:06:37 AM net.sourceforge.marathon.javaagent.server.JavaServer serve
INFO: JavaServer.serve(GET /session/4b2e36c0-694b-43cb-b72c-35002c3b06a3): {}
Jul 25, 2020 2:06:37 AM net.sourceforge.marathon.javaagent.server.JavaServer serve
INFO: GET(/session/4b2e36c0-694b-43cb-b72c-35002c3b06a3) = {data={"name":"getCapabilities","sessionId":"4b2e36c0-694b-43cb-b72c-35002c3b06a3","value":{"applicationCacheEnabled":false,"rotatable":false,"loggingPrefs":{"driver":"ALL"},"handlesAlerts":false,"databaseEnabled":false,"version":"1.0","platform":"ANY","browserConnectionEnabled":false,"nativeEvents":false,"acceptSslCerts":false,"locationContextEnabled":false,"webStorageEnabled":false,"browserName":"java","takesScreenshot":true,"javascriptEnabled":true,"cssSelectorsEnabled":false},"status":0}, status=OK}
Jul 25, 2020 2:06:37 AM org.openqa.selenium.remote.ProtocolHandshake createSession
INFO: Detected dialect: OSS
Jul 25, 2020 2:06:37 AM net.sourceforge.marathon.javaagent.server.JavaServer serve
INFO: JavaServer.serve(POST /session/4b2e36c0-694b-43cb-b72c-35002c3b06a3/element): {
  "using": "name",
  "value": "new item id field"
}
Jul 25, 2020 2:06:37 AM net.sourceforge.marathon.javaagent.server.JavaServer serve
INFO: POST(/session/4b2e36c0-694b-43cb-b72c-35002c3b06a3/element, {"using":"name","value":"new item id field"}) = {data={"name":"findElement","sessionId":"4b2e36c0-694b-43cb-b72c-35002c3b06a3","value":{"ELEMENT":"90c59635-3872-4c6e-8aad-9d3f251ed8a5"},"status":0}, status=OK}
Jul 25, 2020 2:06:37 AM net.sourceforge.marathon.javaagent.server.JavaServer serve
INFO: JavaServer.serve(POST /session/4b2e36c0-694b-43cb-b72c-35002c3b06a3/element/90c59635-3872-4c6e-8aad-9d3f251ed8a5/clear): {
  "id": "90c59635-3872-4c6e-8aad-9d3f251ed8a5"
}
Jul 25, 2020 2:06:37 AM net.sourceforge.marathon.javaagent.server.JavaServer serve
INFO: POST(/session/4b2e36c0-694b-43cb-b72c-35002c3b06a3/element/90c59635-3872-4c6e-8aad-9d3f251ed8a5/clear, {"id":"90c59635-3872-4c6e-8aad-9d3f251ed8a5"}) = {data={"name":"clearElement","sessionId":"4b2e36c0-694b-43cb-b72c-35002c3b06a3","status":0}, status=OK}
Jul 25, 2020 2:06:38 AM net.sourceforge.marathon.javaagent.server.JavaServer serve
INFO: JavaServer.serve(POST /session/4b2e36c0-694b-43cb-b72c-35002c3b06a3/element/90c59635-3872-4c6e-8aad-9d3f251ed8a5/value): {
  "id": "90c59635-3872-4c6e-8aad-9d3f251ed8a5",
  "value": [
    "an item-id"
  ]
}
Jul 25, 2020 2:06:38 AM net.sourceforge.marathon.javaagent.EventQueueDevice dispatchEvent
INFO: java.awt.event.KeyEvent[KEY_PRESSED,keyCode=65,keyText=A,keyChar='a',keyLocation=KEY_LOCATION_UNKNOWN,rawCode=0,primaryLevelUnicode=0,scancode=0,extendedKeyCode=0x0] on new item id field
Jul 25, 2020 2:06:38 AM net.sourceforge.marathon.javaagent.EventQueueDevice dispatchEvent
INFO: java.awt.event.KeyEvent[KEY_TYPED,keyCode=0,keyText=Unknown keyCode: 0x0,keyChar='a',keyLocation=KEY_LOCATION_UNKNOWN,rawCode=0,primaryLevelUnicode=0,scancode=0,extendedKeyCode=0x0] on new item id field
Jul 25, 2020 2:06:38 AM net.sourceforge.marathon.javaagent.EventQueueDevice dispatchEvent
INFO: java.awt.event.KeyEvent[KEY_RELEASED,keyCode=65,keyText=A,keyChar='a',keyLocation=KEY_LOCATION_UNKNOWN,rawCode=0,primaryLevelUnicode=0,scancode=0,extendedKeyCode=0x0] on new item id field
Jul 25, 2020 2:06:38 AM net.sourceforge.marathon.javaagent.EventQueueDevice dispatchEvent
INFO: java.awt.event.KeyEvent[KEY_PRESSED,keyCode=78,keyText=N,keyChar='n',keyLocation=KEY_LOCATION_UNKNOWN,rawCode=0,primaryLevelUnicode=0,scancode=0,extendedKeyCode=0x0] on new item id field
Jul 25, 2020 2:06:38 AM net.sourceforge.marathon.javaagent.EventQueueDevice dispatchEvent
INFO: java.awt.event.KeyEvent[KEY_TYPED,keyCode=0,keyText=Unknown keyCode: 0x0,keyChar='n',keyLocation=KEY_LOCATION_UNKNOWN,rawCode=0,primaryLevelUnicode=0,scancode=0,extendedKeyCode=0x0] on new item id field
Jul 25, 2020 2:06:38 AM net.sourceforge.marathon.javaagent.EventQueueDevice dispatchEvent
INFO: java.awt.event.KeyEvent[KEY_RELEASED,keyCode=78,keyText=N,keyChar='n',keyLocation=KEY_LOCATION_UNKNOWN,rawCode=0,primaryLevelUnicode=0,scancode=0,extendedKeyCode=0x0] on new item id field
Jul 25, 2020 2:06:38 AM net.sourceforge.marathon.javaagent.EventQueueDevice dispatchEvent
INFO: java.awt.event.KeyEvent[KEY_PRESSED,keyCode=16,keyText=Shift,keyChar=Undefined keyChar,modifiers=Shift,extModifiers=Shift,keyLocation=KEY_LOCATION_UNKNOWN,rawCode=0,primaryLevelUnicode=0,scancode=0,extendedKeyCode=0x0] on new item id field
Jul 25, 2020 2:06:38 AM net.sourceforge.marathon.javaagent.EventQueueDevice dispatchEvent
INFO: java.awt.event.KeyEvent[KEY_PRESSED,keyCode=32,keyText=Space,keyChar=' ',modifiers=Shift,extModifiers=Shift,keyLocation=KEY_LOCATION_UNKNOWN,rawCode=0,primaryLevelUnicode=0,scancode=0,extendedKeyCode=0x0] on new item id field
Jul 25, 2020 2:06:38 AM net.sourceforge.marathon.javaagent.EventQueueDevice dispatchEvent
INFO: java.awt.event.KeyEvent[KEY_TYPED,keyCode=0,keyText=Unknown keyCode: 0x0,keyChar=' ',modifiers=Shift,extModifiers=Shift,keyLocation=KEY_LOCATION_UNKNOWN,rawCode=0,primaryLevelUnicode=0,scancode=0,extendedKeyCode=0x0] on new item id field
Jul 25, 2020 2:06:38 AM net.sourceforge.marathon.javaagent.EventQueueDevice dispatchEvent
INFO: java.awt.event.KeyEvent[KEY_RELEASED,keyCode=32,keyText=Space,keyChar=' ',modifiers=Shift,extModifiers=Shift,keyLocation=KEY_LOCATION_UNKNOWN,rawCode=0,primaryLevelUnicode=0,scancode=0,extendedKeyCode=0x0] on new item id field
Jul 25, 2020 2:06:38 AM net.sourceforge.marathon.javaagent.EventQueueDevice dispatchEvent
INFO: java.awt.event.KeyEvent[KEY_RELEASED,keyCode=16,keyText=Shift,keyChar=Undefined keyChar,keyLocation=KEY_LOCATION_UNKNOWN,rawCode=0,primaryLevelUnicode=0,scancode=0,extendedKeyCode=0x0] on new item id field
Jul 25, 2020 2:06:38 AM net.sourceforge.marathon.javaagent.EventQueueDevice dispatchEvent
INFO: java.awt.event.KeyEvent[KEY_PRESSED,keyCode=73,keyText=I,keyChar='i',keyLocation=KEY_LOCATION_UNKNOWN,rawCode=0,primaryLevelUnicode=0,scancode=0,extendedKeyCode=0x0] on new item id field
Jul 25, 2020 2:06:38 AM net.sourceforge.marathon.javaagent.EventQueueDevice dispatchEvent
INFO: java.awt.event.KeyEvent[KEY_TYPED,keyCode=0,keyText=Unknown keyCode: 0x0,keyChar='i',keyLocation=KEY_LOCATION_UNKNOWN,rawCode=0,primaryLevelUnicode=0,scancode=0,extendedKeyCode=0x0] on new item id field
Jul 25, 2020 2:06:38 AM net.sourceforge.marathon.javaagent.EventQueueDevice dispatchEvent
INFO: java.awt.event.KeyEvent[KEY_RELEASED,keyCode=73,keyText=I,keyChar='i',keyLocation=KEY_LOCATION_UNKNOWN,rawCode=0,primaryLevelUnicode=0,scancode=0,extendedKeyCode=0x0] on new item id field
Jul 25, 2020 2:06:38 AM net.sourceforge.marathon.javaagent.EventQueueDevice dispatchEvent
INFO: java.awt.event.KeyEvent[KEY_PRESSED,keyCode=84,keyText=T,keyChar='t',keyLocation=KEY_LOCATION_UNKNOWN,rawCode=0,primaryLevelUnicode=0,scancode=0,extendedKeyCode=0x0] on new item id field
Jul 25, 2020 2:06:38 AM net.sourceforge.marathon.javaagent.EventQueueDevice dispatchEvent
INFO: java.awt.event.KeyEvent[KEY_TYPED,keyCode=0,keyText=Unknown keyCode: 0x0,keyChar='t',keyLocation=KEY_LOCATION_UNKNOWN,rawCode=0,primaryLevelUnicode=0,scancode=0,extendedKeyCode=0x0] on new item id field
Jul 25, 2020 2:06:38 AM net.sourceforge.marathon.javaagent.EventQueueDevice dispatchEvent
INFO: java.awt.event.KeyEvent[KEY_RELEASED,keyCode=84,keyText=T,keyChar='t',keyLocation=KEY_LOCATION_UNKNOWN,rawCode=0,primaryLevelUnicode=0,scancode=0,extendedKeyCode=0x0] on new item id field
Jul 25, 2020 2:06:38 AM net.sourceforge.marathon.javaagent.EventQueueDevice dispatchEvent
INFO: java.awt.event.KeyEvent[KEY_PRESSED,keyCode=69,keyText=E,keyChar='e',keyLocation=KEY_LOCATION_UNKNOWN,rawCode=0,primaryLevelUnicode=0,scancode=0,extendedKeyCode=0x0] on new item id field
Jul 25, 2020 2:06:38 AM net.sourceforge.marathon.javaagent.EventQueueDevice dispatchEvent
INFO: java.awt.event.KeyEvent[KEY_TYPED,keyCode=0,keyText=Unknown keyCode: 0x0,keyChar='e',keyLocation=KEY_LOCATION_UNKNOWN,rawCode=0,primaryLevelUnicode=0,scancode=0,extendedKeyCode=0x0] on new item id field
Jul 25, 2020 2:06:38 AM net.sourceforge.marathon.javaagent.EventQueueDevice dispatchEvent
INFO: java.awt.event.KeyEvent[KEY_RELEASED,keyCode=69,keyText=E,keyChar='e',keyLocation=KEY_LOCATION_UNKNOWN,rawCode=0,primaryLevelUnicode=0,scancode=0,extendedKeyCode=0x0] on new item id field
Jul 25, 2020 2:06:38 AM net.sourceforge.marathon.javaagent.EventQueueDevice dispatchEvent
INFO: java.awt.event.KeyEvent[KEY_PRESSED,keyCode=77,keyText=M,keyChar='m',keyLocation=KEY_LOCATION_UNKNOWN,rawCode=0,primaryLevelUnicode=0,scancode=0,extendedKeyCode=0x0] on new item id field
Jul 25, 2020 2:06:38 AM net.sourceforge.marathon.javaagent.EventQueueDevice dispatchEvent
INFO: java.awt.event.KeyEvent[KEY_TYPED,keyCode=0,keyText=Unknown keyCode: 0x0,keyChar='m',keyLocation=KEY_LOCATION_UNKNOWN,rawCode=0,primaryLevelUnicode=0,scancode=0,extendedKeyCode=0x0] on new item id field
Jul 25, 2020 2:06:38 AM net.sourceforge.marathon.javaagent.EventQueueDevice dispatchEvent
INFO: java.awt.event.KeyEvent[KEY_RELEASED,keyCode=77,keyText=M,keyChar='m',keyLocation=KEY_LOCATION_UNKNOWN,rawCode=0,primaryLevelUnicode=0,scancode=0,extendedKeyCode=0x0] on new item id field
Jul 25, 2020 2:06:38 AM net.sourceforge.marathon.javaagent.EventQueueDevice dispatchEvent
INFO: java.awt.event.KeyEvent[KEY_PRESSED,keyCode=45,keyText=Minus,keyChar='-',keyLocation=KEY_LOCATION_UNKNOWN,rawCode=0,primaryLevelUnicode=0,scancode=0,extendedKeyCode=0x0] on new item id field
Jul 25, 2020 2:06:38 AM net.sourceforge.marathon.javaagent.EventQueueDevice dispatchEvent
INFO: java.awt.event.KeyEvent[KEY_TYPED,keyCode=0,keyText=Unknown keyCode: 0x0,keyChar='-',keyLocation=KEY_LOCATION_UNKNOWN,rawCode=0,primaryLevelUnicode=0,scancode=0,extendedKeyCode=0x0] on new item id field
Jul 25, 2020 2:06:38 AM net.sourceforge.marathon.javaagent.EventQueueDevice dispatchEvent
INFO: java.awt.event.KeyEvent[KEY_RELEASED,keyCode=45,keyText=Minus,keyChar='-',keyLocation=KEY_LOCATION_UNKNOWN,rawCode=0,primaryLevelUnicode=0,scancode=0,extendedKeyCode=0x0] on new item id field
Jul 25, 2020 2:06:38 AM net.sourceforge.marathon.javaagent.EventQueueDevice dispatchEvent
INFO: java.awt.event.KeyEvent[KEY_PRESSED,keyCode=73,keyText=I,keyChar='i',keyLocation=KEY_LOCATION_UNKNOWN,rawCode=0,primaryLevelUnicode=0,scancode=0,extendedKeyCode=0x0] on new item id field
Jul 25, 2020 2:06:38 AM net.sourceforge.marathon.javaagent.EventQueueDevice dispatchEvent
INFO: java.awt.event.KeyEvent[KEY_TYPED,keyCode=0,keyText=Unknown keyCode: 0x0,keyChar='i',keyLocation=KEY_LOCATION_UNKNOWN,rawCode=0,primaryLevelUnicode=0,scancode=0,extendedKeyCode=0x0] on new item id field
Jul 25, 2020 2:06:38 AM net.sourceforge.marathon.javaagent.EventQueueDevice dispatchEvent
INFO: java.awt.event.KeyEvent[KEY_RELEASED,keyCode=73,keyText=I,keyChar='i',keyLocation=KEY_LOCATION_UNKNOWN,rawCode=0,primaryLevelUnicode=0,scancode=0,extendedKeyCode=0x0] on new item id field
Jul 25, 2020 2:06:38 AM net.sourceforge.marathon.javaagent.EventQueueDevice dispatchEvent
INFO: java.awt.event.KeyEvent[KEY_PRESSED,keyCode=68,keyText=D,keyChar='d',keyLocation=KEY_LOCATION_UNKNOWN,rawCode=0,primaryLevelUnicode=0,scancode=0,extendedKeyCode=0x0] on new item id field
Jul 25, 2020 2:06:38 AM net.sourceforge.marathon.javaagent.EventQueueDevice dispatchEvent
INFO: java.awt.event.KeyEvent[KEY_TYPED,keyCode=0,keyText=Unknown keyCode: 0x0,keyChar='d',keyLocation=KEY_LOCATION_UNKNOWN,rawCode=0,primaryLevelUnicode=0,scancode=0,extendedKeyCode=0x0] on new item id field
Jul 25, 2020 2:06:38 AM net.sourceforge.marathon.javaagent.EventQueueDevice dispatchEvent
INFO: java.awt.event.KeyEvent[KEY_RELEASED,keyCode=68,keyText=D,keyChar='d',keyLocation=KEY_LOCATION_UNKNOWN,rawCode=0,primaryLevelUnicode=0,scancode=0,extendedKeyCode=0x0] on new item id field
Jul 25, 2020 2:06:38 AM net.sourceforge.marathon.javaagent.server.JavaServer serve
INFO: POST(/session/4b2e36c0-694b-43cb-b72c-35002c3b06a3/element/90c59635-3872-4c6e-8aad-9d3f251ed8a5/value, {"id":"90c59635-3872-4c6e-8aad-9d3f251ed8a5","value":["an item-id"]}) = {data={"name":"sendKeysElement","sessionId":"4b2e36c0-694b-43cb-b72c-35002c3b06a3","status":0}, status=OK}
Jul 25, 2020 2:06:38 AM net.sourceforge.marathon.javaagent.server.JavaServer serve
INFO: JavaServer.serve(POST /session/4b2e36c0-694b-43cb-b72c-35002c3b06a3/element): {
  "using": "name",
  "value": "new item stop price field"
}
Jul 25, 2020 2:06:38 AM net.sourceforge.marathon.javaagent.server.JavaServer serve
INFO: POST(/session/4b2e36c0-694b-43cb-b72c-35002c3b06a3/element, {"using":"name","value":"new item stop price field"}) = {data={"name":"findElement","sessionId":"4b2e36c0-694b-43cb-b72c-35002c3b06a3","value":{"ELEMENT":"30cfa7b3-6178-485e-b1aa-89a1ba74691a"},"status":0}, status=OK}
Jul 25, 2020 2:06:38 AM net.sourceforge.marathon.javaagent.server.JavaServer serve
INFO: JavaServer.serve(POST /session/4b2e36c0-694b-43cb-b72c-35002c3b06a3/element/30cfa7b3-6178-485e-b1aa-89a1ba74691a/clear): {
  "id": "30cfa7b3-6178-485e-b1aa-89a1ba74691a"
}
Jul 25, 2020 2:06:38 AM net.sourceforge.marathon.javaagent.server.JavaServer serve
INFO: POST(/session/4b2e36c0-694b-43cb-b72c-35002c3b06a3/element/30cfa7b3-6178-485e-b1aa-89a1ba74691a/clear, {"id":"30cfa7b3-6178-485e-b1aa-89a1ba74691a"}) = {data={"name":"clearElement","sessionId":"4b2e36c0-694b-43cb-b72c-35002c3b06a3","status":0}, status=OK}
Jul 25, 2020 2:06:38 AM net.sourceforge.marathon.javaagent.server.JavaServer serve
INFO: JavaServer.serve(POST /session/4b2e36c0-694b-43cb-b72c-35002c3b06a3/element/30cfa7b3-6178-485e-b1aa-89a1ba74691a/value): {
  "id": "30cfa7b3-6178-485e-b1aa-89a1ba74691a",
  "value": [
    "11000"
  ]
}
Jul 25, 2020 2:06:38 AM net.sourceforge.marathon.javaagent.EventQueueDevice dispatchEvent
INFO: java.awt.event.KeyEvent[KEY_PRESSED,keyCode=49,keyText=1,keyChar='1',keyLocation=KEY_LOCATION_UNKNOWN,rawCode=0,primaryLevelUnicode=0,scancode=0,extendedKeyCode=0x0] on new item stop price field
Jul 25, 2020 2:06:38 AM net.sourceforge.marathon.javaagent.EventQueueDevice dispatchEvent
INFO: java.awt.event.KeyEvent[KEY_TYPED,keyCode=0,keyText=Unknown keyCode: 0x0,keyChar='1',keyLocation=KEY_LOCATION_UNKNOWN,rawCode=0,primaryLevelUnicode=0,scancode=0,extendedKeyCode=0x0] on new item stop price field
Jul 25, 2020 2:06:38 AM net.sourceforge.marathon.javaagent.EventQueueDevice dispatchEvent
INFO: java.awt.event.KeyEvent[KEY_RELEASED,keyCode=49,keyText=1,keyChar='1',keyLocation=KEY_LOCATION_UNKNOWN,rawCode=0,primaryLevelUnicode=0,scancode=0,extendedKeyCode=0x0] on new item stop price field
Jul 25, 2020 2:06:38 AM net.sourceforge.marathon.javaagent.EventQueueDevice dispatchEvent
INFO: java.awt.event.KeyEvent[KEY_PRESSED,keyCode=49,keyText=1,keyChar='1',keyLocation=KEY_LOCATION_UNKNOWN,rawCode=0,primaryLevelUnicode=0,scancode=0,extendedKeyCode=0x0] on new item stop price field
Jul 25, 2020 2:06:38 AM net.sourceforge.marathon.javaagent.EventQueueDevice dispatchEvent
INFO: java.awt.event.KeyEvent[KEY_TYPED,keyCode=0,keyText=Unknown keyCode: 0x0,keyChar='1',keyLocation=KEY_LOCATION_UNKNOWN,rawCode=0,primaryLevelUnicode=0,scancode=0,extendedKeyCode=0x0] on new item stop price field
Jul 25, 2020 2:06:38 AM net.sourceforge.marathon.javaagent.EventQueueDevice dispatchEvent
INFO: java.awt.event.KeyEvent[KEY_RELEASED,keyCode=49,keyText=1,keyChar='1',keyLocation=KEY_LOCATION_UNKNOWN,rawCode=0,primaryLevelUnicode=0,scancode=0,extendedKeyCode=0x0] on new item stop price field
Jul 25, 2020 2:06:38 AM net.sourceforge.marathon.javaagent.EventQueueDevice dispatchEvent
INFO: java.awt.event.KeyEvent[KEY_PRESSED,keyCode=48,keyText=0,keyChar='0',keyLocation=KEY_LOCATION_UNKNOWN,rawCode=0,primaryLevelUnicode=0,scancode=0,extendedKeyCode=0x0] on new item stop price field
Jul 25, 2020 2:06:38 AM net.sourceforge.marathon.javaagent.EventQueueDevice dispatchEvent
INFO: java.awt.event.KeyEvent[KEY_TYPED,keyCode=0,keyText=Unknown keyCode: 0x0,keyChar='0',keyLocation=KEY_LOCATION_UNKNOWN,rawCode=0,primaryLevelUnicode=0,scancode=0,extendedKeyCode=0x0] on new item stop price field
Jul 25, 2020 2:06:38 AM net.sourceforge.marathon.javaagent.EventQueueDevice dispatchEvent
INFO: java.awt.event.KeyEvent[KEY_RELEASED,keyCode=48,keyText=0,keyChar='0',keyLocation=KEY_LOCATION_UNKNOWN,rawCode=0,primaryLevelUnicode=0,scancode=0,extendedKeyCode=0x0] on new item stop price field
Jul 25, 2020 2:06:38 AM net.sourceforge.marathon.javaagent.EventQueueDevice dispatchEvent
INFO: java.awt.event.KeyEvent[KEY_PRESSED,keyCode=48,keyText=0,keyChar='0',keyLocation=KEY_LOCATION_UNKNOWN,rawCode=0,primaryLevelUnicode=0,scancode=0,extendedKeyCode=0x0] on new item stop price field
Jul 25, 2020 2:06:38 AM net.sourceforge.marathon.javaagent.EventQueueDevice dispatchEvent
INFO: java.awt.event.KeyEvent[KEY_TYPED,keyCode=0,keyText=Unknown keyCode: 0x0,keyChar='0',keyLocation=KEY_LOCATION_UNKNOWN,rawCode=0,primaryLevelUnicode=0,scancode=0,extendedKeyCode=0x0] on new item stop price field
Jul 25, 2020 2:06:38 AM net.sourceforge.marathon.javaagent.EventQueueDevice dispatchEvent
INFO: java.awt.event.KeyEvent[KEY_RELEASED,keyCode=48,keyText=0,keyChar='0',keyLocation=KEY_LOCATION_UNKNOWN,rawCode=0,primaryLevelUnicode=0,scancode=0,extendedKeyCode=0x0] on new item stop price field
Jul 25, 2020 2:06:38 AM net.sourceforge.marathon.javaagent.EventQueueDevice dispatchEvent
INFO: java.awt.event.KeyEvent[KEY_PRESSED,keyCode=48,keyText=0,keyChar='0',keyLocation=KEY_LOCATION_UNKNOWN,rawCode=0,primaryLevelUnicode=0,scancode=0,extendedKeyCode=0x0] on new item stop price field
Jul 25, 2020 2:06:38 AM net.sourceforge.marathon.javaagent.EventQueueDevice dispatchEvent
INFO: java.awt.event.KeyEvent[KEY_TYPED,keyCode=0,keyText=Unknown keyCode: 0x0,keyChar='0',keyLocation=KEY_LOCATION_UNKNOWN,rawCode=0,primaryLevelUnicode=0,scancode=0,extendedKeyCode=0x0] on new item stop price field
Jul 25, 2020 2:06:38 AM net.sourceforge.marathon.javaagent.EventQueueDevice dispatchEvent
INFO: java.awt.event.KeyEvent[KEY_RELEASED,keyCode=48,keyText=0,keyChar='0',keyLocation=KEY_LOCATION_UNKNOWN,rawCode=0,primaryLevelUnicode=0,scancode=0,extendedKeyCode=0x0] on new item stop price field
Jul 25, 2020 2:06:38 AM net.sourceforge.marathon.javaagent.server.JavaServer serve
INFO: POST(/session/4b2e36c0-694b-43cb-b72c-35002c3b06a3/element/30cfa7b3-6178-485e-b1aa-89a1ba74691a/value, {"id":"30cfa7b3-6178-485e-b1aa-89a1ba74691a","value":["11000"]}) = {data={"name":"sendKeysElement","sessionId":"4b2e36c0-694b-43cb-b72c-35002c3b06a3","status":0}, status=OK}
Jul 25, 2020 2:06:38 AM net.sourceforge.marathon.javaagent.server.JavaServer serve
INFO: JavaServer.serve(POST /session/4b2e36c0-694b-43cb-b72c-35002c3b06a3/element): {
  "using": "name",
  "value": "join button"
}
Jul 25, 2020 2:06:38 AM net.sourceforge.marathon.javaagent.server.JavaServer serve
INFO: POST(/session/4b2e36c0-694b-43cb-b72c-35002c3b06a3/element, {"using":"name","value":"join button"}) = {data={"name":"findElement","sessionId":"4b2e36c0-694b-43cb-b72c-35002c3b06a3","value":{"ELEMENT":"4c3c882c-97f8-4fd6-a6e3-818da2025ccb"},"status":0}, status=OK}
Jul 25, 2020 2:06:38 AM net.sourceforge.marathon.javaagent.server.JavaServer serve
INFO: JavaServer.serve(POST /session/4b2e36c0-694b-43cb-b72c-35002c3b06a3/element/4c3c882c-97f8-4fd6-a6e3-818da2025ccb/click): {
  "id": "4c3c882c-97f8-4fd6-a6e3-818da2025ccb"
}
Jul 25, 2020 2:06:38 AM net.sourceforge.marathon.javaagent.EventQueueDevice dispatchEvent
INFO: java.awt.event.MouseEvent[MOUSE_PRESSED,(58,12),absolute(589,17),button=1,modifiers=Button1,extModifiers=Button1,clickCount=1] on join button
Jul 25, 2020 2:06:38 AM net.sourceforge.marathon.javaagent.EventQueueDevice dispatchEvent
INFO: java.awt.event.MouseEvent[MOUSE_RELEASED,(58,12),absolute(589,17),button=1,modifiers=Button1,clickCount=1] on join button
Jul 25, 2020 2:06:38 AM net.sourceforge.marathon.javaagent.EventQueueDevice dispatchEvent
INFO: java.awt.event.MouseEvent[MOUSE_CLICKED,(58,12),absolute(589,17),button=1,modifiers=Button1,clickCount=1] on join button
Jul 25, 2020 2:06:38 AM net.sourceforge.marathon.javaagent.server.JavaServer serve
INFO: POST(/session/4b2e36c0-694b-43cb-b72c-35002c3b06a3/element/4c3c882c-97f8-4fd6-a6e3-818da2025ccb/click, {"id":"4c3c882c-97f8-4fd6-a6e3-818da2025ccb"}) = {data={"name":"clickElement","sessionId":"4b2e36c0-694b-43cb-b72c-35002c3b06a3","status":0}, status=OK}
Jul 25, 2020 2:06:38 AM net.sourceforge.marathon.javaagent.server.JavaServer serve
INFO: JavaServer.serve(DELETE /session/4b2e36c0-694b-43cb-b72c-35002c3b06a3/window): {}
Jul 25, 2020 2:06:38 AM net.sourceforge.marathon.javaagent.server.JavaServer serve
INFO: DELETE(/session/4b2e36c0-694b-43cb-b72c-35002c3b06a3/window) = {data={"name":"closeSession","sessionId":"4b2e36c0-694b-43cb-b72c-35002c3b06a3","status":0}, status=OK}
Jul 25, 2020 2:06:38 AM net.sourceforge.marathon.javaagent.server.JavaServer serve
INFO: JavaServer.serve(POST /session): {
  "desiredCapabilities": {
    "browserName": "java",
    "platform": "ANY"
  },
  "capabilities": {
    "firstMatch": [
      {
        "browserName": "java"
      }
    ]
  }
}
Jul 25, 2020 2:06:38 AM net.sourceforge.marathon.javaagent.server.JavaServer createSession
INFO: Creating device with type: EVENT_QUEUE
Jul 25, 2020 2:06:38 AM net.sourceforge.marathon.javaagent.Device getDevice
INFO: Creating a EVENT_QUEUE device
Jul 25, 2020 2:06:38 AM net.sourceforge.marathon.javaagent.server.JavaServer serve
INFO: POST(/session, {"desiredCapabilities":{"browserName":"java","platform":"ANY"},"capabilities":{"firstMatch":[{"browserName":"java"}]}}) = {data=, status=REDIRECT}
Jul 25, 2020 2:06:38 AM net.sourceforge.marathon.javaagent.server.JavaServer serve
INFO: JavaServer.serve(GET /session/edd3e601-7d08-4fa7-a5e9-124fb65aea0f): {}
Jul 25, 2020 2:06:38 AM net.sourceforge.marathon.javaagent.server.JavaServer serve
INFO: GET(/session/edd3e601-7d08-4fa7-a5e9-124fb65aea0f) = {data={"name":"getCapabilities","sessionId":"edd3e601-7d08-4fa7-a5e9-124fb65aea0f","value":{"applicationCacheEnabled":false,"rotatable":false,"loggingPrefs":{"driver":"ALL"},"handlesAlerts":false,"databaseEnabled":false,"version":"1.0","platform":"ANY","browserConnectionEnabled":false,"nativeEvents":false,"acceptSslCerts":false,"locationContextEnabled":false,"webStorageEnabled":false,"browserName":"java","takesScreenshot":true,"javascriptEnabled":true,"cssSelectorsEnabled":false},"status":0}, status=OK}
Jul 25, 2020 2:06:38 AM org.openqa.selenium.remote.ProtocolHandshake createSession
INFO: Detected dialect: OSS
Jul 25, 2020 2:06:38 AM net.sourceforge.marathon.javaagent.server.JavaServer serve
INFO: JavaServer.serve(POST /session/edd3e601-7d08-4fa7-a5e9-124fb65aea0f/element): {
  "using": "name",
  "value": "sniper reset button"
}
Jul 25, 2020 2:06:38 AM net.sourceforge.marathon.javaagent.server.JavaServer serve
INFO: POST(/session/edd3e601-7d08-4fa7-a5e9-124fb65aea0f/element, {"using":"name","value":"sniper reset button"}) = {data={"name":"findElement","sessionId":"edd3e601-7d08-4fa7-a5e9-124fb65aea0f","value":{"ELEMENT":"23d52f13-9f96-4dbc-a38b-2cfe5bba6c57"},"status":0}, status=OK}
Jul 25, 2020 2:06:38 AM net.sourceforge.marathon.javaagent.server.JavaServer serve
INFO: JavaServer.serve(POST /session/edd3e601-7d08-4fa7-a5e9-124fb65aea0f/element/23d52f13-9f96-4dbc-a38b-2cfe5bba6c57/click): {
  "id": "23d52f13-9f96-4dbc-a38b-2cfe5bba6c57"
}
Jul 25, 2020 2:06:38 AM net.sourceforge.marathon.javaagent.EventQueueDevice dispatchEvent
INFO: java.awt.event.MouseEvent[MOUSE_PRESSED,(37,12),absolute(326,474),button=1,modifiers=Button1,extModifiers=Button1,clickCount=1] on sniper reset button
Jul 25, 2020 2:06:38 AM net.sourceforge.marathon.javaagent.EventQueueDevice dispatchEvent
INFO: java.awt.event.MouseEvent[MOUSE_RELEASED,(37,12),absolute(326,474),button=1,modifiers=Button1,clickCount=1] on sniper reset button
Jul 25, 2020 2:06:38 AM net.sourceforge.marathon.javaagent.EventQueueDevice dispatchEvent
INFO: java.awt.event.MouseEvent[MOUSE_CLICKED,(37,12),absolute(326,474),button=1,modifiers=Button1,clickCount=1] on sniper reset button
Jul 25, 2020 2:06:38 AM net.sourceforge.marathon.javaagent.server.JavaServer serve
INFO: POST(/session/edd3e601-7d08-4fa7-a5e9-124fb65aea0f/element/23d52f13-9f96-4dbc-a38b-2cfe5bba6c57/click, {"id":"23d52f13-9f96-4dbc-a38b-2cfe5bba6c57"}) = {data={"name":"clickElement","sessionId":"edd3e601-7d08-4fa7-a5e9-124fb65aea0f","status":0}, status=OK}
Jul 25, 2020 2:06:38 AM net.sourceforge.marathon.javaagent.server.JavaServer serve
INFO: JavaServer.serve(DELETE /session/edd3e601-7d08-4fa7-a5e9-124fb65aea0f/window): {}
Jul 25, 2020 2:06:38 AM net.sourceforge.marathon.javaagent.server.JavaServer serve
INFO: DELETE(/session/edd3e601-7d08-4fa7-a5e9-124fb65aea0f/window) = {data={"name":"closeSession","sessionId":"edd3e601-7d08-4fa7-a5e9-124fb65aea0f","status":0}, status=OK}
]]></system-err>
</testsuite>
