<?xml version="1.0" encoding="UTF-8"?>
<testsuite name="goos.ui.swing.MainWindowTest" tests="3" skipped="0" failures="0" errors="0" timestamp="2020-06-29T02:07:24" hostname="buildkitsandbox" time="5.17">
  <properties/>
  <testcase name="window has expected features" classname="goos.ui.swing.MainWindowTest" time="4.176"/>
  <testcase name="make user request when join button clicked" classname="goos.ui.swing.MainWindowTest" time="0.769"/>
  <testcase name="make user request when reset button clicked" classname="goos.ui.swing.MainWindowTest" time="0.212"/>
  <system-out><![CDATA[]]></system-out>
  <system-err><![CDATA[Jun 29, 2020 2:07:28 AM net.sourceforge.marathon.javaagent.server.JavaServer serve
INFO: JavaServer.serve(POST /session): {
  "desiredCapabilities": {
    "browserName": "java",
    "platform": "ANY"
  },
  "capabilities": {
    "firstMatch": [
      {
        "browserName": "java"
      }
    ]
  }
}
Jun 29, 2020 2:07:28 AM net.sourceforge.marathon.javaagent.server.JavaServer createSession
INFO: Creating device with type: EVENT_QUEUE
Jun 29, 2020 2:07:28 AM net.sourceforge.marathon.javaagent.Device getDevice
INFO: Creating a EVENT_QUEUE device
Jun 29, 2020 2:07:28 AM net.sourceforge.marathon.javaagent.server.JavaServer serve
INFO: POST(/session, {"desiredCapabilities":{"browserName":"java","platform":"ANY"},"capabilities":{"firstMatch":[{"browserName":"java"}]}}) = {data=, status=REDIRECT}
Jun 29, 2020 2:07:28 AM net.sourceforge.marathon.javaagent.server.JavaServer serve
INFO: JavaServer.serve(GET /session/d1a41c0e-6d42-4c28-8004-26bd4aadf1e8): {}
Jun 29, 2020 2:07:28 AM net.sourceforge.marathon.javaagent.server.JavaServer serve
INFO: GET(/session/d1a41c0e-6d42-4c28-8004-26bd4aadf1e8) = {data={"name":"getCapabilities","sessionId":"d1a41c0e-6d42-4c28-8004-26bd4aadf1e8","value":{"applicationCacheEnabled":false,"rotatable":false,"loggingPrefs":{"driver":"ALL"},"handlesAlerts":false,"databaseEnabled":false,"version":"1.0","platform":"ANY","browserConnectionEnabled":false,"nativeEvents":false,"acceptSslCerts":false,"locationContextEnabled":false,"webStorageEnabled":false,"browserName":"java","takesScreenshot":true,"javascriptEnabled":true,"cssSelectorsEnabled":false},"status":0}, status=OK}
Jun 29, 2020 2:07:28 AM org.openqa.selenium.remote.ProtocolHandshake createSession
INFO: Detected dialect: OSS
Jun 29, 2020 2:07:28 AM net.sourceforge.marathon.javaagent.server.JavaServer serve
INFO: JavaServer.serve(POST /session/d1a41c0e-6d42-4c28-8004-26bd4aadf1e8/element): {
  "using": "css selector",
  "value": "."
}
Jun 29, 2020 2:07:28 AM net.sourceforge.marathon.javaagent.server.JavaServer serve
INFO: POST(/session/d1a41c0e-6d42-4c28-8004-26bd4aadf1e8/element, {"using":"css selector","value":"."}) = {data={"name":"findElement","sessionId":"d1a41c0e-6d42-4c28-8004-26bd4aadf1e8","value":{"ELEMENT":"23d289c8-1362-4d5c-87c2-33a9f0c8527a"},"status":0}, status=OK}
Jun 29, 2020 2:07:28 AM net.sourceforge.marathon.javaagent.server.JavaServer serve
INFO: JavaServer.serve(GET /session/d1a41c0e-6d42-4c28-8004-26bd4aadf1e8/element/23d289c8-1362-4d5c-87c2-33a9f0c8527a/attribute/name): {}
Jun 29, 2020 2:07:28 AM net.sourceforge.marathon.javaagent.server.JavaServer serve
INFO: GET(/session/d1a41c0e-6d42-4c28-8004-26bd4aadf1e8/element/23d289c8-1362-4d5c-87c2-33a9f0c8527a/attribute/name) = {data={"name":"getElementAttribute","sessionId":"d1a41c0e-6d42-4c28-8004-26bd4aadf1e8","value":"Auction Sniper Name","status":0}, status=OK}
Jun 29, 2020 2:07:28 AM net.sourceforge.marathon.javaagent.server.JavaServer serve
INFO: JavaServer.serve(POST /session/d1a41c0e-6d42-4c28-8004-26bd4aadf1e8/element): {
  "using": "css selector",
  "value": "."
}
Jun 29, 2020 2:07:28 AM net.sourceforge.marathon.javaagent.server.JavaServer serve
INFO: POST(/session/d1a41c0e-6d42-4c28-8004-26bd4aadf1e8/element, {"using":"css selector","value":"."}) = {data={"name":"findElement","sessionId":"d1a41c0e-6d42-4c28-8004-26bd4aadf1e8","value":{"ELEMENT":"23d289c8-1362-4d5c-87c2-33a9f0c8527a"},"status":0}, status=OK}
Jun 29, 2020 2:07:28 AM net.sourceforge.marathon.javaagent.server.JavaServer serve
INFO: JavaServer.serve(GET /session/d1a41c0e-6d42-4c28-8004-26bd4aadf1e8/element/23d289c8-1362-4d5c-87c2-33a9f0c8527a/displayed): {}
Jun 29, 2020 2:07:28 AM net.sourceforge.marathon.javaagent.server.JavaServer serve
INFO: GET(/session/d1a41c0e-6d42-4c28-8004-26bd4aadf1e8/element/23d289c8-1362-4d5c-87c2-33a9f0c8527a/displayed) = {data={"name":"isDisplayed","sessionId":"d1a41c0e-6d42-4c28-8004-26bd4aadf1e8","value":true,"status":0}, status=OK}
Jun 29, 2020 2:07:28 AM net.sourceforge.marathon.javaagent.server.JavaServer serve
INFO: JavaServer.serve(GET /session/d1a41c0e-6d42-4c28-8004-26bd4aadf1e8/title): {}
Jun 29, 2020 2:07:28 AM net.sourceforge.marathon.javaagent.server.JavaServer serve
INFO: GET(/session/d1a41c0e-6d42-4c28-8004-26bd4aadf1e8/title) = {data={"name":"getWindowTitle","sessionId":"d1a41c0e-6d42-4c28-8004-26bd4aadf1e8","value":"Auction Sniper","status":0}, status=OK}
Jun 29, 2020 2:07:28 AM net.sourceforge.marathon.javaagent.server.JavaServer serve
INFO: JavaServer.serve(POST /session/d1a41c0e-6d42-4c28-8004-26bd4aadf1e8/element): {
  "using": "name",
  "value": "snipers table"
}
Jun 29, 2020 2:07:28 AM net.sourceforge.marathon.javaagent.server.JavaServer serve
INFO: POST(/session/d1a41c0e-6d42-4c28-8004-26bd4aadf1e8/element, {"using":"name","value":"snipers table"}) = {data={"name":"findElement","sessionId":"d1a41c0e-6d42-4c28-8004-26bd4aadf1e8","value":{"ELEMENT":"d167d5c4-605b-4197-ac5c-976d33784de4"},"status":0}, status=OK}
Jun 29, 2020 2:07:28 AM net.sourceforge.marathon.javaagent.server.JavaServer serve
INFO: JavaServer.serve(POST /session/d1a41c0e-6d42-4c28-8004-26bd4aadf1e8/element/d167d5c4-605b-4197-ac5c-976d33784de4/elements): {
  "id": "d167d5c4-605b-4197-ac5c-976d33784de4",
  "using": "css selector",
  "value": ".::header.::all-items"
}
Jun 29, 2020 2:07:28 AM net.sourceforge.marathon.javaagent.server.JavaServer serve
INFO: POST(/session/d1a41c0e-6d42-4c28-8004-26bd4aadf1e8/element/d167d5c4-605b-4197-ac5c-976d33784de4/elements, {"using":"css selector","id":"d167d5c4-605b-4197-ac5c-976d33784de4","value":".::header.::all-items"}) = {data={"name":"findElementsOfElement","sessionId":"d1a41c0e-6d42-4c28-8004-26bd4aadf1e8","value":[{"ELEMENT":"01087428-cb93-478f-84f7-c3e8b0eaa22a%23%7B%22selector%22%3A%22nth-item%22%2C%22parameters%22%3A%5B1%5D%7D"},{"ELEMENT":"01087428-cb93-478f-84f7-c3e8b0eaa22a%23%7B%22selector%22%3A%22nth-item%22%2C%22parameters%22%3A%5B2%5D%7D"},{"ELEMENT":"01087428-cb93-478f-84f7-c3e8b0eaa22a%23%7B%22selector%22%3A%22nth-item%22%2C%22parameters%22%3A%5B3%5D%7D"},{"ELEMENT":"01087428-cb93-478f-84f7-c3e8b0eaa22a%23%7B%22selector%22%3A%22nth-item%22%2C%22parameters%22%3A%5B4%5D%7D"}],"status":0}, status=OK}
Jun 29, 2020 2:07:28 AM net.sourceforge.marathon.javaagent.server.JavaServer serve
INFO: JavaServer.serve(GET /session/d1a41c0e-6d42-4c28-8004-26bd4aadf1e8/element/01087428-cb93-478f-84f7-c3e8b0eaa22a%23%7B%22selector%22%3A%22nth-item%22%2C%22parameters%22%3A%5B1%5D%7D/text): {}
Jun 29, 2020 2:07:28 AM net.sourceforge.marathon.javaagent.server.JavaServer serve
INFO: GET(/session/d1a41c0e-6d42-4c28-8004-26bd4aadf1e8/element/01087428-cb93-478f-84f7-c3e8b0eaa22a%23%7B%22selector%22%3A%22nth-item%22%2C%22parameters%22%3A%5B1%5D%7D/text) = {data={"name":"getElementText","sessionId":"d1a41c0e-6d42-4c28-8004-26bd4aadf1e8","value":"Item","status":0}, status=OK}
Jun 29, 2020 2:07:28 AM net.sourceforge.marathon.javaagent.server.JavaServer serve
INFO: JavaServer.serve(GET /session/d1a41c0e-6d42-4c28-8004-26bd4aadf1e8/element/01087428-cb93-478f-84f7-c3e8b0eaa22a%23%7B%22selector%22%3A%22nth-item%22%2C%22parameters%22%3A%5B2%5D%7D/text): {}
Jun 29, 2020 2:07:28 AM net.sourceforge.marathon.javaagent.server.JavaServer serve
INFO: GET(/session/d1a41c0e-6d42-4c28-8004-26bd4aadf1e8/element/01087428-cb93-478f-84f7-c3e8b0eaa22a%23%7B%22selector%22%3A%22nth-item%22%2C%22parameters%22%3A%5B2%5D%7D/text) = {data={"name":"getElementText","sessionId":"d1a41c0e-6d42-4c28-8004-26bd4aadf1e8","value":"Last Price","status":0}, status=OK}
Jun 29, 2020 2:07:28 AM net.sourceforge.marathon.javaagent.server.JavaServer serve
INFO: JavaServer.serve(GET /session/d1a41c0e-6d42-4c28-8004-26bd4aadf1e8/element/01087428-cb93-478f-84f7-c3e8b0eaa22a%23%7B%22selector%22%3A%22nth-item%22%2C%22parameters%22%3A%5B3%5D%7D/text): {}
Jun 29, 2020 2:07:28 AM net.sourceforge.marathon.javaagent.server.JavaServer serve
INFO: GET(/session/d1a41c0e-6d42-4c28-8004-26bd4aadf1e8/element/01087428-cb93-478f-84f7-c3e8b0eaa22a%23%7B%22selector%22%3A%22nth-item%22%2C%22parameters%22%3A%5B3%5D%7D/text) = {data={"name":"getElementText","sessionId":"d1a41c0e-6d42-4c28-8004-26bd4aadf1e8","value":"Last Bid","status":0}, status=OK}
Jun 29, 2020 2:07:28 AM net.sourceforge.marathon.javaagent.server.JavaServer serve
INFO: JavaServer.serve(GET /session/d1a41c0e-6d42-4c28-8004-26bd4aadf1e8/element/01087428-cb93-478f-84f7-c3e8b0eaa22a%23%7B%22selector%22%3A%22nth-item%22%2C%22parameters%22%3A%5B4%5D%7D/text): {}
Jun 29, 2020 2:07:28 AM net.sourceforge.marathon.javaagent.server.JavaServer serve
INFO: GET(/session/d1a41c0e-6d42-4c28-8004-26bd4aadf1e8/element/01087428-cb93-478f-84f7-c3e8b0eaa22a%23%7B%22selector%22%3A%22nth-item%22%2C%22parameters%22%3A%5B4%5D%7D/text) = {data={"name":"getElementText","sessionId":"d1a41c0e-6d42-4c28-8004-26bd4aadf1e8","value":"State","status":0}, status=OK}
Jun 29, 2020 2:07:28 AM net.sourceforge.marathon.javaagent.server.JavaServer serve
INFO: JavaServer.serve(DELETE /session/d1a41c0e-6d42-4c28-8004-26bd4aadf1e8/window): {}
Jun 29, 2020 2:07:28 AM net.sourceforge.marathon.javaagent.server.JavaServer serve
INFO: DELETE(/session/d1a41c0e-6d42-4c28-8004-26bd4aadf1e8/window) = {data={"name":"closeSession","sessionId":"d1a41c0e-6d42-4c28-8004-26bd4aadf1e8","status":0}, status=OK}
Jun 29, 2020 2:07:28 AM net.sourceforge.marathon.javaagent.server.JavaServer serve
INFO: JavaServer.serve(POST /session): {
  "desiredCapabilities": {
    "browserName": "java",
    "platform": "ANY"
  },
  "capabilities": {
    "firstMatch": [
      {
        "browserName": "java"
      }
    ]
  }
}
Jun 29, 2020 2:07:28 AM net.sourceforge.marathon.javaagent.server.JavaServer createSession
INFO: Creating device with type: EVENT_QUEUE
Jun 29, 2020 2:07:28 AM net.sourceforge.marathon.javaagent.Device getDevice
INFO: Creating a EVENT_QUEUE device
Jun 29, 2020 2:07:28 AM net.sourceforge.marathon.javaagent.server.JavaServer serve
INFO: POST(/session, {"desiredCapabilities":{"browserName":"java","platform":"ANY"},"capabilities":{"firstMatch":[{"browserName":"java"}]}}) = {data=, status=REDIRECT}
Jun 29, 2020 2:07:28 AM net.sourceforge.marathon.javaagent.server.JavaServer serve
INFO: JavaServer.serve(GET /session/0d9276d9-220a-425b-b725-66f97f0221fa): {}
Jun 29, 2020 2:07:28 AM net.sourceforge.marathon.javaagent.server.JavaServer serve
INFO: GET(/session/0d9276d9-220a-425b-b725-66f97f0221fa) = {data={"name":"getCapabilities","sessionId":"0d9276d9-220a-425b-b725-66f97f0221fa","value":{"applicationCacheEnabled":false,"rotatable":false,"loggingPrefs":{"driver":"ALL"},"handlesAlerts":false,"databaseEnabled":false,"version":"1.0","platform":"ANY","browserConnectionEnabled":false,"nativeEvents":false,"acceptSslCerts":false,"locationContextEnabled":false,"webStorageEnabled":false,"browserName":"java","takesScreenshot":true,"javascriptEnabled":true,"cssSelectorsEnabled":false},"status":0}, status=OK}
Jun 29, 2020 2:07:28 AM org.openqa.selenium.remote.ProtocolHandshake createSession
INFO: Detected dialect: OSS
Jun 29, 2020 2:07:28 AM net.sourceforge.marathon.javaagent.server.JavaServer serve
INFO: JavaServer.serve(POST /session/0d9276d9-220a-425b-b725-66f97f0221fa/element): {
  "using": "name",
  "value": "new item id field"
}
Jun 29, 2020 2:07:28 AM net.sourceforge.marathon.javaagent.server.JavaServer serve
INFO: POST(/session/0d9276d9-220a-425b-b725-66f97f0221fa/element, {"using":"name","value":"new item id field"}) = {data={"name":"findElement","sessionId":"0d9276d9-220a-425b-b725-66f97f0221fa","value":{"ELEMENT":"9e77ef8b-fde5-46fc-b063-bc76fac23a8e"},"status":0}, status=OK}
Jun 29, 2020 2:07:28 AM net.sourceforge.marathon.javaagent.server.JavaServer serve
INFO: JavaServer.serve(POST /session/0d9276d9-220a-425b-b725-66f97f0221fa/element/9e77ef8b-fde5-46fc-b063-bc76fac23a8e/clear): {
  "id": "9e77ef8b-fde5-46fc-b063-bc76fac23a8e"
}
Jun 29, 2020 2:07:28 AM net.sourceforge.marathon.javaagent.server.JavaServer serve
INFO: POST(/session/0d9276d9-220a-425b-b725-66f97f0221fa/element/9e77ef8b-fde5-46fc-b063-bc76fac23a8e/clear, {"id":"9e77ef8b-fde5-46fc-b063-bc76fac23a8e"}) = {data={"name":"clearElement","sessionId":"0d9276d9-220a-425b-b725-66f97f0221fa","status":0}, status=OK}
Jun 29, 2020 2:07:28 AM net.sourceforge.marathon.javaagent.server.JavaServer serve
INFO: JavaServer.serve(POST /session/0d9276d9-220a-425b-b725-66f97f0221fa/element/9e77ef8b-fde5-46fc-b063-bc76fac23a8e/value): {
  "id": "9e77ef8b-fde5-46fc-b063-bc76fac23a8e",
  "value": [
    "an item-id"
  ]
}
Jun 29, 2020 2:07:28 AM net.sourceforge.marathon.javaagent.EventQueueDevice dispatchEvent
INFO: java.awt.event.KeyEvent[KEY_PRESSED,keyCode=65,keyText=A,keyChar='a',keyLocation=KEY_LOCATION_UNKNOWN,rawCode=0,primaryLevelUnicode=0,scancode=0,extendedKeyCode=0x0] on new item id field
Jun 29, 2020 2:07:28 AM net.sourceforge.marathon.javaagent.EventQueueDevice dispatchEvent
INFO: java.awt.event.KeyEvent[KEY_TYPED,keyCode=0,keyText=Unknown keyCode: 0x0,keyChar='a',keyLocation=KEY_LOCATION_UNKNOWN,rawCode=0,primaryLevelUnicode=0,scancode=0,extendedKeyCode=0x0] on new item id field
Jun 29, 2020 2:07:28 AM net.sourceforge.marathon.javaagent.EventQueueDevice dispatchEvent
INFO: java.awt.event.KeyEvent[KEY_RELEASED,keyCode=65,keyText=A,keyChar='a',keyLocation=KEY_LOCATION_UNKNOWN,rawCode=0,primaryLevelUnicode=0,scancode=0,extendedKeyCode=0x0] on new item id field
Jun 29, 2020 2:07:28 AM net.sourceforge.marathon.javaagent.EventQueueDevice dispatchEvent
INFO: java.awt.event.KeyEvent[KEY_PRESSED,keyCode=78,keyText=N,keyChar='n',keyLocation=KEY_LOCATION_UNKNOWN,rawCode=0,primaryLevelUnicode=0,scancode=0,extendedKeyCode=0x0] on new item id field
Jun 29, 2020 2:07:28 AM net.sourceforge.marathon.javaagent.EventQueueDevice dispatchEvent
INFO: java.awt.event.KeyEvent[KEY_TYPED,keyCode=0,keyText=Unknown keyCode: 0x0,keyChar='n',keyLocation=KEY_LOCATION_UNKNOWN,rawCode=0,primaryLevelUnicode=0,scancode=0,extendedKeyCode=0x0] on new item id field
Jun 29, 2020 2:07:28 AM net.sourceforge.marathon.javaagent.EventQueueDevice dispatchEvent
INFO: java.awt.event.KeyEvent[KEY_RELEASED,keyCode=78,keyText=N,keyChar='n',keyLocation=KEY_LOCATION_UNKNOWN,rawCode=0,primaryLevelUnicode=0,scancode=0,extendedKeyCode=0x0] on new item id field
Jun 29, 2020 2:07:28 AM net.sourceforge.marathon.javaagent.EventQueueDevice dispatchEvent
INFO: java.awt.event.KeyEvent[KEY_PRESSED,keyCode=16,keyText=Shift,keyChar=Undefined keyChar,modifiers=Shift,extModifiers=Shift,keyLocation=KEY_LOCATION_UNKNOWN,rawCode=0,primaryLevelUnicode=0,scancode=0,extendedKeyCode=0x0] on new item id field
Jun 29, 2020 2:07:28 AM net.sourceforge.marathon.javaagent.EventQueueDevice dispatchEvent
INFO: java.awt.event.KeyEvent[KEY_PRESSED,keyCode=32,keyText=Space,keyChar=' ',modifiers=Shift,extModifiers=Shift,keyLocation=KEY_LOCATION_UNKNOWN,rawCode=0,primaryLevelUnicode=0,scancode=0,extendedKeyCode=0x0] on new item id field
Jun 29, 2020 2:07:28 AM net.sourceforge.marathon.javaagent.EventQueueDevice dispatchEvent
INFO: java.awt.event.KeyEvent[KEY_TYPED,keyCode=0,keyText=Unknown keyCode: 0x0,keyChar=' ',modifiers=Shift,extModifiers=Shift,keyLocation=KEY_LOCATION_UNKNOWN,rawCode=0,primaryLevelUnicode=0,scancode=0,extendedKeyCode=0x0] on new item id field
Jun 29, 2020 2:07:28 AM net.sourceforge.marathon.javaagent.EventQueueDevice dispatchEvent
INFO: java.awt.event.KeyEvent[KEY_RELEASED,keyCode=32,keyText=Space,keyChar=' ',modifiers=Shift,extModifiers=Shift,keyLocation=KEY_LOCATION_UNKNOWN,rawCode=0,primaryLevelUnicode=0,scancode=0,extendedKeyCode=0x0] on new item id field
Jun 29, 2020 2:07:28 AM net.sourceforge.marathon.javaagent.EventQueueDevice dispatchEvent
INFO: java.awt.event.KeyEvent[KEY_RELEASED,keyCode=16,keyText=Shift,keyChar=Undefined keyChar,keyLocation=KEY_LOCATION_UNKNOWN,rawCode=0,primaryLevelUnicode=0,scancode=0,extendedKeyCode=0x0] on new item id field
Jun 29, 2020 2:07:28 AM net.sourceforge.marathon.javaagent.EventQueueDevice dispatchEvent
INFO: java.awt.event.KeyEvent[KEY_PRESSED,keyCode=73,keyText=I,keyChar='i',keyLocation=KEY_LOCATION_UNKNOWN,rawCode=0,primaryLevelUnicode=0,scancode=0,extendedKeyCode=0x0] on new item id field
Jun 29, 2020 2:07:28 AM net.sourceforge.marathon.javaagent.EventQueueDevice dispatchEvent
INFO: java.awt.event.KeyEvent[KEY_TYPED,keyCode=0,keyText=Unknown keyCode: 0x0,keyChar='i',keyLocation=KEY_LOCATION_UNKNOWN,rawCode=0,primaryLevelUnicode=0,scancode=0,extendedKeyCode=0x0] on new item id field
Jun 29, 2020 2:07:28 AM net.sourceforge.marathon.javaagent.EventQueueDevice dispatchEvent
INFO: java.awt.event.KeyEvent[KEY_RELEASED,keyCode=73,keyText=I,keyChar='i',keyLocation=KEY_LOCATION_UNKNOWN,rawCode=0,primaryLevelUnicode=0,scancode=0,extendedKeyCode=0x0] on new item id field
Jun 29, 2020 2:07:28 AM net.sourceforge.marathon.javaagent.EventQueueDevice dispatchEvent
INFO: java.awt.event.KeyEvent[KEY_PRESSED,keyCode=84,keyText=T,keyChar='t',keyLocation=KEY_LOCATION_UNKNOWN,rawCode=0,primaryLevelUnicode=0,scancode=0,extendedKeyCode=0x0] on new item id field
Jun 29, 2020 2:07:28 AM net.sourceforge.marathon.javaagent.EventQueueDevice dispatchEvent
INFO: java.awt.event.KeyEvent[KEY_TYPED,keyCode=0,keyText=Unknown keyCode: 0x0,keyChar='t',keyLocation=KEY_LOCATION_UNKNOWN,rawCode=0,primaryLevelUnicode=0,scancode=0,extendedKeyCode=0x0] on new item id field
Jun 29, 2020 2:07:28 AM net.sourceforge.marathon.javaagent.EventQueueDevice dispatchEvent
INFO: java.awt.event.KeyEvent[KEY_RELEASED,keyCode=84,keyText=T,keyChar='t',keyLocation=KEY_LOCATION_UNKNOWN,rawCode=0,primaryLevelUnicode=0,scancode=0,extendedKeyCode=0x0] on new item id field
Jun 29, 2020 2:07:28 AM net.sourceforge.marathon.javaagent.EventQueueDevice dispatchEvent
INFO: java.awt.event.KeyEvent[KEY_PRESSED,keyCode=69,keyText=E,keyChar='e',keyLocation=KEY_LOCATION_UNKNOWN,rawCode=0,primaryLevelUnicode=0,scancode=0,extendedKeyCode=0x0] on new item id field
Jun 29, 2020 2:07:28 AM net.sourceforge.marathon.javaagent.EventQueueDevice dispatchEvent
INFO: java.awt.event.KeyEvent[KEY_TYPED,keyCode=0,keyText=Unknown keyCode: 0x0,keyChar='e',keyLocation=KEY_LOCATION_UNKNOWN,rawCode=0,primaryLevelUnicode=0,scancode=0,extendedKeyCode=0x0] on new item id field
Jun 29, 2020 2:07:28 AM net.sourceforge.marathon.javaagent.EventQueueDevice dispatchEvent
INFO: java.awt.event.KeyEvent[KEY_RELEASED,keyCode=69,keyText=E,keyChar='e',keyLocation=KEY_LOCATION_UNKNOWN,rawCode=0,primaryLevelUnicode=0,scancode=0,extendedKeyCode=0x0] on new item id field
Jun 29, 2020 2:07:28 AM net.sourceforge.marathon.javaagent.EventQueueDevice dispatchEvent
INFO: java.awt.event.KeyEvent[KEY_PRESSED,keyCode=77,keyText=M,keyChar='m',keyLocation=KEY_LOCATION_UNKNOWN,rawCode=0,primaryLevelUnicode=0,scancode=0,extendedKeyCode=0x0] on new item id field
Jun 29, 2020 2:07:28 AM net.sourceforge.marathon.javaagent.EventQueueDevice dispatchEvent
INFO: java.awt.event.KeyEvent[KEY_TYPED,keyCode=0,keyText=Unknown keyCode: 0x0,keyChar='m',keyLocation=KEY_LOCATION_UNKNOWN,rawCode=0,primaryLevelUnicode=0,scancode=0,extendedKeyCode=0x0] on new item id field
Jun 29, 2020 2:07:28 AM net.sourceforge.marathon.javaagent.EventQueueDevice dispatchEvent
INFO: java.awt.event.KeyEvent[KEY_RELEASED,keyCode=77,keyText=M,keyChar='m',keyLocation=KEY_LOCATION_UNKNOWN,rawCode=0,primaryLevelUnicode=0,scancode=0,extendedKeyCode=0x0] on new item id field
Jun 29, 2020 2:07:28 AM net.sourceforge.marathon.javaagent.EventQueueDevice dispatchEvent
INFO: java.awt.event.KeyEvent[KEY_PRESSED,keyCode=45,keyText=Minus,keyChar='-',keyLocation=KEY_LOCATION_UNKNOWN,rawCode=0,primaryLevelUnicode=0,scancode=0,extendedKeyCode=0x0] on new item id field
Jun 29, 2020 2:07:28 AM net.sourceforge.marathon.javaagent.EventQueueDevice dispatchEvent
INFO: java.awt.event.KeyEvent[KEY_TYPED,keyCode=0,keyText=Unknown keyCode: 0x0,keyChar='-',keyLocation=KEY_LOCATION_UNKNOWN,rawCode=0,primaryLevelUnicode=0,scancode=0,extendedKeyCode=0x0] on new item id field
Jun 29, 2020 2:07:28 AM net.sourceforge.marathon.javaagent.EventQueueDevice dispatchEvent
INFO: java.awt.event.KeyEvent[KEY_RELEASED,keyCode=45,keyText=Minus,keyChar='-',keyLocation=KEY_LOCATION_UNKNOWN,rawCode=0,primaryLevelUnicode=0,scancode=0,extendedKeyCode=0x0] on new item id field
Jun 29, 2020 2:07:28 AM net.sourceforge.marathon.javaagent.EventQueueDevice dispatchEvent
INFO: java.awt.event.KeyEvent[KEY_PRESSED,keyCode=73,keyText=I,keyChar='i',keyLocation=KEY_LOCATION_UNKNOWN,rawCode=0,primaryLevelUnicode=0,scancode=0,extendedKeyCode=0x0] on new item id field
Jun 29, 2020 2:07:28 AM net.sourceforge.marathon.javaagent.EventQueueDevice dispatchEvent
INFO: java.awt.event.KeyEvent[KEY_TYPED,keyCode=0,keyText=Unknown keyCode: 0x0,keyChar='i',keyLocation=KEY_LOCATION_UNKNOWN,rawCode=0,primaryLevelUnicode=0,scancode=0,extendedKeyCode=0x0] on new item id field
Jun 29, 2020 2:07:28 AM net.sourceforge.marathon.javaagent.EventQueueDevice dispatchEvent
INFO: java.awt.event.KeyEvent[KEY_RELEASED,keyCode=73,keyText=I,keyChar='i',keyLocation=KEY_LOCATION_UNKNOWN,rawCode=0,primaryLevelUnicode=0,scancode=0,extendedKeyCode=0x0] on new item id field
Jun 29, 2020 2:07:28 AM net.sourceforge.marathon.javaagent.EventQueueDevice dispatchEvent
INFO: java.awt.event.KeyEvent[KEY_PRESSED,keyCode=68,keyText=D,keyChar='d',keyLocation=KEY_LOCATION_UNKNOWN,rawCode=0,primaryLevelUnicode=0,scancode=0,extendedKeyCode=0x0] on new item id field
Jun 29, 2020 2:07:28 AM net.sourceforge.marathon.javaagent.EventQueueDevice dispatchEvent
INFO: java.awt.event.KeyEvent[KEY_TYPED,keyCode=0,keyText=Unknown keyCode: 0x0,keyChar='d',keyLocation=KEY_LOCATION_UNKNOWN,rawCode=0,primaryLevelUnicode=0,scancode=0,extendedKeyCode=0x0] on new item id field
Jun 29, 2020 2:07:28 AM net.sourceforge.marathon.javaagent.EventQueueDevice dispatchEvent
INFO: java.awt.event.KeyEvent[KEY_RELEASED,keyCode=68,keyText=D,keyChar='d',keyLocation=KEY_LOCATION_UNKNOWN,rawCode=0,primaryLevelUnicode=0,scancode=0,extendedKeyCode=0x0] on new item id field
Jun 29, 2020 2:07:28 AM net.sourceforge.marathon.javaagent.server.JavaServer serve
INFO: POST(/session/0d9276d9-220a-425b-b725-66f97f0221fa/element/9e77ef8b-fde5-46fc-b063-bc76fac23a8e/value, {"id":"9e77ef8b-fde5-46fc-b063-bc76fac23a8e","value":["an item-id"]}) = {data={"name":"sendKeysElement","sessionId":"0d9276d9-220a-425b-b725-66f97f0221fa","status":0}, status=OK}
Jun 29, 2020 2:07:28 AM net.sourceforge.marathon.javaagent.server.JavaServer serve
INFO: JavaServer.serve(POST /session/0d9276d9-220a-425b-b725-66f97f0221fa/element): {
  "using": "name",
  "value": "new item stop price field"
}
Jun 29, 2020 2:07:28 AM net.sourceforge.marathon.javaagent.server.JavaServer serve
INFO: POST(/session/0d9276d9-220a-425b-b725-66f97f0221fa/element, {"using":"name","value":"new item stop price field"}) = {data={"name":"findElement","sessionId":"0d9276d9-220a-425b-b725-66f97f0221fa","value":{"ELEMENT":"e85ebf80-74b3-4408-806f-8e43c082bbe5"},"status":0}, status=OK}
Jun 29, 2020 2:07:28 AM net.sourceforge.marathon.javaagent.server.JavaServer serve
INFO: JavaServer.serve(POST /session/0d9276d9-220a-425b-b725-66f97f0221fa/element/e85ebf80-74b3-4408-806f-8e43c082bbe5/clear): {
  "id": "e85ebf80-74b3-4408-806f-8e43c082bbe5"
}
Jun 29, 2020 2:07:28 AM net.sourceforge.marathon.javaagent.server.JavaServer serve
INFO: POST(/session/0d9276d9-220a-425b-b725-66f97f0221fa/element/e85ebf80-74b3-4408-806f-8e43c082bbe5/clear, {"id":"e85ebf80-74b3-4408-806f-8e43c082bbe5"}) = {data={"name":"clearElement","sessionId":"0d9276d9-220a-425b-b725-66f97f0221fa","status":0}, status=OK}
Jun 29, 2020 2:07:28 AM net.sourceforge.marathon.javaagent.server.JavaServer serve
INFO: JavaServer.serve(POST /session/0d9276d9-220a-425b-b725-66f97f0221fa/element/e85ebf80-74b3-4408-806f-8e43c082bbe5/value): {
  "id": "e85ebf80-74b3-4408-806f-8e43c082bbe5",
  "value": [
    "11000"
  ]
}
Jun 29, 2020 2:07:29 AM net.sourceforge.marathon.javaagent.EventQueueDevice dispatchEvent
INFO: java.awt.event.KeyEvent[KEY_PRESSED,keyCode=49,keyText=1,keyChar='1',keyLocation=KEY_LOCATION_UNKNOWN,rawCode=0,primaryLevelUnicode=0,scancode=0,extendedKeyCode=0x0] on new item stop price field
Jun 29, 2020 2:07:29 AM net.sourceforge.marathon.javaagent.EventQueueDevice dispatchEvent
INFO: java.awt.event.KeyEvent[KEY_TYPED,keyCode=0,keyText=Unknown keyCode: 0x0,keyChar='1',keyLocation=KEY_LOCATION_UNKNOWN,rawCode=0,primaryLevelUnicode=0,scancode=0,extendedKeyCode=0x0] on new item stop price field
Jun 29, 2020 2:07:29 AM net.sourceforge.marathon.javaagent.EventQueueDevice dispatchEvent
INFO: java.awt.event.KeyEvent[KEY_RELEASED,keyCode=49,keyText=1,keyChar='1',keyLocation=KEY_LOCATION_UNKNOWN,rawCode=0,primaryLevelUnicode=0,scancode=0,extendedKeyCode=0x0] on new item stop price field
Jun 29, 2020 2:07:29 AM net.sourceforge.marathon.javaagent.EventQueueDevice dispatchEvent
INFO: java.awt.event.KeyEvent[KEY_PRESSED,keyCode=49,keyText=1,keyChar='1',keyLocation=KEY_LOCATION_UNKNOWN,rawCode=0,primaryLevelUnicode=0,scancode=0,extendedKeyCode=0x0] on new item stop price field
Jun 29, 2020 2:07:29 AM net.sourceforge.marathon.javaagent.EventQueueDevice dispatchEvent
INFO: java.awt.event.KeyEvent[KEY_TYPED,keyCode=0,keyText=Unknown keyCode: 0x0,keyChar='1',keyLocation=KEY_LOCATION_UNKNOWN,rawCode=0,primaryLevelUnicode=0,scancode=0,extendedKeyCode=0x0] on new item stop price field
Jun 29, 2020 2:07:29 AM net.sourceforge.marathon.javaagent.EventQueueDevice dispatchEvent
INFO: java.awt.event.KeyEvent[KEY_RELEASED,keyCode=49,keyText=1,keyChar='1',keyLocation=KEY_LOCATION_UNKNOWN,rawCode=0,primaryLevelUnicode=0,scancode=0,extendedKeyCode=0x0] on new item stop price field
Jun 29, 2020 2:07:29 AM net.sourceforge.marathon.javaagent.EventQueueDevice dispatchEvent
INFO: java.awt.event.KeyEvent[KEY_PRESSED,keyCode=48,keyText=0,keyChar='0',keyLocation=KEY_LOCATION_UNKNOWN,rawCode=0,primaryLevelUnicode=0,scancode=0,extendedKeyCode=0x0] on new item stop price field
Jun 29, 2020 2:07:29 AM net.sourceforge.marathon.javaagent.EventQueueDevice dispatchEvent
INFO: java.awt.event.KeyEvent[KEY_TYPED,keyCode=0,keyText=Unknown keyCode: 0x0,keyChar='0',keyLocation=KEY_LOCATION_UNKNOWN,rawCode=0,primaryLevelUnicode=0,scancode=0,extendedKeyCode=0x0] on new item stop price field
Jun 29, 2020 2:07:29 AM net.sourceforge.marathon.javaagent.EventQueueDevice dispatchEvent
INFO: java.awt.event.KeyEvent[KEY_RELEASED,keyCode=48,keyText=0,keyChar='0',keyLocation=KEY_LOCATION_UNKNOWN,rawCode=0,primaryLevelUnicode=0,scancode=0,extendedKeyCode=0x0] on new item stop price field
Jun 29, 2020 2:07:29 AM net.sourceforge.marathon.javaagent.EventQueueDevice dispatchEvent
INFO: java.awt.event.KeyEvent[KEY_PRESSED,keyCode=48,keyText=0,keyChar='0',keyLocation=KEY_LOCATION_UNKNOWN,rawCode=0,primaryLevelUnicode=0,scancode=0,extendedKeyCode=0x0] on new item stop price field
Jun 29, 2020 2:07:29 AM net.sourceforge.marathon.javaagent.EventQueueDevice dispatchEvent
INFO: java.awt.event.KeyEvent[KEY_TYPED,keyCode=0,keyText=Unknown keyCode: 0x0,keyChar='0',keyLocation=KEY_LOCATION_UNKNOWN,rawCode=0,primaryLevelUnicode=0,scancode=0,extendedKeyCode=0x0] on new item stop price field
Jun 29, 2020 2:07:29 AM net.sourceforge.marathon.javaagent.EventQueueDevice dispatchEvent
INFO: java.awt.event.KeyEvent[KEY_RELEASED,keyCode=48,keyText=0,keyChar='0',keyLocation=KEY_LOCATION_UNKNOWN,rawCode=0,primaryLevelUnicode=0,scancode=0,extendedKeyCode=0x0] on new item stop price field
Jun 29, 2020 2:07:29 AM net.sourceforge.marathon.javaagent.EventQueueDevice dispatchEvent
INFO: java.awt.event.KeyEvent[KEY_PRESSED,keyCode=48,keyText=0,keyChar='0',keyLocation=KEY_LOCATION_UNKNOWN,rawCode=0,primaryLevelUnicode=0,scancode=0,extendedKeyCode=0x0] on new item stop price field
Jun 29, 2020 2:07:29 AM net.sourceforge.marathon.javaagent.EventQueueDevice dispatchEvent
INFO: java.awt.event.KeyEvent[KEY_TYPED,keyCode=0,keyText=Unknown keyCode: 0x0,keyChar='0',keyLocation=KEY_LOCATION_UNKNOWN,rawCode=0,primaryLevelUnicode=0,scancode=0,extendedKeyCode=0x0] on new item stop price field
Jun 29, 2020 2:07:29 AM net.sourceforge.marathon.javaagent.EventQueueDevice dispatchEvent
INFO: java.awt.event.KeyEvent[KEY_RELEASED,keyCode=48,keyText=0,keyChar='0',keyLocation=KEY_LOCATION_UNKNOWN,rawCode=0,primaryLevelUnicode=0,scancode=0,extendedKeyCode=0x0] on new item stop price field
Jun 29, 2020 2:07:29 AM net.sourceforge.marathon.javaagent.server.JavaServer serve
INFO: POST(/session/0d9276d9-220a-425b-b725-66f97f0221fa/element/e85ebf80-74b3-4408-806f-8e43c082bbe5/value, {"id":"e85ebf80-74b3-4408-806f-8e43c082bbe5","value":["11000"]}) = {data={"name":"sendKeysElement","sessionId":"0d9276d9-220a-425b-b725-66f97f0221fa","status":0}, status=OK}
Jun 29, 2020 2:07:29 AM net.sourceforge.marathon.javaagent.server.JavaServer serve
INFO: JavaServer.serve(POST /session/0d9276d9-220a-425b-b725-66f97f0221fa/element): {
  "using": "name",
  "value": "join button"
}
Jun 29, 2020 2:07:29 AM net.sourceforge.marathon.javaagent.server.JavaServer serve
INFO: POST(/session/0d9276d9-220a-425b-b725-66f97f0221fa/element, {"using":"name","value":"join button"}) = {data={"name":"findElement","sessionId":"0d9276d9-220a-425b-b725-66f97f0221fa","value":{"ELEMENT":"b7762b04-102e-4793-9006-6345364d2954"},"status":0}, status=OK}
Jun 29, 2020 2:07:29 AM net.sourceforge.marathon.javaagent.server.JavaServer serve
INFO: JavaServer.serve(POST /session/0d9276d9-220a-425b-b725-66f97f0221fa/element/b7762b04-102e-4793-9006-6345364d2954/click): {
  "id": "b7762b04-102e-4793-9006-6345364d2954"
}
Jun 29, 2020 2:07:29 AM net.sourceforge.marathon.javaagent.EventQueueDevice dispatchEvent
INFO: java.awt.event.MouseEvent[MOUSE_PRESSED,(58,12),absolute(589,17),button=1,modifiers=Button1,extModifiers=Button1,clickCount=1] on join button
Jun 29, 2020 2:07:29 AM net.sourceforge.marathon.javaagent.EventQueueDevice dispatchEvent
INFO: java.awt.event.MouseEvent[MOUSE_RELEASED,(58,12),absolute(589,17),button=1,modifiers=Button1,clickCount=1] on join button
Jun 29, 2020 2:07:29 AM net.sourceforge.marathon.javaagent.EventQueueDevice dispatchEvent
INFO: java.awt.event.MouseEvent[MOUSE_CLICKED,(58,12),absolute(589,17),button=1,modifiers=Button1,clickCount=1] on join button
Jun 29, 2020 2:07:29 AM net.sourceforge.marathon.javaagent.server.JavaServer serve
INFO: POST(/session/0d9276d9-220a-425b-b725-66f97f0221fa/element/b7762b04-102e-4793-9006-6345364d2954/click, {"id":"b7762b04-102e-4793-9006-6345364d2954"}) = {data={"name":"clickElement","sessionId":"0d9276d9-220a-425b-b725-66f97f0221fa","status":0}, status=OK}
Jun 29, 2020 2:07:29 AM net.sourceforge.marathon.javaagent.server.JavaServer serve
INFO: JavaServer.serve(DELETE /session/0d9276d9-220a-425b-b725-66f97f0221fa/window): {}
Jun 29, 2020 2:07:29 AM net.sourceforge.marathon.javaagent.server.JavaServer serve
INFO: DELETE(/session/0d9276d9-220a-425b-b725-66f97f0221fa/window) = {data={"name":"closeSession","sessionId":"0d9276d9-220a-425b-b725-66f97f0221fa","status":0}, status=OK}
Jun 29, 2020 2:07:29 AM net.sourceforge.marathon.javaagent.server.JavaServer serve
INFO: JavaServer.serve(POST /session): {
  "desiredCapabilities": {
    "browserName": "java",
    "platform": "ANY"
  },
  "capabilities": {
    "firstMatch": [
      {
        "browserName": "java"
      }
    ]
  }
}
Jun 29, 2020 2:07:29 AM net.sourceforge.marathon.javaagent.server.JavaServer createSession
INFO: Creating device with type: EVENT_QUEUE
Jun 29, 2020 2:07:29 AM net.sourceforge.marathon.javaagent.Device getDevice
INFO: Creating a EVENT_QUEUE device
Jun 29, 2020 2:07:29 AM net.sourceforge.marathon.javaagent.server.JavaServer serve
INFO: POST(/session, {"desiredCapabilities":{"browserName":"java","platform":"ANY"},"capabilities":{"firstMatch":[{"browserName":"java"}]}}) = {data=, status=REDIRECT}
Jun 29, 2020 2:07:29 AM net.sourceforge.marathon.javaagent.server.JavaServer serve
INFO: JavaServer.serve(GET /session/1a59f16c-0ac4-4cad-a6f2-d9511207cfb2): {}
Jun 29, 2020 2:07:29 AM net.sourceforge.marathon.javaagent.server.JavaServer serve
INFO: GET(/session/1a59f16c-0ac4-4cad-a6f2-d9511207cfb2) = {data={"name":"getCapabilities","sessionId":"1a59f16c-0ac4-4cad-a6f2-d9511207cfb2","value":{"applicationCacheEnabled":false,"rotatable":false,"loggingPrefs":{"driver":"ALL"},"handlesAlerts":false,"databaseEnabled":false,"version":"1.0","platform":"ANY","browserConnectionEnabled":false,"nativeEvents":false,"acceptSslCerts":false,"locationContextEnabled":false,"webStorageEnabled":false,"browserName":"java","takesScreenshot":true,"javascriptEnabled":true,"cssSelectorsEnabled":false},"status":0}, status=OK}
Jun 29, 2020 2:07:29 AM org.openqa.selenium.remote.ProtocolHandshake createSession
INFO: Detected dialect: OSS
Jun 29, 2020 2:07:29 AM net.sourceforge.marathon.javaagent.server.JavaServer serve
INFO: JavaServer.serve(POST /session/1a59f16c-0ac4-4cad-a6f2-d9511207cfb2/element): {
  "using": "name",
  "value": "sniper reset button"
}
Jun 29, 2020 2:07:29 AM net.sourceforge.marathon.javaagent.server.JavaServer serve
INFO: POST(/session/1a59f16c-0ac4-4cad-a6f2-d9511207cfb2/element, {"using":"name","value":"sniper reset button"}) = {data={"name":"findElement","sessionId":"1a59f16c-0ac4-4cad-a6f2-d9511207cfb2","value":{"ELEMENT":"36962737-fbf8-4b83-9443-eb2ddfae401d"},"status":0}, status=OK}
Jun 29, 2020 2:07:29 AM net.sourceforge.marathon.javaagent.server.JavaServer serve
INFO: JavaServer.serve(POST /session/1a59f16c-0ac4-4cad-a6f2-d9511207cfb2/element/36962737-fbf8-4b83-9443-eb2ddfae401d/click): {
  "id": "36962737-fbf8-4b83-9443-eb2ddfae401d"
}
Jun 29, 2020 2:07:29 AM net.sourceforge.marathon.javaagent.EventQueueDevice dispatchEvent
INFO: java.awt.event.MouseEvent[MOUSE_PRESSED,(37,12),absolute(326,474),button=1,modifiers=Button1,extModifiers=Button1,clickCount=1] on sniper reset button
Jun 29, 2020 2:07:29 AM net.sourceforge.marathon.javaagent.EventQueueDevice dispatchEvent
INFO: java.awt.event.MouseEvent[MOUSE_RELEASED,(37,12),absolute(326,474),button=1,modifiers=Button1,clickCount=1] on sniper reset button
Jun 29, 2020 2:07:29 AM net.sourceforge.marathon.javaagent.EventQueueDevice dispatchEvent
INFO: java.awt.event.MouseEvent[MOUSE_CLICKED,(37,12),absolute(326,474),button=1,modifiers=Button1,clickCount=1] on sniper reset button
Jun 29, 2020 2:07:29 AM net.sourceforge.marathon.javaagent.server.JavaServer serve
INFO: POST(/session/1a59f16c-0ac4-4cad-a6f2-d9511207cfb2/element/36962737-fbf8-4b83-9443-eb2ddfae401d/click, {"id":"36962737-fbf8-4b83-9443-eb2ddfae401d"}) = {data={"name":"clickElement","sessionId":"1a59f16c-0ac4-4cad-a6f2-d9511207cfb2","status":0}, status=OK}
Jun 29, 2020 2:07:29 AM net.sourceforge.marathon.javaagent.server.JavaServer serve
INFO: JavaServer.serve(DELETE /session/1a59f16c-0ac4-4cad-a6f2-d9511207cfb2/window): {}
Jun 29, 2020 2:07:29 AM net.sourceforge.marathon.javaagent.server.JavaServer serve
INFO: DELETE(/session/1a59f16c-0ac4-4cad-a6f2-d9511207cfb2/window) = {data={"name":"closeSession","sessionId":"1a59f16c-0ac4-4cad-a6f2-d9511207cfb2","status":0}, status=OK}
]]></system-err>
</testsuite>
