<?xml version="1.0" encoding="UTF-8"?>
<testsuite name="goos.core.SniperStateTest" tests="6" skipped="0" failures="0" errors="0" timestamp="2020-09-15T02:07:25" hostname="buildkitsandbox" time="0.108">
  <properties/>
  <testcase name="JOINING should become LOST when closed" classname="goos.core.SniperStateTest" time="0.014"/>
  <testcase name="BIDDING should become LOST when closed" classname="goos.core.SniperStateTest" time="0.03"/>
  <testcase name="WINNING should become WON when closed" classname="goos.core.SniperStateTest" time="0.013"/>
  <testcase name="LOSING should become LOST when closed" classname="goos.core.SniperStateTest" time="0.003"/>
  <testcase name="LOST should not be closeable" classname="goos.core.SniperStateTest" time="0.012"/>
  <testcase name="WON should not be closeable" classname="goos.core.SniperStateTest" time="0.016"/>
  <system-out><![CDATA[]]></system-out>
  <system-err><![CDATA[]]></system-err>
</testsuite>
