<?xml version="1.0" encoding="UTF-8"?>
<testsuite name="Kotest" tests="2" skipped="0" failures="0" errors="2" time="2.025" hostname="bf8c8f532e69" timestamp="2021-12-21T21:39:03">
<properties>
[...]
</properties>
<testcase name="receives events from auction server after joining" classname="goos.auction.xmpp.integration.XMPPAuctionTest" time="0.224">
<error message="'org.minidns.record.InternetAddressRR org.minidns.record.InternetAddressRR.from(java.net.InetAddress)'" type="java.lang.NoSuchMethodError"><![CDATA[java.lang.NoSuchMethodError: 'org.minidns.record.InternetAddressRR org.minidns.record.InternetAddressRR.from(java.net.InetAddress)'
	at org.jivesoftware.smack.tcp.rce.IpTcpRemoteConnectionEndpoint.from(IpTcpRemoteConnectionEndpoint.java:44)
	at org.jivesoftware.smack.tcp.rce.RemoteXmppTcpConnectionEndpoints.resolveDomain(RemoteXmppTcpConnectionEndpoints.java:220)
	at org.jivesoftware.smack.tcp.rce.RemoteXmppTcpConnectionEndpoints.resolveXmppServiceDomain(RemoteXmppTcpConnectionEndpoints.java:144)
	at org.jivesoftware.smack.tcp.rce.RemoteXmppTcpConnectionEndpoints.lookup(RemoteXmppTcpConnectionEndpoints.java:95)
	at org.jivesoftware.smack.tcp.XMPPTCPConnection.connectUsingConfiguration(XMPPTCPConnection.java:590)
	at org.jivesoftware.smack.tcp.XMPPTCPConnection.connectInternal(XMPPTCPConnection.java:846)
	at org.jivesoftware.smack.AbstractXMPPConnection.connect(AbstractXMPPConnection.java:529)
	at goos.auction.xmpp.XmppAuctionDriver.createUser(XmppAuctionDriver.kt:67)
	at goos.auction.xmpp.XmppAuctionDriver.createAuctionItem--cp6pd4(XmppAuctionDriver.kt:58)
	at goos.auction.xmpp.XmppAuctionDriver.startSellingItem(XmppAuctionDriver.kt:45)
	at goos.auction.api.AuctionApiTestsKt$auctionApiTests$1$1.invokeSuspend(AuctionApiTests.kt:24)
	at goos.auction.api.AuctionApiTestsKt$auctionApiTests$1$1.invoke(AuctionApiTests.kt)
	at goos.auction.api.AuctionApiTestsKt$auctionApiTests$1$1.invoke(AuctionApiTests.kt)
	at io.kotest.core.spec.style.scopes.StringSpecRootScope$invoke$1.invokeSuspend(StringSpecRootScope.kt:72)
	at io.kotest.core.spec.style.scopes.StringSpecRootScope$invoke$1.invoke(StringSpecRootScope.kt)
	at io.kotest.core.spec.style.scopes.StringSpecRootScope$invoke$1.invoke(StringSpecRootScope.kt)
	at io.kotest.core.spec.style.scopes.RootScopeKt$addTest$1.invokeSuspend(RootScope.kt:36)
	at io.kotest.core.spec.style.scopes.RootScopeKt$addTest$1.invoke(RootScope.kt)
	at io.kotest.core.spec.style.scopes.RootScopeKt$addTest$1.invoke(RootScope.kt)
	at io.kotest.engine.test.TestCaseExecutor$execute$innerExecute$1.invokeSuspend(TestCaseExecutor.kt:73)
	at io.kotest.engine.test.TestCaseExecutor$execute$innerExecute$1.invoke(TestCaseExecutor.kt)
	at io.kotest.engine.test.TestCaseExecutor$execute$innerExecute$1.invoke(TestCaseExecutor.kt)
	at io.kotest.engine.test.interceptors.CoroutineDebugProbeInterceptor.intercept(CoroutineDebugProbeInterceptor.kt:29)
	at io.kotest.engine.test.TestCaseExecutor$execute$2$1.invokeSuspend(TestCaseExecutor.kt:78)
	at io.kotest.engine.test.TestCaseExecutor$execute$2$1.invoke(TestCaseExecutor.kt)
	at io.kotest.engine.test.TestCaseExecutor$execute$2$1.invoke(TestCaseExecutor.kt)
	at io.kotest.engine.test.interceptors.InvocationTimeoutInterceptor$intercept$3.invokeSuspend(InvocationTimeoutInterceptor.kt:43)
	at io.kotest.engine.test.interceptors.InvocationTimeoutInterceptor$intercept$3.invoke(InvocationTimeoutInterceptor.kt)
	at io.kotest.engine.test.interceptors.InvocationTimeoutInterceptor$intercept$3.invoke(InvocationTimeoutInterceptor.kt)
	at kotlinx.coroutines.intrinsics.UndispatchedKt.startUndispatchedOrReturnIgnoreTimeout(Undispatched.kt:100)
	at kotlinx.coroutines.TimeoutKt.setupTimeout(Timeout.kt:148)
	at kotlinx.coroutines.TimeoutKt.withTimeoutOrNull(Timeout.kt:104)
	at kotlinx.coroutines.TimeoutKt.withTimeoutOrNull-KLykuaI(Timeout.kt:136)
	at io.kotest.engine.test.interceptors.InvocationTimeoutInterceptor.intercept(InvocationTimeoutInterceptor.kt:42)
	at io.kotest.engine.test.TestCaseExecutor$execute$2$1.invokeSuspend(TestCaseExecutor.kt:78)
	at io.kotest.engine.test.TestCaseExecutor$execute$2$1.invoke(TestCaseExecutor.kt)
	at io.kotest.engine.test.TestCaseExecutor$execute$2$1.invoke(TestCaseExecutor.kt)
	at io.kotest.engine.test.TestInvocationInterceptor$intercept$2$3.invokeSuspend(TestInvocationInterceptor.kt:35)
	at io.kotest.engine.test.TestInvocationInterceptor$intercept$2$3.invoke(TestInvocationInterceptor.kt)
	at io.kotest.engine.test.TestInvocationInterceptor$intercept$2$3.invoke(TestInvocationInterceptor.kt)
	at io.kotest.mpp.ReplayKt.replay(replay.kt:18)
	at io.kotest.engine.test.TestInvocationInterceptor$intercept$2.invokeSuspend(TestInvocationInterceptor.kt:30)
	at io.kotest.engine.test.TestInvocationInterceptor$intercept$2.invoke(TestInvocationInterceptor.kt)
	at io.kotest.engine.test.TestInvocationInterceptor$intercept$2.invoke(TestInvocationInterceptor.kt)
	at kotlinx.coroutines.intrinsics.UndispatchedKt.startUndispatchedOrReturn(Undispatched.kt:89)
	at kotlinx.coroutines.CoroutineScopeKt.coroutineScope(CoroutineScope.kt:264)
	at io.kotest.engine.test.TestInvocationInterceptor.intercept(TestInvocationInterceptor.kt:29)
	at io.kotest.engine.test.TestCaseExecutor$execute$2$1.invokeSuspend(TestCaseExecutor.kt:78)
	at io.kotest.engine.test.TestCaseExecutor$execute$2$1.invoke(TestCaseExecutor.kt)
	at io.kotest.engine.test.TestCaseExecutor$execute$2$1.invoke(TestCaseExecutor.kt)
	at io.kotest.engine.test.interceptors.TimeoutInterceptor$intercept$3.invokeSuspend(TimeoutInterceptor.kt:34)
	at io.kotest.engine.test.interceptors.TimeoutInterceptor$intercept$3.invoke(TimeoutInterceptor.kt)
	at io.kotest.engine.test.interceptors.TimeoutInterceptor$intercept$3.invoke(TimeoutInterceptor.kt)
	at kotlinx.coroutines.intrinsics.UndispatchedKt.startUndispatchedOrReturnIgnoreTimeout(Undispatched.kt:100)
	at kotlinx.coroutines.TimeoutKt.setupTimeout(Timeout.kt:148)
	at kotlinx.coroutines.TimeoutKt.withTimeout(Timeout.kt:44)
	at kotlinx.coroutines.TimeoutKt.withTimeout-KLykuaI(Timeout.kt:72)
	at io.kotest.engine.test.interceptors.TimeoutInterceptor.intercept(TimeoutInterceptor.kt:33)
	at io.kotest.engine.test.TestCaseExecutor$execute$2$1.invokeSuspend(TestCaseExecutor.kt:78)
	at io.kotest.engine.test.TestCaseExecutor$execute$2$1.invoke(TestCaseExecutor.kt)
	at io.kotest.engine.test.TestCaseExecutor$execute$2$1.invoke(TestCaseExecutor.kt)
	at io.kotest.engine.test.interceptors.BlockedThreadTimeoutInterceptor.intercept(BlockedThreadTimeoutInterceptor.kt:74)
	at io.kotest.engine.test.TestCaseExecutor$execute$2$1.invokeSuspend(TestCaseExecutor.kt:78)
	at io.kotest.engine.test.TestCaseExecutor$execute$2$1.invoke(TestCaseExecutor.kt)
	at io.kotest.engine.test.TestCaseExecutor$execute$2$1.invoke(TestCaseExecutor.kt)
	at io.kotest.engine.test.interceptors.CoroutineLoggingInterceptor.intercept(CoroutineLoggingInterceptor.kt:30)
	at io.kotest.engine.test.TestCaseExecutor$execute$2$1.invokeSuspend(TestCaseExecutor.kt:78)
	at io.kotest.engine.test.TestCaseExecutor$execute$2$1.invoke(TestCaseExecutor.kt)
	at io.kotest.engine.test.TestCaseExecutor$execute$2$1.invoke(TestCaseExecutor.kt)
	at io.kotest.engine.test.interceptors.SoftAssertInterceptor.intercept(SoftAssertInterceptor.kt:27)
	at io.kotest.engine.test.TestCaseExecutor$execute$2$1.invokeSuspend(TestCaseExecutor.kt:78)
	at io.kotest.engine.test.TestCaseExecutor$execute$2$1.invoke(TestCaseExecutor.kt)
	at io.kotest.engine.test.TestCaseExecutor$execute$2$1.invoke(TestCaseExecutor.kt)
	at io.kotest.engine.test.interceptors.AssertionModeInterceptor.intercept(AssertionModeInterceptor.kt:25)
	at io.kotest.engine.test.TestCaseExecutor$execute$2$1.invokeSuspend(TestCaseExecutor.kt:78)
	at io.kotest.engine.test.TestCaseExecutor$execute$2$1.invoke(TestCaseExecutor.kt)
	at io.kotest.engine.test.TestCaseExecutor$execute$2$1.invoke(TestCaseExecutor.kt)
	at io.kotest.engine.test.interceptors.LifecycleInterceptor.intercept(LifecycleInterceptor.kt:50)
	at io.kotest.engine.test.TestCaseExecutor$execute$2$1.invokeSuspend(TestCaseExecutor.kt:78)
	at io.kotest.engine.test.TestCaseExecutor$execute$2$1.invoke(TestCaseExecutor.kt)
	at io.kotest.engine.test.TestCaseExecutor$execute$2$1.invoke(TestCaseExecutor.kt)
	at io.kotest.engine.test.interceptors.EnabledCheckInterceptor.intercept(EnabledCheckInterceptor.kt:31)
	at io.kotest.engine.test.TestCaseExecutor$execute$2$1.invokeSuspend(TestCaseExecutor.kt:78)
	at io.kotest.engine.test.TestCaseExecutor$execute$2$1.invoke(TestCaseExecutor.kt)
	at io.kotest.engine.test.TestCaseExecutor$execute$2$1.invoke(TestCaseExecutor.kt)
	at io.kotest.engine.test.interceptors.TestCaseExtensionInterceptor$intercept$2.invokeSuspend(TestCaseExtensionInterceptor.kt:24)
	at io.kotest.engine.test.interceptors.TestCaseExtensionInterceptor$intercept$2.invoke(TestCaseExtensionInterceptor.kt)
	at io.kotest.engine.test.interceptors.TestCaseExtensionInterceptor$intercept$2.invoke(TestCaseExtensionInterceptor.kt)
	at io.kotest.engine.test.TestExtensions.intercept(TestExtensions.kt:154)
	at io.kotest.engine.test.interceptors.TestCaseExtensionInterceptor.intercept(TestCaseExtensionInterceptor.kt:24)
	at io.kotest.engine.test.TestCaseExecutor$execute$2$1.invokeSuspend(TestCaseExecutor.kt:78)
	at io.kotest.engine.test.TestCaseExecutor$execute$2$1.invoke(TestCaseExecutor.kt)
	at io.kotest.engine.test.TestCaseExecutor$execute$2$1.invoke(TestCaseExecutor.kt)
	at io.kotest.engine.test.interceptors.CoroutineErrorCollectorInterceptor$intercept$3.invokeSuspend(CoroutineErrorCollectorInterceptor.kt:29)
	at io.kotest.engine.test.interceptors.CoroutineErrorCollectorInterceptor$intercept$3.invoke(CoroutineErrorCollectorInterceptor.kt)
	at io.kotest.engine.test.interceptors.CoroutineErrorCollectorInterceptor$intercept$3.invoke(CoroutineErrorCollectorInterceptor.kt)
	at kotlinx.coroutines.intrinsics.UndispatchedKt.startUndispatchedOrReturn(Undispatched.kt:89)
	at kotlinx.coroutines.BuildersKt__Builders_commonKt.withContext(Builders.common.kt:165)
	at kotlinx.coroutines.BuildersKt.withContext(Unknown Source)
	at io.kotest.engine.test.interceptors.CoroutineErrorCollectorInterceptor.intercept(CoroutineErrorCollectorInterceptor.kt:28)
	at io.kotest.engine.test.TestCaseExecutor$execute$2$1.invokeSuspend(TestCaseExecutor.kt:78)
	at io.kotest.engine.test.TestCaseExecutor$execute$2$1.invoke(TestCaseExecutor.kt)
	at io.kotest.engine.test.TestCaseExecutor$execute$2$1.invoke(TestCaseExecutor.kt)
	at io.kotest.engine.test.interceptors.CoroutineDispatcherFactoryInterceptor$intercept$4.invokeSuspend(coroutineDispatcherFactoryInterceptor.kt:55)
	at io.kotest.engine.test.interceptors.CoroutineDispatcherFactoryInterceptor$intercept$4.invoke(coroutineDispatcherFactoryInterceptor.kt)
	at io.kotest.engine.test.interceptors.CoroutineDispatcherFactoryInterceptor$intercept$4.invoke(coroutineDispatcherFactoryInterceptor.kt)
	at io.kotest.engine.concurrency.FixedThreadCoroutineDispatcherFactory$withDispatcher$4.invokeSuspend(FixedThreadCoroutineDispatcherFactory.kt:53)
	at &#8;&#8;&#8;(Coroutine boundary.&#8;(&#8;)
	at kotlinx.coroutines.TimeoutKt.withTimeoutOrNull(Timeout.kt:101)
	at io.kotest.engine.test.interceptors.InvocationTimeoutInterceptor.intercept(InvocationTimeoutInterceptor.kt:42)
	at io.kotest.engine.test.TestCaseExecutor$execute$2$1.invokeSuspend(TestCaseExecutor.kt:78)
	at io.kotest.engine.test.TestInvocationInterceptor$intercept$2$3.invokeSuspend(TestInvocationInterceptor.kt:35)
	at io.kotest.mpp.ReplayKt.replay(replay.kt:18)
	at io.kotest.engine.test.TestInvocationInterceptor$intercept$2.invokeSuspend(TestInvocationInterceptor.kt:30)
	at io.kotest.engine.test.TestInvocationInterceptor.intercept(TestInvocationInterceptor.kt:29)
	at io.kotest.engine.test.TestCaseExecutor$execute$2$1.invokeSuspend(TestCaseExecutor.kt:78)
	at io.kotest.engine.test.interceptors.TimeoutInterceptor$intercept$3.invokeSuspend(TimeoutInterceptor.kt:34)
	at io.kotest.engine.test.interceptors.TimeoutInterceptor.intercept(TimeoutInterceptor.kt:33)
	at io.kotest.engine.test.TestCaseExecutor$execute$2$1.invokeSuspend(TestCaseExecutor.kt:78)
	at io.kotest.engine.test.interceptors.BlockedThreadTimeoutInterceptor.intercept(BlockedThreadTimeoutInterceptor.kt:74)
	at io.kotest.engine.test.TestCaseExecutor$execute$2$1.invokeSuspend(TestCaseExecutor.kt:78)
	at io.kotest.engine.test.interceptors.CoroutineLoggingInterceptor.intercept(CoroutineLoggingInterceptor.kt:30)
	at io.kotest.engine.test.TestCaseExecutor$execute$2$1.invokeSuspend(TestCaseExecutor.kt:78)
	at io.kotest.engine.test.interceptors.SoftAssertInterceptor.intercept(SoftAssertInterceptor.kt:27)
	at io.kotest.engine.test.TestCaseExecutor$execute$2$1.invokeSuspend(TestCaseExecutor.kt:78)
	at io.kotest.engine.test.interceptors.AssertionModeInterceptor.intercept(AssertionModeInterceptor.kt:25)
	at io.kotest.engine.test.TestCaseExecutor$execute$2$1.invokeSuspend(TestCaseExecutor.kt:78)
	at io.kotest.engine.test.interceptors.LifecycleInterceptor.intercept(LifecycleInterceptor.kt:50)
	at io.kotest.engine.test.TestCaseExecutor$execute$2$1.invokeSuspend(TestCaseExecutor.kt:78)
	at io.kotest.engine.test.interceptors.EnabledCheckInterceptor.intercept(EnabledCheckInterceptor.kt:31)
	at io.kotest.engine.test.TestCaseExecutor$execute$2$1.invokeSuspend(TestCaseExecutor.kt:78)
	at io.kotest.engine.test.interceptors.TestCaseExtensionInterceptor$intercept$2.invokeSuspend(TestCaseExtensionInterceptor.kt:24)
	at io.kotest.engine.test.TestCaseExecutor$execute$2$1.invokeSuspend(TestCaseExecutor.kt:78)
	at io.kotest.engine.test.interceptors.CoroutineErrorCollectorInterceptor$intercept$3.invokeSuspend(CoroutineErrorCollectorInterceptor.kt:29)
	at io.kotest.engine.test.TestCaseExecutor$execute$2$1.invokeSuspend(TestCaseExecutor.kt:78)
	at io.kotest.engine.test.interceptors.CoroutineDispatcherFactoryInterceptor$intercept$4.invokeSuspend(coroutineDispatcherFactoryInterceptor.kt:55)
	at io.kotest.engine.concurrency.FixedThreadCoroutineDispatcherFactory$withDispatcher$4.invokeSuspend(FixedThreadCoroutineDispatcherFactory.kt:53)
	at io.kotest.engine.test.TestCaseExecutor$execute$2$1.invokeSuspend(TestCaseExecutor.kt:78)
	at io.kotest.engine.test.interceptors.SupervisorScopeInterceptor$intercept$2.invokeSuspend(SupervisorScopeInterceptor.kt:23)
	at io.kotest.engine.test.TestCaseExecutor$execute$2$1.invokeSuspend(TestCaseExecutor.kt:78)
	at io.kotest.engine.test.TestCaseExecutor$execute$2$1.invokeSuspend(TestCaseExecutor.kt:78)
	at io.kotest.engine.test.interceptors.TestFinishedInterceptor.intercept(TestFinishedInterceptor.kt:21)
	at io.kotest.engine.test.TestCaseExecutor$execute$2$1.invokeSuspend(TestCaseExecutor.kt:78)
	at io.kotest.engine.spec.runners.InstancePerTestSpecRunner$run$4.invokeSuspend(InstancePerTestSpecRunner.kt:163)
	at io.kotest.engine.spec.runners.InstancePerTestSpecRunner.run-0E7RQCE(InstancePerTestSpecRunner.kt:119)
	at io.kotest.engine.spec.runners.InstancePerTestSpecRunner$executeInCleanSpec$2$1$1.invokeSuspend(InstancePerTestSpecRunner.kt:107)
	at io.kotest.engine.spec.SpecExtensions$intercept$initial$1.invokeSuspend(SpecExtensions.kt:143)
	at io.kotest.engine.spec.SpecExtensions.intercept(SpecExtensions.kt:154)
	at io.kotest.engine.spec.runners.InstancePerTestSpecRunner.executeInCleanSpec-gIAlu-s(InstancePerTestSpecRunner.kt:105)
	at io.kotest.engine.spec.runners.InstancePerTestSpecRunner$execute$2$1.invokeSuspend(InstancePerTestSpecRunner.kt:83)
	at io.kotest.engine.test.scheduler.SequentialTestScheduler$schedule$3$1$1.invokeSuspend(SequentialTestScheduler.kt:20)
Caused by: java.lang.NoSuchMethodError: 'org.minidns.record.InternetAddressRR org.minidns.record.InternetAddressRR.from(java.net.InetAddress)'
	at org.jivesoftware.smack.tcp.rce.IpTcpRemoteConnectionEndpoint.from(IpTcpRemoteConnectionEndpoint.java:44)
	at org.jivesoftware.smack.tcp.rce.RemoteXmppTcpConnectionEndpoints.resolveDomain(RemoteXmppTcpConnectionEndpoints.java:220)
	at org.jivesoftware.smack.tcp.rce.RemoteXmppTcpConnectionEndpoints.resolveXmppServiceDomain(RemoteXmppTcpConnectionEndpoints.java:144)
	at org.jivesoftware.smack.tcp.rce.RemoteXmppTcpConnectionEndpoints.lookup(RemoteXmppTcpConnectionEndpoints.java:95)
	at org.jivesoftware.smack.tcp.XMPPTCPConnection.connectUsingConfiguration(XMPPTCPConnection.java:590)
	at org.jivesoftware.smack.tcp.XMPPTCPConnection.connectInternal(XMPPTCPConnection.java:846)
	at org.jivesoftware.smack.AbstractXMPPConnection.connect(AbstractXMPPConnection.java:529)
	at goos.auction.xmpp.XmppAuctionDriver.createUser(XmppAuctionDriver.kt:67)
	at goos.auction.xmpp.XmppAuctionDriver.createAuctionItem--cp6pd4(XmppAuctionDriver.kt:58)
	at goos.auction.xmpp.XmppAuctionDriver.startSellingItem(XmppAuctionDriver.kt:45)
	at goos.auction.api.AuctionApiTestsKt$auctionApiTests$1$1.invokeSuspend(AuctionApiTests.kt:24)
	at goos.auction.api.AuctionApiTestsKt$auctionApiTests$1$1.invoke(AuctionApiTests.kt)
	at goos.auction.api.AuctionApiTestsKt$auctionApiTests$1$1.invoke(AuctionApiTests.kt)
	at io.kotest.core.spec.style.scopes.StringSpecRootScope$invoke$1.invokeSuspend(StringSpecRootScope.kt:72)
	at io.kotest.core.spec.style.scopes.StringSpecRootScope$invoke$1.invoke(StringSpecRootScope.kt)
	at io.kotest.core.spec.style.scopes.StringSpecRootScope$invoke$1.invoke(StringSpecRootScope.kt)
	at io.kotest.core.spec.style.scopes.RootScopeKt$addTest$1.invokeSuspend(RootScope.kt:36)
	at io.kotest.core.spec.style.scopes.RootScopeKt$addTest$1.invoke(RootScope.kt)
	at io.kotest.core.spec.style.scopes.RootScopeKt$addTest$1.invoke(RootScope.kt)
	at io.kotest.engine.test.TestCaseExecutor$execute$innerExecute$1.invokeSuspend(TestCaseExecutor.kt:73)
	at io.kotest.engine.test.TestCaseExecutor$execute$innerExecute$1.invoke(TestCaseExecutor.kt)
	at io.kotest.engine.test.TestCaseExecutor$execute$innerExecute$1.invoke(TestCaseExecutor.kt)
	at io.kotest.engine.test.interceptors.CoroutineDebugProbeInterceptor.intercept(CoroutineDebugProbeInterceptor.kt:29)
	at io.kotest.engine.test.TestCaseExecutor$execute$2$1.invokeSuspend(TestCaseExecutor.kt:78)
	at io.kotest.engine.test.TestCaseExecutor$execute$2$1.invoke(TestCaseExecutor.kt)
	at io.kotest.engine.test.TestCaseExecutor$execute$2$1.invoke(TestCaseExecutor.kt)
	at io.kotest.engine.test.interceptors.InvocationTimeoutInterceptor$intercept$3.invokeSuspend(InvocationTimeoutInterceptor.kt:43)
	at io.kotest.engine.test.interceptors.InvocationTimeoutInterceptor$intercept$3.invoke(InvocationTimeoutInterceptor.kt)
	at io.kotest.engine.test.interceptors.InvocationTimeoutInterceptor$intercept$3.invoke(InvocationTimeoutInterceptor.kt)
	at kotlinx.coroutines.intrinsics.UndispatchedKt.startUndispatchedOrReturnIgnoreTimeout(Undispatched.kt:100)
	at kotlinx.coroutines.TimeoutKt.setupTimeout(Timeout.kt:148)
	at kotlinx.coroutines.TimeoutKt.withTimeoutOrNull(Timeout.kt:104)
	at kotlinx.coroutines.TimeoutKt.withTimeoutOrNull-KLykuaI(Timeout.kt:136)
	at io.kotest.engine.test.interceptors.InvocationTimeoutInterceptor.intercept(InvocationTimeoutInterceptor.kt:42)
	at io.kotest.engine.test.TestCaseExecutor$execute$2$1.invokeSuspend(TestCaseExecutor.kt:78)
	at io.kotest.engine.test.TestCaseExecutor$execute$2$1.invoke(TestCaseExecutor.kt)
	at io.kotest.engine.test.TestCaseExecutor$execute$2$1.invoke(TestCaseExecutor.kt)
	at io.kotest.engine.test.TestInvocationInterceptor$intercept$2$3.invokeSuspend(TestInvocationInterceptor.kt:35)
	at io.kotest.engine.test.TestInvocationInterceptor$intercept$2$3.invoke(TestInvocationInterceptor.kt)
	at io.kotest.engine.test.TestInvocationInterceptor$intercept$2$3.invoke(TestInvocationInterceptor.kt)
	at io.kotest.mpp.ReplayKt.replay(replay.kt:18)
	at io.kotest.engine.test.TestInvocationInterceptor$intercept$2.invokeSuspend(TestInvocationInterceptor.kt:30)
	at io.kotest.engine.test.TestInvocationInterceptor$intercept$2.invoke(TestInvocationInterceptor.kt)
	at io.kotest.engine.test.TestInvocationInterceptor$intercept$2.invoke(TestInvocationInterceptor.kt)
	at kotlinx.coroutines.intrinsics.UndispatchedKt.startUndispatchedOrReturn(Undispatched.kt:89)
	at kotlinx.coroutines.CoroutineScopeKt.coroutineScope(CoroutineScope.kt:264)
	at io.kotest.engine.test.TestInvocationInterceptor.intercept(TestInvocationInterceptor.kt:29)
	at io.kotest.engine.test.TestCaseExecutor$execute$2$1.invokeSuspend(TestCaseExecutor.kt:78)
	at io.kotest.engine.test.TestCaseExecutor$execute$2$1.invoke(TestCaseExecutor.kt)
	at io.kotest.engine.test.TestCaseExecutor$execute$2$1.invoke(TestCaseExecutor.kt)
	at io.kotest.engine.test.interceptors.TimeoutInterceptor$intercept$3.invokeSuspend(TimeoutInterceptor.kt:34)
	at io.kotest.engine.test.interceptors.TimeoutInterceptor$intercept$3.invoke(TimeoutInterceptor.kt)
	at io.kotest.engine.test.interceptors.TimeoutInterceptor$intercept$3.invoke(TimeoutInterceptor.kt)
	at kotlinx.coroutines.intrinsics.UndispatchedKt.startUndispatchedOrReturnIgnoreTimeout(Undispatched.kt:100)
	at kotlinx.coroutines.TimeoutKt.setupTimeout(Timeout.kt:148)
	at kotlinx.coroutines.TimeoutKt.withTimeout(Timeout.kt:44)
	at kotlinx.coroutines.TimeoutKt.withTimeout-KLykuaI(Timeout.kt:72)
	at io.kotest.engine.test.interceptors.TimeoutInterceptor.intercept(TimeoutInterceptor.kt:33)
	at io.kotest.engine.test.TestCaseExecutor$execute$2$1.invokeSuspend(TestCaseExecutor.kt:78)
	at io.kotest.engine.test.TestCaseExecutor$execute$2$1.invoke(TestCaseExecutor.kt)
	at io.kotest.engine.test.TestCaseExecutor$execute$2$1.invoke(TestCaseExecutor.kt)
	at io.kotest.engine.test.interceptors.BlockedThreadTimeoutInterceptor.intercept(BlockedThreadTimeoutInterceptor.kt:74)
	at io.kotest.engine.test.TestCaseExecutor$execute$2$1.invokeSuspend(TestCaseExecutor.kt:78)
	at io.kotest.engine.test.TestCaseExecutor$execute$2$1.invoke(TestCaseExecutor.kt)
	at io.kotest.engine.test.TestCaseExecutor$execute$2$1.invoke(TestCaseExecutor.kt)
	at io.kotest.engine.test.interceptors.CoroutineLoggingInterceptor.intercept(CoroutineLoggingInterceptor.kt:30)
	at io.kotest.engine.test.TestCaseExecutor$execute$2$1.invokeSuspend(TestCaseExecutor.kt:78)
	at io.kotest.engine.test.TestCaseExecutor$execute$2$1.invoke(TestCaseExecutor.kt)
	at io.kotest.engine.test.TestCaseExecutor$execute$2$1.invoke(TestCaseExecutor.kt)
	at io.kotest.engine.test.interceptors.SoftAssertInterceptor.intercept(SoftAssertInterceptor.kt:27)
	at io.kotest.engine.test.TestCaseExecutor$execute$2$1.invokeSuspend(TestCaseExecutor.kt:78)
	at io.kotest.engine.test.TestCaseExecutor$execute$2$1.invoke(TestCaseExecutor.kt)
	at io.kotest.engine.test.TestCaseExecutor$execute$2$1.invoke(TestCaseExecutor.kt)
	at io.kotest.engine.test.interceptors.AssertionModeInterceptor.intercept(AssertionModeInterceptor.kt:25)
	at io.kotest.engine.test.TestCaseExecutor$execute$2$1.invokeSuspend(TestCaseExecutor.kt:78)
	at io.kotest.engine.test.TestCaseExecutor$execute$2$1.invoke(TestCaseExecutor.kt)
	at io.kotest.engine.test.TestCaseExecutor$execute$2$1.invoke(TestCaseExecutor.kt)
	at io.kotest.engine.test.interceptors.LifecycleInterceptor.intercept(LifecycleInterceptor.kt:50)
	at io.kotest.engine.test.TestCaseExecutor$execute$2$1.invokeSuspend(TestCaseExecutor.kt:78)
	at io.kotest.engine.test.TestCaseExecutor$execute$2$1.invoke(TestCaseExecutor.kt)
	at io.kotest.engine.test.TestCaseExecutor$execute$2$1.invoke(TestCaseExecutor.kt)
	at io.kotest.engine.test.interceptors.EnabledCheckInterceptor.intercept(EnabledCheckInterceptor.kt:31)
	at io.kotest.engine.test.TestCaseExecutor$execute$2$1.invokeSuspend(TestCaseExecutor.kt:78)
	at io.kotest.engine.test.TestCaseExecutor$execute$2$1.invoke(TestCaseExecutor.kt)
	at io.kotest.engine.test.TestCaseExecutor$execute$2$1.invoke(TestCaseExecutor.kt)
	at io.kotest.engine.test.interceptors.TestCaseExtensionInterceptor$intercept$2.invokeSuspend(TestCaseExtensionInterceptor.kt:24)
	at io.kotest.engine.test.interceptors.TestCaseExtensionInterceptor$intercept$2.invoke(TestCaseExtensionInterceptor.kt)
	at io.kotest.engine.test.interceptors.TestCaseExtensionInterceptor$intercept$2.invoke(TestCaseExtensionInterceptor.kt)
	at io.kotest.engine.test.TestExtensions.intercept(TestExtensions.kt:154)
	at io.kotest.engine.test.interceptors.TestCaseExtensionInterceptor.intercept(TestCaseExtensionInterceptor.kt:24)
	at io.kotest.engine.test.TestCaseExecutor$execute$2$1.invokeSuspend(TestCaseExecutor.kt:78)
	at io.kotest.engine.test.TestCaseExecutor$execute$2$1.invoke(TestCaseExecutor.kt)
	at io.kotest.engine.test.TestCaseExecutor$execute$2$1.invoke(TestCaseExecutor.kt)
	at io.kotest.engine.test.interceptors.CoroutineErrorCollectorInterceptor$intercept$3.invokeSuspend(CoroutineErrorCollectorInterceptor.kt:29)
	at io.kotest.engine.test.interceptors.CoroutineErrorCollectorInterceptor$intercept$3.invoke(CoroutineErrorCollectorInterceptor.kt)
	at io.kotest.engine.test.interceptors.CoroutineErrorCollectorInterceptor$intercept$3.invoke(CoroutineErrorCollectorInterceptor.kt)
	at kotlinx.coroutines.intrinsics.UndispatchedKt.startUndispatchedOrReturn(Undispatched.kt:89)
	at kotlinx.coroutines.BuildersKt__Builders_commonKt.withContext(Builders.common.kt:165)
	at kotlinx.coroutines.BuildersKt.withContext(Unknown Source)
	at io.kotest.engine.test.interceptors.CoroutineErrorCollectorInterceptor.intercept(CoroutineErrorCollectorInterceptor.kt:28)
	at io.kotest.engine.test.TestCaseExecutor$execute$2$1.invokeSuspend(TestCaseExecutor.kt:78)
	at io.kotest.engine.test.TestCaseExecutor$execute$2$1.invoke(TestCaseExecutor.kt)
	at io.kotest.engine.test.TestCaseExecutor$execute$2$1.invoke(TestCaseExecutor.kt)
	at io.kotest.engine.test.interceptors.CoroutineDispatcherFactoryInterceptor$intercept$4.invokeSuspend(coroutineDispatcherFactoryInterceptor.kt:55)
	at io.kotest.engine.test.interceptors.CoroutineDispatcherFactoryInterceptor$intercept$4.invoke(coroutineDispatcherFactoryInterceptor.kt)
	at io.kotest.engine.test.interceptors.CoroutineDispatcherFactoryInterceptor$intercept$4.invoke(coroutineDispatcherFactoryInterceptor.kt)
	at io.kotest.engine.concurrency.FixedThreadCoroutineDispatcherFactory$withDispatcher$4.invokeSuspend(FixedThreadCoroutineDispatcherFactory.kt:53)
	at kotlin.coroutines.jvm.internal.BaseContinuationImpl.resumeWith(ContinuationImpl.kt:33)
	at kotlinx.coroutines.DispatchedTask.run(DispatchedTask.kt:106)
	at java.base/java.util.concurrent.ThreadPoolExecutor.runWorker(ThreadPoolExecutor.java:1136)
	at java.base/java.util.concurrent.ThreadPoolExecutor$Worker.run(ThreadPoolExecutor.java:635)
	at java.base/java.lang.Thread.run(Thread.java:833)
]]></error>
<system-out><![CDATA[
unique-id: [engine:kotest]/[spec:goos.auction.xmpp.integration.XMPPAuctionTest]/[test:receives events from auction server after joining]
display-name: receives events from auction server after joining
]]></system-out>
</testcase>
<testcase name="stops receiving events from auction server after failure" classname="goos.auction.xmpp.integration.XMPPAuctionTest" time="0.01">
<error message="'org.minidns.record.InternetAddressRR org.minidns.record.InternetAddressRR.from(java.net.InetAddress)'" type="java.lang.NoSuchMethodError"><![CDATA[java.lang.NoSuchMethodError: 'org.minidns.record.InternetAddressRR org.minidns.record.InternetAddressRR.from(java.net.InetAddress)'
	at org.jivesoftware.smack.tcp.rce.IpTcpRemoteConnectionEndpoint.from(IpTcpRemoteConnectionEndpoint.java:44)
	at org.jivesoftware.smack.tcp.rce.RemoteXmppTcpConnectionEndpoints.resolveDomain(RemoteXmppTcpConnectionEndpoints.java:220)
	at org.jivesoftware.smack.tcp.rce.RemoteXmppTcpConnectionEndpoints.resolveXmppServiceDomain(RemoteXmppTcpConnectionEndpoints.java:144)
	at org.jivesoftware.smack.tcp.rce.RemoteXmppTcpConnectionEndpoints.lookup(RemoteXmppTcpConnectionEndpoints.java:95)
	at org.jivesoftware.smack.tcp.XMPPTCPConnection.connectUsingConfiguration(XMPPTCPConnection.java:590)
	at org.jivesoftware.smack.tcp.XMPPTCPConnection.connectInternal(XMPPTCPConnection.java:846)
	at org.jivesoftware.smack.AbstractXMPPConnection.connect(AbstractXMPPConnection.java:529)
	at goos.auction.xmpp.XmppAuctionDriver.createUser(XmppAuctionDriver.kt:67)
	at goos.auction.xmpp.XmppAuctionDriver.createAuctionItem--cp6pd4(XmppAuctionDriver.kt:58)
	at goos.auction.xmpp.XmppAuctionDriver.startSellingItem(XmppAuctionDriver.kt:45)
	at goos.auction.api.AuctionApiTestsKt$auctionApiTests$1$2.invokeSuspend(AuctionApiTests.kt:40)
	at goos.auction.api.AuctionApiTestsKt$auctionApiTests$1$2.invoke(AuctionApiTests.kt)
	at goos.auction.api.AuctionApiTestsKt$auctionApiTests$1$2.invoke(AuctionApiTests.kt)
	at io.kotest.core.spec.style.scopes.StringSpecRootScope$invoke$1.invokeSuspend(StringSpecRootScope.kt:72)
	at io.kotest.core.spec.style.scopes.StringSpecRootScope$invoke$1.invoke(StringSpecRootScope.kt)
	at io.kotest.core.spec.style.scopes.StringSpecRootScope$invoke$1.invoke(StringSpecRootScope.kt)
	at io.kotest.core.spec.style.scopes.RootScopeKt$addTest$1.invokeSuspend(RootScope.kt:36)
	at io.kotest.core.spec.style.scopes.RootScopeKt$addTest$1.invoke(RootScope.kt)
	at io.kotest.core.spec.style.scopes.RootScopeKt$addTest$1.invoke(RootScope.kt)
	at io.kotest.engine.test.TestCaseExecutor$execute$innerExecute$1.invokeSuspend(TestCaseExecutor.kt:73)
	at io.kotest.engine.test.TestCaseExecutor$execute$innerExecute$1.invoke(TestCaseExecutor.kt)
	at io.kotest.engine.test.TestCaseExecutor$execute$innerExecute$1.invoke(TestCaseExecutor.kt)
	at io.kotest.engine.test.interceptors.CoroutineDebugProbeInterceptor.intercept(CoroutineDebugProbeInterceptor.kt:29)
	at io.kotest.engine.test.TestCaseExecutor$execute$2$1.invokeSuspend(TestCaseExecutor.kt:78)
	at io.kotest.engine.test.TestCaseExecutor$execute$2$1.invoke(TestCaseExecutor.kt)
	at io.kotest.engine.test.TestCaseExecutor$execute$2$1.invoke(TestCaseExecutor.kt)
	at io.kotest.engine.test.interceptors.InvocationTimeoutInterceptor$intercept$3.invokeSuspend(InvocationTimeoutInterceptor.kt:43)
	at io.kotest.engine.test.interceptors.InvocationTimeoutInterceptor$intercept$3.invoke(InvocationTimeoutInterceptor.kt)
	at io.kotest.engine.test.interceptors.InvocationTimeoutInterceptor$intercept$3.invoke(InvocationTimeoutInterceptor.kt)
	at kotlinx.coroutines.intrinsics.UndispatchedKt.startUndispatchedOrReturnIgnoreTimeout(Undispatched.kt:100)
	at kotlinx.coroutines.TimeoutKt.setupTimeout(Timeout.kt:148)
	at kotlinx.coroutines.TimeoutKt.withTimeoutOrNull(Timeout.kt:104)
	at kotlinx.coroutines.TimeoutKt.withTimeoutOrNull-KLykuaI(Timeout.kt:136)
	at io.kotest.engine.test.interceptors.InvocationTimeoutInterceptor.intercept(InvocationTimeoutInterceptor.kt:42)
	at io.kotest.engine.test.TestCaseExecutor$execute$2$1.invokeSuspend(TestCaseExecutor.kt:78)
	at io.kotest.engine.test.TestCaseExecutor$execute$2$1.invoke(TestCaseExecutor.kt)
	at io.kotest.engine.test.TestCaseExecutor$execute$2$1.invoke(TestCaseExecutor.kt)
	at io.kotest.engine.test.TestInvocationInterceptor$intercept$2$3.invokeSuspend(TestInvocationInterceptor.kt:35)
	at io.kotest.engine.test.TestInvocationInterceptor$intercept$2$3.invoke(TestInvocationInterceptor.kt)
	at io.kotest.engine.test.TestInvocationInterceptor$intercept$2$3.invoke(TestInvocationInterceptor.kt)
	at io.kotest.mpp.ReplayKt.replay(replay.kt:18)
	at io.kotest.engine.test.TestInvocationInterceptor$intercept$2.invokeSuspend(TestInvocationInterceptor.kt:30)
	at io.kotest.engine.test.TestInvocationInterceptor$intercept$2.invoke(TestInvocationInterceptor.kt)
	at io.kotest.engine.test.TestInvocationInterceptor$intercept$2.invoke(TestInvocationInterceptor.kt)
	at kotlinx.coroutines.intrinsics.UndispatchedKt.startUndispatchedOrReturn(Undispatched.kt:89)
	at kotlinx.coroutines.CoroutineScopeKt.coroutineScope(CoroutineScope.kt:264)
	at io.kotest.engine.test.TestInvocationInterceptor.intercept(TestInvocationInterceptor.kt:29)
	at io.kotest.engine.test.TestCaseExecutor$execute$2$1.invokeSuspend(TestCaseExecutor.kt:78)
	at io.kotest.engine.test.TestCaseExecutor$execute$2$1.invoke(TestCaseExecutor.kt)
	at io.kotest.engine.test.TestCaseExecutor$execute$2$1.invoke(TestCaseExecutor.kt)
	at io.kotest.engine.test.interceptors.TimeoutInterceptor$intercept$3.invokeSuspend(TimeoutInterceptor.kt:34)
	at io.kotest.engine.test.interceptors.TimeoutInterceptor$intercept$3.invoke(TimeoutInterceptor.kt)
	at io.kotest.engine.test.interceptors.TimeoutInterceptor$intercept$3.invoke(TimeoutInterceptor.kt)
	at kotlinx.coroutines.intrinsics.UndispatchedKt.startUndispatchedOrReturnIgnoreTimeout(Undispatched.kt:100)
	at kotlinx.coroutines.TimeoutKt.setupTimeout(Timeout.kt:148)
	at kotlinx.coroutines.TimeoutKt.withTimeout(Timeout.kt:44)
	at kotlinx.coroutines.TimeoutKt.withTimeout-KLykuaI(Timeout.kt:72)
	at io.kotest.engine.test.interceptors.TimeoutInterceptor.intercept(TimeoutInterceptor.kt:33)
	at io.kotest.engine.test.TestCaseExecutor$execute$2$1.invokeSuspend(TestCaseExecutor.kt:78)
	at io.kotest.engine.test.TestCaseExecutor$execute$2$1.invoke(TestCaseExecutor.kt)
	at io.kotest.engine.test.TestCaseExecutor$execute$2$1.invoke(TestCaseExecutor.kt)
	at io.kotest.engine.test.interceptors.BlockedThreadTimeoutInterceptor.intercept(BlockedThreadTimeoutInterceptor.kt:74)
	at io.kotest.engine.test.TestCaseExecutor$execute$2$1.invokeSuspend(TestCaseExecutor.kt:78)
	at io.kotest.engine.test.TestCaseExecutor$execute$2$1.invoke(TestCaseExecutor.kt)
	at io.kotest.engine.test.TestCaseExecutor$execute$2$1.invoke(TestCaseExecutor.kt)
	at io.kotest.engine.test.interceptors.CoroutineLoggingInterceptor.intercept(CoroutineLoggingInterceptor.kt:30)
	at io.kotest.engine.test.TestCaseExecutor$execute$2$1.invokeSuspend(TestCaseExecutor.kt:78)
	at io.kotest.engine.test.TestCaseExecutor$execute$2$1.invoke(TestCaseExecutor.kt)
	at io.kotest.engine.test.TestCaseExecutor$execute$2$1.invoke(TestCaseExecutor.kt)
	at io.kotest.engine.test.interceptors.SoftAssertInterceptor.intercept(SoftAssertInterceptor.kt:27)
	at io.kotest.engine.test.TestCaseExecutor$execute$2$1.invokeSuspend(TestCaseExecutor.kt:78)
	at io.kotest.engine.test.TestCaseExecutor$execute$2$1.invoke(TestCaseExecutor.kt)
	at io.kotest.engine.test.TestCaseExecutor$execute$2$1.invoke(TestCaseExecutor.kt)
	at io.kotest.engine.test.interceptors.AssertionModeInterceptor.intercept(AssertionModeInterceptor.kt:25)
	at io.kotest.engine.test.TestCaseExecutor$execute$2$1.invokeSuspend(TestCaseExecutor.kt:78)
	at io.kotest.engine.test.TestCaseExecutor$execute$2$1.invoke(TestCaseExecutor.kt)
	at io.kotest.engine.test.TestCaseExecutor$execute$2$1.invoke(TestCaseExecutor.kt)
	at io.kotest.engine.test.interceptors.LifecycleInterceptor.intercept(LifecycleInterceptor.kt:50)
	at io.kotest.engine.test.TestCaseExecutor$execute$2$1.invokeSuspend(TestCaseExecutor.kt:78)
	at io.kotest.engine.test.TestCaseExecutor$execute$2$1.invoke(TestCaseExecutor.kt)
	at io.kotest.engine.test.TestCaseExecutor$execute$2$1.invoke(TestCaseExecutor.kt)
	at io.kotest.engine.test.interceptors.EnabledCheckInterceptor.intercept(EnabledCheckInterceptor.kt:31)
	at io.kotest.engine.test.TestCaseExecutor$execute$2$1.invokeSuspend(TestCaseExecutor.kt:78)
	at io.kotest.engine.test.TestCaseExecutor$execute$2$1.invoke(TestCaseExecutor.kt)
	at io.kotest.engine.test.TestCaseExecutor$execute$2$1.invoke(TestCaseExecutor.kt)
	at io.kotest.engine.test.interceptors.TestCaseExtensionInterceptor$intercept$2.invokeSuspend(TestCaseExtensionInterceptor.kt:24)
	at io.kotest.engine.test.interceptors.TestCaseExtensionInterceptor$intercept$2.invoke(TestCaseExtensionInterceptor.kt)
	at io.kotest.engine.test.interceptors.TestCaseExtensionInterceptor$intercept$2.invoke(TestCaseExtensionInterceptor.kt)
	at io.kotest.engine.test.TestExtensions.intercept(TestExtensions.kt:154)
	at io.kotest.engine.test.interceptors.TestCaseExtensionInterceptor.intercept(TestCaseExtensionInterceptor.kt:24)
	at io.kotest.engine.test.TestCaseExecutor$execute$2$1.invokeSuspend(TestCaseExecutor.kt:78)
	at io.kotest.engine.test.TestCaseExecutor$execute$2$1.invoke(TestCaseExecutor.kt)
	at io.kotest.engine.test.TestCaseExecutor$execute$2$1.invoke(TestCaseExecutor.kt)
	at io.kotest.engine.test.interceptors.CoroutineErrorCollectorInterceptor$intercept$3.invokeSuspend(CoroutineErrorCollectorInterceptor.kt:29)
	at io.kotest.engine.test.interceptors.CoroutineErrorCollectorInterceptor$intercept$3.invoke(CoroutineErrorCollectorInterceptor.kt)
	at io.kotest.engine.test.interceptors.CoroutineErrorCollectorInterceptor$intercept$3.invoke(CoroutineErrorCollectorInterceptor.kt)
	at kotlinx.coroutines.intrinsics.UndispatchedKt.startUndispatchedOrReturn(Undispatched.kt:89)
	at kotlinx.coroutines.BuildersKt__Builders_commonKt.withContext(Builders.common.kt:165)
	at kotlinx.coroutines.BuildersKt.withContext(Unknown Source)
	at io.kotest.engine.test.interceptors.CoroutineErrorCollectorInterceptor.intercept(CoroutineErrorCollectorInterceptor.kt:28)
	at io.kotest.engine.test.TestCaseExecutor$execute$2$1.invokeSuspend(TestCaseExecutor.kt:78)
	at io.kotest.engine.test.TestCaseExecutor$execute$2$1.invoke(TestCaseExecutor.kt)
	at io.kotest.engine.test.TestCaseExecutor$execute$2$1.invoke(TestCaseExecutor.kt)
	at io.kotest.engine.test.interceptors.CoroutineDispatcherFactoryInterceptor$intercept$4.invokeSuspend(coroutineDispatcherFactoryInterceptor.kt:55)
	at io.kotest.engine.test.interceptors.CoroutineDispatcherFactoryInterceptor$intercept$4.invoke(coroutineDispatcherFactoryInterceptor.kt)
	at io.kotest.engine.test.interceptors.CoroutineDispatcherFactoryInterceptor$intercept$4.invoke(coroutineDispatcherFactoryInterceptor.kt)
	at io.kotest.engine.concurrency.FixedThreadCoroutineDispatcherFactory$withDispatcher$4.invokeSuspend(FixedThreadCoroutineDispatcherFactory.kt:53)
	at &#8;&#8;&#8;(Coroutine boundary.&#8;(&#8;)
	at kotlinx.coroutines.TimeoutKt.withTimeoutOrNull(Timeout.kt:101)
	at io.kotest.engine.test.interceptors.InvocationTimeoutInterceptor.intercept(InvocationTimeoutInterceptor.kt:42)
	at io.kotest.engine.test.TestCaseExecutor$execute$2$1.invokeSuspend(TestCaseExecutor.kt:78)
	at io.kotest.engine.test.TestInvocationInterceptor$intercept$2$3.invokeSuspend(TestInvocationInterceptor.kt:35)
	at io.kotest.mpp.ReplayKt.replay(replay.kt:18)
	at io.kotest.engine.test.TestInvocationInterceptor$intercept$2.invokeSuspend(TestInvocationInterceptor.kt:30)
	at io.kotest.engine.test.TestInvocationInterceptor.intercept(TestInvocationInterceptor.kt:29)
	at io.kotest.engine.test.TestCaseExecutor$execute$2$1.invokeSuspend(TestCaseExecutor.kt:78)
	at io.kotest.engine.test.interceptors.TimeoutInterceptor$intercept$3.invokeSuspend(TimeoutInterceptor.kt:34)
	at io.kotest.engine.test.interceptors.TimeoutInterceptor.intercept(TimeoutInterceptor.kt:33)
	at io.kotest.engine.test.TestCaseExecutor$execute$2$1.invokeSuspend(TestCaseExecutor.kt:78)
	at io.kotest.engine.test.interceptors.BlockedThreadTimeoutInterceptor.intercept(BlockedThreadTimeoutInterceptor.kt:74)
	at io.kotest.engine.test.TestCaseExecutor$execute$2$1.invokeSuspend(TestCaseExecutor.kt:78)
	at io.kotest.engine.test.interceptors.CoroutineLoggingInterceptor.intercept(CoroutineLoggingInterceptor.kt:30)
	at io.kotest.engine.test.TestCaseExecutor$execute$2$1.invokeSuspend(TestCaseExecutor.kt:78)
	at io.kotest.engine.test.interceptors.SoftAssertInterceptor.intercept(SoftAssertInterceptor.kt:27)
	at io.kotest.engine.test.TestCaseExecutor$execute$2$1.invokeSuspend(TestCaseExecutor.kt:78)
	at io.kotest.engine.test.interceptors.AssertionModeInterceptor.intercept(AssertionModeInterceptor.kt:25)
	at io.kotest.engine.test.TestCaseExecutor$execute$2$1.invokeSuspend(TestCaseExecutor.kt:78)
	at io.kotest.engine.test.interceptors.LifecycleInterceptor.intercept(LifecycleInterceptor.kt:50)
	at io.kotest.engine.test.TestCaseExecutor$execute$2$1.invokeSuspend(TestCaseExecutor.kt:78)
	at io.kotest.engine.test.interceptors.EnabledCheckInterceptor.intercept(EnabledCheckInterceptor.kt:31)
	at io.kotest.engine.test.TestCaseExecutor$execute$2$1.invokeSuspend(TestCaseExecutor.kt:78)
	at io.kotest.engine.test.interceptors.TestCaseExtensionInterceptor$intercept$2.invokeSuspend(TestCaseExtensionInterceptor.kt:24)
	at io.kotest.engine.test.TestCaseExecutor$execute$2$1.invokeSuspend(TestCaseExecutor.kt:78)
	at io.kotest.engine.test.interceptors.CoroutineErrorCollectorInterceptor$intercept$3.invokeSuspend(CoroutineErrorCollectorInterceptor.kt:29)
	at io.kotest.engine.test.TestCaseExecutor$execute$2$1.invokeSuspend(TestCaseExecutor.kt:78)
	at io.kotest.engine.test.interceptors.CoroutineDispatcherFactoryInterceptor$intercept$4.invokeSuspend(coroutineDispatcherFactoryInterceptor.kt:55)
	at io.kotest.engine.concurrency.FixedThreadCoroutineDispatcherFactory$withDispatcher$4.invokeSuspend(FixedThreadCoroutineDispatcherFactory.kt:53)
	at io.kotest.engine.test.TestCaseExecutor$execute$2$1.invokeSuspend(TestCaseExecutor.kt:78)
	at io.kotest.engine.test.interceptors.SupervisorScopeInterceptor$intercept$2.invokeSuspend(SupervisorScopeInterceptor.kt:23)
	at io.kotest.engine.test.TestCaseExecutor$execute$2$1.invokeSuspend(TestCaseExecutor.kt:78)
	at io.kotest.engine.test.TestCaseExecutor$execute$2$1.invokeSuspend(TestCaseExecutor.kt:78)
	at io.kotest.engine.test.interceptors.TestFinishedInterceptor.intercept(TestFinishedInterceptor.kt:21)
	at io.kotest.engine.test.TestCaseExecutor$execute$2$1.invokeSuspend(TestCaseExecutor.kt:78)
	at io.kotest.engine.spec.runners.InstancePerTestSpecRunner$run$4.invokeSuspend(InstancePerTestSpecRunner.kt:163)
	at io.kotest.engine.spec.runners.InstancePerTestSpecRunner.run-0E7RQCE(InstancePerTestSpecRunner.kt:119)
	at io.kotest.engine.spec.runners.InstancePerTestSpecRunner$executeInCleanSpec$2$1$1.invokeSuspend(InstancePerTestSpecRunner.kt:107)
	at io.kotest.engine.spec.SpecExtensions$intercept$initial$1.invokeSuspend(SpecExtensions.kt:143)
	at io.kotest.engine.spec.SpecExtensions.intercept(SpecExtensions.kt:154)
	at io.kotest.engine.spec.runners.InstancePerTestSpecRunner.executeInCleanSpec-gIAlu-s(InstancePerTestSpecRunner.kt:105)
	at io.kotest.engine.spec.runners.InstancePerTestSpecRunner$execute$2$1.invokeSuspend(InstancePerTestSpecRunner.kt:83)
	at io.kotest.engine.test.scheduler.SequentialTestScheduler$schedule$3$1$1.invokeSuspend(SequentialTestScheduler.kt:20)
Caused by: java.lang.NoSuchMethodError: 'org.minidns.record.InternetAddressRR org.minidns.record.InternetAddressRR.from(java.net.InetAddress)'
	at org.jivesoftware.smack.tcp.rce.IpTcpRemoteConnectionEndpoint.from(IpTcpRemoteConnectionEndpoint.java:44)
	at org.jivesoftware.smack.tcp.rce.RemoteXmppTcpConnectionEndpoints.resolveDomain(RemoteXmppTcpConnectionEndpoints.java:220)
	at org.jivesoftware.smack.tcp.rce.RemoteXmppTcpConnectionEndpoints.resolveXmppServiceDomain(RemoteXmppTcpConnectionEndpoints.java:144)
	at org.jivesoftware.smack.tcp.rce.RemoteXmppTcpConnectionEndpoints.lookup(RemoteXmppTcpConnectionEndpoints.java:95)
	at org.jivesoftware.smack.tcp.XMPPTCPConnection.connectUsingConfiguration(XMPPTCPConnection.java:590)
	at org.jivesoftware.smack.tcp.XMPPTCPConnection.connectInternal(XMPPTCPConnection.java:846)
	at org.jivesoftware.smack.AbstractXMPPConnection.connect(AbstractXMPPConnection.java:529)
	at goos.auction.xmpp.XmppAuctionDriver.createUser(XmppAuctionDriver.kt:67)
	at goos.auction.xmpp.XmppAuctionDriver.createAuctionItem--cp6pd4(XmppAuctionDriver.kt:58)
	at goos.auction.xmpp.XmppAuctionDriver.startSellingItem(XmppAuctionDriver.kt:45)
	at goos.auction.api.AuctionApiTestsKt$auctionApiTests$1$2.invokeSuspend(AuctionApiTests.kt:40)
	at goos.auction.api.AuctionApiTestsKt$auctionApiTests$1$2.invoke(AuctionApiTests.kt)
	at goos.auction.api.AuctionApiTestsKt$auctionApiTests$1$2.invoke(AuctionApiTests.kt)
	at io.kotest.core.spec.style.scopes.StringSpecRootScope$invoke$1.invokeSuspend(StringSpecRootScope.kt:72)
	at io.kotest.core.spec.style.scopes.StringSpecRootScope$invoke$1.invoke(StringSpecRootScope.kt)
	at io.kotest.core.spec.style.scopes.StringSpecRootScope$invoke$1.invoke(StringSpecRootScope.kt)
	at io.kotest.core.spec.style.scopes.RootScopeKt$addTest$1.invokeSuspend(RootScope.kt:36)
	at io.kotest.core.spec.style.scopes.RootScopeKt$addTest$1.invoke(RootScope.kt)
	at io.kotest.core.spec.style.scopes.RootScopeKt$addTest$1.invoke(RootScope.kt)
	at io.kotest.engine.test.TestCaseExecutor$execute$innerExecute$1.invokeSuspend(TestCaseExecutor.kt:73)
	at io.kotest.engine.test.TestCaseExecutor$execute$innerExecute$1.invoke(TestCaseExecutor.kt)
	at io.kotest.engine.test.TestCaseExecutor$execute$innerExecute$1.invoke(TestCaseExecutor.kt)
	at io.kotest.engine.test.interceptors.CoroutineDebugProbeInterceptor.intercept(CoroutineDebugProbeInterceptor.kt:29)
	at io.kotest.engine.test.TestCaseExecutor$execute$2$1.invokeSuspend(TestCaseExecutor.kt:78)
	at io.kotest.engine.test.TestCaseExecutor$execute$2$1.invoke(TestCaseExecutor.kt)
	at io.kotest.engine.test.TestCaseExecutor$execute$2$1.invoke(TestCaseExecutor.kt)
	at io.kotest.engine.test.interceptors.InvocationTimeoutInterceptor$intercept$3.invokeSuspend(InvocationTimeoutInterceptor.kt:43)
	at io.kotest.engine.test.interceptors.InvocationTimeoutInterceptor$intercept$3.invoke(InvocationTimeoutInterceptor.kt)
	at io.kotest.engine.test.interceptors.InvocationTimeoutInterceptor$intercept$3.invoke(InvocationTimeoutInterceptor.kt)
	at kotlinx.coroutines.intrinsics.UndispatchedKt.startUndispatchedOrReturnIgnoreTimeout(Undispatched.kt:100)
	at kotlinx.coroutines.TimeoutKt.setupTimeout(Timeout.kt:148)
	at kotlinx.coroutines.TimeoutKt.withTimeoutOrNull(Timeout.kt:104)
	at kotlinx.coroutines.TimeoutKt.withTimeoutOrNull-KLykuaI(Timeout.kt:136)
	at io.kotest.engine.test.interceptors.InvocationTimeoutInterceptor.intercept(InvocationTimeoutInterceptor.kt:42)
	at io.kotest.engine.test.TestCaseExecutor$execute$2$1.invokeSuspend(TestCaseExecutor.kt:78)
	at io.kotest.engine.test.TestCaseExecutor$execute$2$1.invoke(TestCaseExecutor.kt)
	at io.kotest.engine.test.TestCaseExecutor$execute$2$1.invoke(TestCaseExecutor.kt)
	at io.kotest.engine.test.TestInvocationInterceptor$intercept$2$3.invokeSuspend(TestInvocationInterceptor.kt:35)
	at io.kotest.engine.test.TestInvocationInterceptor$intercept$2$3.invoke(TestInvocationInterceptor.kt)
	at io.kotest.engine.test.TestInvocationInterceptor$intercept$2$3.invoke(TestInvocationInterceptor.kt)
	at io.kotest.mpp.ReplayKt.replay(replay.kt:18)
	at io.kotest.engine.test.TestInvocationInterceptor$intercept$2.invokeSuspend(TestInvocationInterceptor.kt:30)
	at io.kotest.engine.test.TestInvocationInterceptor$intercept$2.invoke(TestInvocationInterceptor.kt)
	at io.kotest.engine.test.TestInvocationInterceptor$intercept$2.invoke(TestInvocationInterceptor.kt)
	at kotlinx.coroutines.intrinsics.UndispatchedKt.startUndispatchedOrReturn(Undispatched.kt:89)
	at kotlinx.coroutines.CoroutineScopeKt.coroutineScope(CoroutineScope.kt:264)
	at io.kotest.engine.test.TestInvocationInterceptor.intercept(TestInvocationInterceptor.kt:29)
	at io.kotest.engine.test.TestCaseExecutor$execute$2$1.invokeSuspend(TestCaseExecutor.kt:78)
	at io.kotest.engine.test.TestCaseExecutor$execute$2$1.invoke(TestCaseExecutor.kt)
	at io.kotest.engine.test.TestCaseExecutor$execute$2$1.invoke(TestCaseExecutor.kt)
	at io.kotest.engine.test.interceptors.TimeoutInterceptor$intercept$3.invokeSuspend(TimeoutInterceptor.kt:34)
	at io.kotest.engine.test.interceptors.TimeoutInterceptor$intercept$3.invoke(TimeoutInterceptor.kt)
	at io.kotest.engine.test.interceptors.TimeoutInterceptor$intercept$3.invoke(TimeoutInterceptor.kt)
	at kotlinx.coroutines.intrinsics.UndispatchedKt.startUndispatchedOrReturnIgnoreTimeout(Undispatched.kt:100)
	at kotlinx.coroutines.TimeoutKt.setupTimeout(Timeout.kt:148)
	at kotlinx.coroutines.TimeoutKt.withTimeout(Timeout.kt:44)
	at kotlinx.coroutines.TimeoutKt.withTimeout-KLykuaI(Timeout.kt:72)
	at io.kotest.engine.test.interceptors.TimeoutInterceptor.intercept(TimeoutInterceptor.kt:33)
	at io.kotest.engine.test.TestCaseExecutor$execute$2$1.invokeSuspend(TestCaseExecutor.kt:78)
	at io.kotest.engine.test.TestCaseExecutor$execute$2$1.invoke(TestCaseExecutor.kt)
	at io.kotest.engine.test.TestCaseExecutor$execute$2$1.invoke(TestCaseExecutor.kt)
	at io.kotest.engine.test.interceptors.BlockedThreadTimeoutInterceptor.intercept(BlockedThreadTimeoutInterceptor.kt:74)
	at io.kotest.engine.test.TestCaseExecutor$execute$2$1.invokeSuspend(TestCaseExecutor.kt:78)
	at io.kotest.engine.test.TestCaseExecutor$execute$2$1.invoke(TestCaseExecutor.kt)
	at io.kotest.engine.test.TestCaseExecutor$execute$2$1.invoke(TestCaseExecutor.kt)
	at io.kotest.engine.test.interceptors.CoroutineLoggingInterceptor.intercept(CoroutineLoggingInterceptor.kt:30)
	at io.kotest.engine.test.TestCaseExecutor$execute$2$1.invokeSuspend(TestCaseExecutor.kt:78)
	at io.kotest.engine.test.TestCaseExecutor$execute$2$1.invoke(TestCaseExecutor.kt)
	at io.kotest.engine.test.TestCaseExecutor$execute$2$1.invoke(TestCaseExecutor.kt)
	at io.kotest.engine.test.interceptors.SoftAssertInterceptor.intercept(SoftAssertInterceptor.kt:27)
	at io.kotest.engine.test.TestCaseExecutor$execute$2$1.invokeSuspend(TestCaseExecutor.kt:78)
	at io.kotest.engine.test.TestCaseExecutor$execute$2$1.invoke(TestCaseExecutor.kt)
	at io.kotest.engine.test.TestCaseExecutor$execute$2$1.invoke(TestCaseExecutor.kt)
	at io.kotest.engine.test.interceptors.AssertionModeInterceptor.intercept(AssertionModeInterceptor.kt:25)
	at io.kotest.engine.test.TestCaseExecutor$execute$2$1.invokeSuspend(TestCaseExecutor.kt:78)
	at io.kotest.engine.test.TestCaseExecutor$execute$2$1.invoke(TestCaseExecutor.kt)
	at io.kotest.engine.test.TestCaseExecutor$execute$2$1.invoke(TestCaseExecutor.kt)
	at io.kotest.engine.test.interceptors.LifecycleInterceptor.intercept(LifecycleInterceptor.kt:50)
	at io.kotest.engine.test.TestCaseExecutor$execute$2$1.invokeSuspend(TestCaseExecutor.kt:78)
	at io.kotest.engine.test.TestCaseExecutor$execute$2$1.invoke(TestCaseExecutor.kt)
	at io.kotest.engine.test.TestCaseExecutor$execute$2$1.invoke(TestCaseExecutor.kt)
	at io.kotest.engine.test.interceptors.EnabledCheckInterceptor.intercept(EnabledCheckInterceptor.kt:31)
	at io.kotest.engine.test.TestCaseExecutor$execute$2$1.invokeSuspend(TestCaseExecutor.kt:78)
	at io.kotest.engine.test.TestCaseExecutor$execute$2$1.invoke(TestCaseExecutor.kt)
	at io.kotest.engine.test.TestCaseExecutor$execute$2$1.invoke(TestCaseExecutor.kt)
	at io.kotest.engine.test.interceptors.TestCaseExtensionInterceptor$intercept$2.invokeSuspend(TestCaseExtensionInterceptor.kt:24)
	at io.kotest.engine.test.interceptors.TestCaseExtensionInterceptor$intercept$2.invoke(TestCaseExtensionInterceptor.kt)
	at io.kotest.engine.test.interceptors.TestCaseExtensionInterceptor$intercept$2.invoke(TestCaseExtensionInterceptor.kt)
	at io.kotest.engine.test.TestExtensions.intercept(TestExtensions.kt:154)
	at io.kotest.engine.test.interceptors.TestCaseExtensionInterceptor.intercept(TestCaseExtensionInterceptor.kt:24)
	at io.kotest.engine.test.TestCaseExecutor$execute$2$1.invokeSuspend(TestCaseExecutor.kt:78)
	at io.kotest.engine.test.TestCaseExecutor$execute$2$1.invoke(TestCaseExecutor.kt)
	at io.kotest.engine.test.TestCaseExecutor$execute$2$1.invoke(TestCaseExecutor.kt)
	at io.kotest.engine.test.interceptors.CoroutineErrorCollectorInterceptor$intercept$3.invokeSuspend(CoroutineErrorCollectorInterceptor.kt:29)
	at io.kotest.engine.test.interceptors.CoroutineErrorCollectorInterceptor$intercept$3.invoke(CoroutineErrorCollectorInterceptor.kt)
	at io.kotest.engine.test.interceptors.CoroutineErrorCollectorInterceptor$intercept$3.invoke(CoroutineErrorCollectorInterceptor.kt)
	at kotlinx.coroutines.intrinsics.UndispatchedKt.startUndispatchedOrReturn(Undispatched.kt:89)
	at kotlinx.coroutines.BuildersKt__Builders_commonKt.withContext(Builders.common.kt:165)
	at kotlinx.coroutines.BuildersKt.withContext(Unknown Source)
	at io.kotest.engine.test.interceptors.CoroutineErrorCollectorInterceptor.intercept(CoroutineErrorCollectorInterceptor.kt:28)
	at io.kotest.engine.test.TestCaseExecutor$execute$2$1.invokeSuspend(TestCaseExecutor.kt:78)
	at io.kotest.engine.test.TestCaseExecutor$execute$2$1.invoke(TestCaseExecutor.kt)
	at io.kotest.engine.test.TestCaseExecutor$execute$2$1.invoke(TestCaseExecutor.kt)
	at io.kotest.engine.test.interceptors.CoroutineDispatcherFactoryInterceptor$intercept$4.invokeSuspend(coroutineDispatcherFactoryInterceptor.kt:55)
	at io.kotest.engine.test.interceptors.CoroutineDispatcherFactoryInterceptor$intercept$4.invoke(coroutineDispatcherFactoryInterceptor.kt)
	at io.kotest.engine.test.interceptors.CoroutineDispatcherFactoryInterceptor$intercept$4.invoke(coroutineDispatcherFactoryInterceptor.kt)
	at io.kotest.engine.concurrency.FixedThreadCoroutineDispatcherFactory$withDispatcher$4.invokeSuspend(FixedThreadCoroutineDispatcherFactory.kt:53)
	at kotlin.coroutines.jvm.internal.BaseContinuationImpl.resumeWith(ContinuationImpl.kt:33)
	at kotlinx.coroutines.DispatchedTask.run(DispatchedTask.kt:106)
	at java.base/java.util.concurrent.ThreadPoolExecutor.runWorker(ThreadPoolExecutor.java:1136)
	at java.base/java.util.concurrent.ThreadPoolExecutor$Worker.run(ThreadPoolExecutor.java:635)
	at java.base/java.lang.Thread.run(Thread.java:833)
]]></error>
<system-out><![CDATA[
unique-id: [engine:kotest]/[spec:goos.auction.xmpp.integration.XMPPAuctionTest]/[test:stops receiving events from auction server after failure]
display-name: stops receiving events from auction server after failure
]]></system-out>
</testcase>
<system-out><![CDATA[
unique-id: [engine:kotest]
display-name: Kotest
]]></system-out>
</testsuite>
