<?xml version="1.0" encoding="UTF-8"?>
<testsuite name="goos.auction.xmpp.AuctionMessageTranslatorTest" tests="5" skipped="0" failures="0" errors="0" timestamp="2020-06-16T07:54:44" hostname="buildkitsandbox" time="0.561">
  <properties/>
  <testcase name="notifies auction closed when close message received" classname="goos.auction.xmpp.AuctionMessageTranslatorTest" time="0.455"/>
  <testcase name="notifies bid details when current price message received from other bidder" classname="goos.auction.xmpp.AuctionMessageTranslatorTest" time="0.04"/>
  <testcase name="notifies bid details when current price message received from sniper" classname="goos.auction.xmpp.AuctionMessageTranslatorTest" time="0.01"/>
  <testcase name="notifies auction failed when bad message received" classname="goos.auction.xmpp.AuctionMessageTranslatorTest" time="0.015"/>
  <testcase name="does nothing when unknown event received" classname="goos.auction.xmpp.AuctionMessageTranslatorTest" time="0.014"/>
  <system-out><![CDATA[]]></system-out>
  <system-err><![CDATA[]]></system-err>
</testsuite>
