<?xml version="1.0" encoding="UTF-8"?>
<testsuite name="goos.ui.swing.MainWindowTest" tests="3" skipped="0" failures="0" errors="0" timestamp="2020-06-06T02:06:08" hostname="buildkitsandbox" time="2.969">
  <properties/>
  <testcase name="make user request when join button clicked" classname="goos.ui.swing.MainWindowTest" time="2.409"/>
  <testcase name="make user request when reset button clicked" classname="goos.ui.swing.MainWindowTest" time="0.256"/>
  <testcase name="window has expected features" classname="goos.ui.swing.MainWindowTest" time="0.295"/>
  <system-out><![CDATA[]]></system-out>
  <system-err><![CDATA[Jun 06, 2020 2:06:10 AM net.sourceforge.marathon.javaagent.server.JavaServer serve
INFO: JavaServer.serve(POST /session): {
  "desiredCapabilities": {
    "browserName": "java",
    "platform": "ANY"
  },
  "capabilities": {
    "firstMatch": [
      {
        "browserName": "java"
      }
    ]
  }
}
Jun 06, 2020 2:06:10 AM net.sourceforge.marathon.javaagent.server.JavaServer createSession
INFO: Creating device with type: EVENT_QUEUE
Jun 06, 2020 2:06:10 AM net.sourceforge.marathon.javaagent.Device getDevice
INFO: Creating a EVENT_QUEUE device
Jun 06, 2020 2:06:10 AM net.sourceforge.marathon.javaagent.server.JavaServer serve
INFO: POST(/session, {"desiredCapabilities":{"browserName":"java","platform":"ANY"},"capabilities":{"firstMatch":[{"browserName":"java"}]}}) = {data=, status=REDIRECT}
Jun 06, 2020 2:06:10 AM net.sourceforge.marathon.javaagent.server.JavaServer serve
INFO: JavaServer.serve(GET /session/18c2e394-1c6e-4ef3-a904-4e5d4c08d527): {}
Jun 06, 2020 2:06:10 AM net.sourceforge.marathon.javaagent.server.JavaServer serve
INFO: GET(/session/18c2e394-1c6e-4ef3-a904-4e5d4c08d527) = {data={"name":"getCapabilities","sessionId":"18c2e394-1c6e-4ef3-a904-4e5d4c08d527","value":{"applicationCacheEnabled":false,"rotatable":false,"loggingPrefs":{"driver":"ALL"},"handlesAlerts":false,"databaseEnabled":false,"version":"1.0","platform":"ANY","browserConnectionEnabled":false,"nativeEvents":false,"acceptSslCerts":false,"locationContextEnabled":false,"webStorageEnabled":false,"browserName":"java","takesScreenshot":true,"javascriptEnabled":true,"cssSelectorsEnabled":false},"status":0}, status=OK}
Jun 06, 2020 2:06:10 AM org.openqa.selenium.remote.ProtocolHandshake createSession
INFO: Detected dialect: OSS
Jun 06, 2020 2:06:10 AM net.sourceforge.marathon.javaagent.server.JavaServer serve
INFO: JavaServer.serve(POST /session/18c2e394-1c6e-4ef3-a904-4e5d4c08d527/element): {
  "using": "name",
  "value": "new item id field"
}
Jun 06, 2020 2:06:10 AM net.sourceforge.marathon.javaagent.server.JavaServer serve
INFO: POST(/session/18c2e394-1c6e-4ef3-a904-4e5d4c08d527/element, {"using":"name","value":"new item id field"}) = {data={"name":"findElement","sessionId":"18c2e394-1c6e-4ef3-a904-4e5d4c08d527","value":{"ELEMENT":"4de0b934-9011-4f70-acc2-4d07ac94ad97"},"status":0}, status=OK}
Jun 06, 2020 2:06:10 AM net.sourceforge.marathon.javaagent.server.JavaServer serve
INFO: JavaServer.serve(POST /session/18c2e394-1c6e-4ef3-a904-4e5d4c08d527/element/4de0b934-9011-4f70-acc2-4d07ac94ad97/clear): {
  "id": "4de0b934-9011-4f70-acc2-4d07ac94ad97"
}
Jun 06, 2020 2:06:10 AM net.sourceforge.marathon.javaagent.server.JavaServer serve
INFO: POST(/session/18c2e394-1c6e-4ef3-a904-4e5d4c08d527/element/4de0b934-9011-4f70-acc2-4d07ac94ad97/clear, {"id":"4de0b934-9011-4f70-acc2-4d07ac94ad97"}) = {data={"name":"clearElement","sessionId":"18c2e394-1c6e-4ef3-a904-4e5d4c08d527","status":0}, status=OK}
Jun 06, 2020 2:06:10 AM net.sourceforge.marathon.javaagent.server.JavaServer serve
INFO: JavaServer.serve(POST /session/18c2e394-1c6e-4ef3-a904-4e5d4c08d527/element/4de0b934-9011-4f70-acc2-4d07ac94ad97/value): {
  "id": "4de0b934-9011-4f70-acc2-4d07ac94ad97",
  "value": [
    "an item-id"
  ]
}
Jun 06, 2020 2:06:10 AM net.sourceforge.marathon.javaagent.EventQueueDevice dispatchEvent
INFO: java.awt.event.KeyEvent[KEY_PRESSED,keyCode=65,keyText=A,keyChar='a',keyLocation=KEY_LOCATION_UNKNOWN,rawCode=0,primaryLevelUnicode=0,scancode=0,extendedKeyCode=0x0] on new item id field
Jun 06, 2020 2:06:10 AM net.sourceforge.marathon.javaagent.EventQueueDevice dispatchEvent
INFO: java.awt.event.KeyEvent[KEY_TYPED,keyCode=0,keyText=Unknown keyCode: 0x0,keyChar='a',keyLocation=KEY_LOCATION_UNKNOWN,rawCode=0,primaryLevelUnicode=0,scancode=0,extendedKeyCode=0x0] on new item id field
Jun 06, 2020 2:06:10 AM net.sourceforge.marathon.javaagent.EventQueueDevice dispatchEvent
INFO: java.awt.event.KeyEvent[KEY_RELEASED,keyCode=65,keyText=A,keyChar='a',keyLocation=KEY_LOCATION_UNKNOWN,rawCode=0,primaryLevelUnicode=0,scancode=0,extendedKeyCode=0x0] on new item id field
Jun 06, 2020 2:06:10 AM net.sourceforge.marathon.javaagent.EventQueueDevice dispatchEvent
INFO: java.awt.event.KeyEvent[KEY_PRESSED,keyCode=78,keyText=N,keyChar='n',keyLocation=KEY_LOCATION_UNKNOWN,rawCode=0,primaryLevelUnicode=0,scancode=0,extendedKeyCode=0x0] on new item id field
Jun 06, 2020 2:06:10 AM net.sourceforge.marathon.javaagent.EventQueueDevice dispatchEvent
INFO: java.awt.event.KeyEvent[KEY_TYPED,keyCode=0,keyText=Unknown keyCode: 0x0,keyChar='n',keyLocation=KEY_LOCATION_UNKNOWN,rawCode=0,primaryLevelUnicode=0,scancode=0,extendedKeyCode=0x0] on new item id field
Jun 06, 2020 2:06:10 AM net.sourceforge.marathon.javaagent.EventQueueDevice dispatchEvent
INFO: java.awt.event.KeyEvent[KEY_RELEASED,keyCode=78,keyText=N,keyChar='n',keyLocation=KEY_LOCATION_UNKNOWN,rawCode=0,primaryLevelUnicode=0,scancode=0,extendedKeyCode=0x0] on new item id field
Jun 06, 2020 2:06:10 AM net.sourceforge.marathon.javaagent.EventQueueDevice dispatchEvent
INFO: java.awt.event.KeyEvent[KEY_PRESSED,keyCode=16,keyText=Shift,keyChar=Undefined keyChar,modifiers=Shift,extModifiers=Shift,keyLocation=KEY_LOCATION_UNKNOWN,rawCode=0,primaryLevelUnicode=0,scancode=0,extendedKeyCode=0x0] on new item id field
Jun 06, 2020 2:06:10 AM net.sourceforge.marathon.javaagent.EventQueueDevice dispatchEvent
INFO: java.awt.event.KeyEvent[KEY_PRESSED,keyCode=32,keyText=Space,keyChar=' ',modifiers=Shift,extModifiers=Shift,keyLocation=KEY_LOCATION_UNKNOWN,rawCode=0,primaryLevelUnicode=0,scancode=0,extendedKeyCode=0x0] on new item id field
Jun 06, 2020 2:06:10 AM net.sourceforge.marathon.javaagent.EventQueueDevice dispatchEvent
INFO: java.awt.event.KeyEvent[KEY_TYPED,keyCode=0,keyText=Unknown keyCode: 0x0,keyChar=' ',modifiers=Shift,extModifiers=Shift,keyLocation=KEY_LOCATION_UNKNOWN,rawCode=0,primaryLevelUnicode=0,scancode=0,extendedKeyCode=0x0] on new item id field
Jun 06, 2020 2:06:10 AM net.sourceforge.marathon.javaagent.EventQueueDevice dispatchEvent
INFO: java.awt.event.KeyEvent[KEY_RELEASED,keyCode=32,keyText=Space,keyChar=' ',modifiers=Shift,extModifiers=Shift,keyLocation=KEY_LOCATION_UNKNOWN,rawCode=0,primaryLevelUnicode=0,scancode=0,extendedKeyCode=0x0] on new item id field
Jun 06, 2020 2:06:10 AM net.sourceforge.marathon.javaagent.EventQueueDevice dispatchEvent
INFO: java.awt.event.KeyEvent[KEY_RELEASED,keyCode=16,keyText=Shift,keyChar=Undefined keyChar,keyLocation=KEY_LOCATION_UNKNOWN,rawCode=0,primaryLevelUnicode=0,scancode=0,extendedKeyCode=0x0] on new item id field
Jun 06, 2020 2:06:10 AM net.sourceforge.marathon.javaagent.EventQueueDevice dispatchEvent
INFO: java.awt.event.KeyEvent[KEY_PRESSED,keyCode=73,keyText=I,keyChar='i',keyLocation=KEY_LOCATION_UNKNOWN,rawCode=0,primaryLevelUnicode=0,scancode=0,extendedKeyCode=0x0] on new item id field
Jun 06, 2020 2:06:10 AM net.sourceforge.marathon.javaagent.EventQueueDevice dispatchEvent
INFO: java.awt.event.KeyEvent[KEY_TYPED,keyCode=0,keyText=Unknown keyCode: 0x0,keyChar='i',keyLocation=KEY_LOCATION_UNKNOWN,rawCode=0,primaryLevelUnicode=0,scancode=0,extendedKeyCode=0x0] on new item id field
Jun 06, 2020 2:06:10 AM net.sourceforge.marathon.javaagent.EventQueueDevice dispatchEvent
INFO: java.awt.event.KeyEvent[KEY_RELEASED,keyCode=73,keyText=I,keyChar='i',keyLocation=KEY_LOCATION_UNKNOWN,rawCode=0,primaryLevelUnicode=0,scancode=0,extendedKeyCode=0x0] on new item id field
Jun 06, 2020 2:06:10 AM net.sourceforge.marathon.javaagent.EventQueueDevice dispatchEvent
INFO: java.awt.event.KeyEvent[KEY_PRESSED,keyCode=84,keyText=T,keyChar='t',keyLocation=KEY_LOCATION_UNKNOWN,rawCode=0,primaryLevelUnicode=0,scancode=0,extendedKeyCode=0x0] on new item id field
Jun 06, 2020 2:06:10 AM net.sourceforge.marathon.javaagent.EventQueueDevice dispatchEvent
INFO: java.awt.event.KeyEvent[KEY_TYPED,keyCode=0,keyText=Unknown keyCode: 0x0,keyChar='t',keyLocation=KEY_LOCATION_UNKNOWN,rawCode=0,primaryLevelUnicode=0,scancode=0,extendedKeyCode=0x0] on new item id field
Jun 06, 2020 2:06:10 AM net.sourceforge.marathon.javaagent.EventQueueDevice dispatchEvent
INFO: java.awt.event.KeyEvent[KEY_RELEASED,keyCode=84,keyText=T,keyChar='t',keyLocation=KEY_LOCATION_UNKNOWN,rawCode=0,primaryLevelUnicode=0,scancode=0,extendedKeyCode=0x0] on new item id field
Jun 06, 2020 2:06:10 AM net.sourceforge.marathon.javaagent.EventQueueDevice dispatchEvent
INFO: java.awt.event.KeyEvent[KEY_PRESSED,keyCode=69,keyText=E,keyChar='e',keyLocation=KEY_LOCATION_UNKNOWN,rawCode=0,primaryLevelUnicode=0,scancode=0,extendedKeyCode=0x0] on new item id field
Jun 06, 2020 2:06:10 AM net.sourceforge.marathon.javaagent.EventQueueDevice dispatchEvent
INFO: java.awt.event.KeyEvent[KEY_TYPED,keyCode=0,keyText=Unknown keyCode: 0x0,keyChar='e',keyLocation=KEY_LOCATION_UNKNOWN,rawCode=0,primaryLevelUnicode=0,scancode=0,extendedKeyCode=0x0] on new item id field
Jun 06, 2020 2:06:10 AM net.sourceforge.marathon.javaagent.EventQueueDevice dispatchEvent
INFO: java.awt.event.KeyEvent[KEY_RELEASED,keyCode=69,keyText=E,keyChar='e',keyLocation=KEY_LOCATION_UNKNOWN,rawCode=0,primaryLevelUnicode=0,scancode=0,extendedKeyCode=0x0] on new item id field
Jun 06, 2020 2:06:10 AM net.sourceforge.marathon.javaagent.EventQueueDevice dispatchEvent
INFO: java.awt.event.KeyEvent[KEY_PRESSED,keyCode=77,keyText=M,keyChar='m',keyLocation=KEY_LOCATION_UNKNOWN,rawCode=0,primaryLevelUnicode=0,scancode=0,extendedKeyCode=0x0] on new item id field
Jun 06, 2020 2:06:10 AM net.sourceforge.marathon.javaagent.EventQueueDevice dispatchEvent
INFO: java.awt.event.KeyEvent[KEY_TYPED,keyCode=0,keyText=Unknown keyCode: 0x0,keyChar='m',keyLocation=KEY_LOCATION_UNKNOWN,rawCode=0,primaryLevelUnicode=0,scancode=0,extendedKeyCode=0x0] on new item id field
Jun 06, 2020 2:06:10 AM net.sourceforge.marathon.javaagent.EventQueueDevice dispatchEvent
INFO: java.awt.event.KeyEvent[KEY_RELEASED,keyCode=77,keyText=M,keyChar='m',keyLocation=KEY_LOCATION_UNKNOWN,rawCode=0,primaryLevelUnicode=0,scancode=0,extendedKeyCode=0x0] on new item id field
Jun 06, 2020 2:06:10 AM net.sourceforge.marathon.javaagent.EventQueueDevice dispatchEvent
INFO: java.awt.event.KeyEvent[KEY_PRESSED,keyCode=45,keyText=Minus,keyChar='-',keyLocation=KEY_LOCATION_UNKNOWN,rawCode=0,primaryLevelUnicode=0,scancode=0,extendedKeyCode=0x0] on new item id field
Jun 06, 2020 2:06:10 AM net.sourceforge.marathon.javaagent.EventQueueDevice dispatchEvent
INFO: java.awt.event.KeyEvent[KEY_TYPED,keyCode=0,keyText=Unknown keyCode: 0x0,keyChar='-',keyLocation=KEY_LOCATION_UNKNOWN,rawCode=0,primaryLevelUnicode=0,scancode=0,extendedKeyCode=0x0] on new item id field
Jun 06, 2020 2:06:10 AM net.sourceforge.marathon.javaagent.EventQueueDevice dispatchEvent
INFO: java.awt.event.KeyEvent[KEY_RELEASED,keyCode=45,keyText=Minus,keyChar='-',keyLocation=KEY_LOCATION_UNKNOWN,rawCode=0,primaryLevelUnicode=0,scancode=0,extendedKeyCode=0x0] on new item id field
Jun 06, 2020 2:06:10 AM net.sourceforge.marathon.javaagent.EventQueueDevice dispatchEvent
INFO: java.awt.event.KeyEvent[KEY_PRESSED,keyCode=73,keyText=I,keyChar='i',keyLocation=KEY_LOCATION_UNKNOWN,rawCode=0,primaryLevelUnicode=0,scancode=0,extendedKeyCode=0x0] on new item id field
Jun 06, 2020 2:06:10 AM net.sourceforge.marathon.javaagent.EventQueueDevice dispatchEvent
INFO: java.awt.event.KeyEvent[KEY_TYPED,keyCode=0,keyText=Unknown keyCode: 0x0,keyChar='i',keyLocation=KEY_LOCATION_UNKNOWN,rawCode=0,primaryLevelUnicode=0,scancode=0,extendedKeyCode=0x0] on new item id field
Jun 06, 2020 2:06:10 AM net.sourceforge.marathon.javaagent.EventQueueDevice dispatchEvent
INFO: java.awt.event.KeyEvent[KEY_RELEASED,keyCode=73,keyText=I,keyChar='i',keyLocation=KEY_LOCATION_UNKNOWN,rawCode=0,primaryLevelUnicode=0,scancode=0,extendedKeyCode=0x0] on new item id field
Jun 06, 2020 2:06:10 AM net.sourceforge.marathon.javaagent.EventQueueDevice dispatchEvent
INFO: java.awt.event.KeyEvent[KEY_PRESSED,keyCode=68,keyText=D,keyChar='d',keyLocation=KEY_LOCATION_UNKNOWN,rawCode=0,primaryLevelUnicode=0,scancode=0,extendedKeyCode=0x0] on new item id field
Jun 06, 2020 2:06:10 AM net.sourceforge.marathon.javaagent.EventQueueDevice dispatchEvent
INFO: java.awt.event.KeyEvent[KEY_TYPED,keyCode=0,keyText=Unknown keyCode: 0x0,keyChar='d',keyLocation=KEY_LOCATION_UNKNOWN,rawCode=0,primaryLevelUnicode=0,scancode=0,extendedKeyCode=0x0] on new item id field
Jun 06, 2020 2:06:10 AM net.sourceforge.marathon.javaagent.EventQueueDevice dispatchEvent
INFO: java.awt.event.KeyEvent[KEY_RELEASED,keyCode=68,keyText=D,keyChar='d',keyLocation=KEY_LOCATION_UNKNOWN,rawCode=0,primaryLevelUnicode=0,scancode=0,extendedKeyCode=0x0] on new item id field
Jun 06, 2020 2:06:10 AM net.sourceforge.marathon.javaagent.server.JavaServer serve
INFO: POST(/session/18c2e394-1c6e-4ef3-a904-4e5d4c08d527/element/4de0b934-9011-4f70-acc2-4d07ac94ad97/value, {"id":"4de0b934-9011-4f70-acc2-4d07ac94ad97","value":["an item-id"]}) = {data={"name":"sendKeysElement","sessionId":"18c2e394-1c6e-4ef3-a904-4e5d4c08d527","status":0}, status=OK}
Jun 06, 2020 2:06:10 AM net.sourceforge.marathon.javaagent.server.JavaServer serve
INFO: JavaServer.serve(POST /session/18c2e394-1c6e-4ef3-a904-4e5d4c08d527/element): {
  "using": "name",
  "value": "new item stop price field"
}
Jun 06, 2020 2:06:10 AM net.sourceforge.marathon.javaagent.server.JavaServer serve
INFO: POST(/session/18c2e394-1c6e-4ef3-a904-4e5d4c08d527/element, {"using":"name","value":"new item stop price field"}) = {data={"name":"findElement","sessionId":"18c2e394-1c6e-4ef3-a904-4e5d4c08d527","value":{"ELEMENT":"329077f5-1ecb-42c5-8f48-251904b70da4"},"status":0}, status=OK}
Jun 06, 2020 2:06:10 AM net.sourceforge.marathon.javaagent.server.JavaServer serve
INFO: JavaServer.serve(POST /session/18c2e394-1c6e-4ef3-a904-4e5d4c08d527/element/329077f5-1ecb-42c5-8f48-251904b70da4/clear): {
  "id": "329077f5-1ecb-42c5-8f48-251904b70da4"
}
Jun 06, 2020 2:06:10 AM net.sourceforge.marathon.javaagent.server.JavaServer serve
INFO: POST(/session/18c2e394-1c6e-4ef3-a904-4e5d4c08d527/element/329077f5-1ecb-42c5-8f48-251904b70da4/clear, {"id":"329077f5-1ecb-42c5-8f48-251904b70da4"}) = {data={"name":"clearElement","sessionId":"18c2e394-1c6e-4ef3-a904-4e5d4c08d527","status":0}, status=OK}
Jun 06, 2020 2:06:10 AM net.sourceforge.marathon.javaagent.server.JavaServer serve
INFO: JavaServer.serve(POST /session/18c2e394-1c6e-4ef3-a904-4e5d4c08d527/element/329077f5-1ecb-42c5-8f48-251904b70da4/value): {
  "id": "329077f5-1ecb-42c5-8f48-251904b70da4",
  "value": [
    "11000"
  ]
}
Jun 06, 2020 2:06:10 AM net.sourceforge.marathon.javaagent.EventQueueDevice dispatchEvent
INFO: java.awt.event.KeyEvent[KEY_PRESSED,keyCode=49,keyText=1,keyChar='1',keyLocation=KEY_LOCATION_UNKNOWN,rawCode=0,primaryLevelUnicode=0,scancode=0,extendedKeyCode=0x0] on new item stop price field
Jun 06, 2020 2:06:10 AM net.sourceforge.marathon.javaagent.EventQueueDevice dispatchEvent
INFO: java.awt.event.KeyEvent[KEY_TYPED,keyCode=0,keyText=Unknown keyCode: 0x0,keyChar='1',keyLocation=KEY_LOCATION_UNKNOWN,rawCode=0,primaryLevelUnicode=0,scancode=0,extendedKeyCode=0x0] on new item stop price field
Jun 06, 2020 2:06:10 AM net.sourceforge.marathon.javaagent.EventQueueDevice dispatchEvent
INFO: java.awt.event.KeyEvent[KEY_RELEASED,keyCode=49,keyText=1,keyChar='1',keyLocation=KEY_LOCATION_UNKNOWN,rawCode=0,primaryLevelUnicode=0,scancode=0,extendedKeyCode=0x0] on new item stop price field
Jun 06, 2020 2:06:10 AM net.sourceforge.marathon.javaagent.EventQueueDevice dispatchEvent
INFO: java.awt.event.KeyEvent[KEY_PRESSED,keyCode=49,keyText=1,keyChar='1',keyLocation=KEY_LOCATION_UNKNOWN,rawCode=0,primaryLevelUnicode=0,scancode=0,extendedKeyCode=0x0] on new item stop price field
Jun 06, 2020 2:06:10 AM net.sourceforge.marathon.javaagent.EventQueueDevice dispatchEvent
INFO: java.awt.event.KeyEvent[KEY_TYPED,keyCode=0,keyText=Unknown keyCode: 0x0,keyChar='1',keyLocation=KEY_LOCATION_UNKNOWN,rawCode=0,primaryLevelUnicode=0,scancode=0,extendedKeyCode=0x0] on new item stop price field
Jun 06, 2020 2:06:10 AM net.sourceforge.marathon.javaagent.EventQueueDevice dispatchEvent
INFO: java.awt.event.KeyEvent[KEY_RELEASED,keyCode=49,keyText=1,keyChar='1',keyLocation=KEY_LOCATION_UNKNOWN,rawCode=0,primaryLevelUnicode=0,scancode=0,extendedKeyCode=0x0] on new item stop price field
Jun 06, 2020 2:06:10 AM net.sourceforge.marathon.javaagent.EventQueueDevice dispatchEvent
INFO: java.awt.event.KeyEvent[KEY_PRESSED,keyCode=48,keyText=0,keyChar='0',keyLocation=KEY_LOCATION_UNKNOWN,rawCode=0,primaryLevelUnicode=0,scancode=0,extendedKeyCode=0x0] on new item stop price field
Jun 06, 2020 2:06:10 AM net.sourceforge.marathon.javaagent.EventQueueDevice dispatchEvent
INFO: java.awt.event.KeyEvent[KEY_TYPED,keyCode=0,keyText=Unknown keyCode: 0x0,keyChar='0',keyLocation=KEY_LOCATION_UNKNOWN,rawCode=0,primaryLevelUnicode=0,scancode=0,extendedKeyCode=0x0] on new item stop price field
Jun 06, 2020 2:06:10 AM net.sourceforge.marathon.javaagent.EventQueueDevice dispatchEvent
INFO: java.awt.event.KeyEvent[KEY_RELEASED,keyCode=48,keyText=0,keyChar='0',keyLocation=KEY_LOCATION_UNKNOWN,rawCode=0,primaryLevelUnicode=0,scancode=0,extendedKeyCode=0x0] on new item stop price field
Jun 06, 2020 2:06:10 AM net.sourceforge.marathon.javaagent.EventQueueDevice dispatchEvent
INFO: java.awt.event.KeyEvent[KEY_PRESSED,keyCode=48,keyText=0,keyChar='0',keyLocation=KEY_LOCATION_UNKNOWN,rawCode=0,primaryLevelUnicode=0,scancode=0,extendedKeyCode=0x0] on new item stop price field
Jun 06, 2020 2:06:10 AM net.sourceforge.marathon.javaagent.EventQueueDevice dispatchEvent
INFO: java.awt.event.KeyEvent[KEY_TYPED,keyCode=0,keyText=Unknown keyCode: 0x0,keyChar='0',keyLocation=KEY_LOCATION_UNKNOWN,rawCode=0,primaryLevelUnicode=0,scancode=0,extendedKeyCode=0x0] on new item stop price field
Jun 06, 2020 2:06:10 AM net.sourceforge.marathon.javaagent.EventQueueDevice dispatchEvent
INFO: java.awt.event.KeyEvent[KEY_RELEASED,keyCode=48,keyText=0,keyChar='0',keyLocation=KEY_LOCATION_UNKNOWN,rawCode=0,primaryLevelUnicode=0,scancode=0,extendedKeyCode=0x0] on new item stop price field
Jun 06, 2020 2:06:10 AM net.sourceforge.marathon.javaagent.EventQueueDevice dispatchEvent
INFO: java.awt.event.KeyEvent[KEY_PRESSED,keyCode=48,keyText=0,keyChar='0',keyLocation=KEY_LOCATION_UNKNOWN,rawCode=0,primaryLevelUnicode=0,scancode=0,extendedKeyCode=0x0] on new item stop price field
Jun 06, 2020 2:06:10 AM net.sourceforge.marathon.javaagent.EventQueueDevice dispatchEvent
INFO: java.awt.event.KeyEvent[KEY_TYPED,keyCode=0,keyText=Unknown keyCode: 0x0,keyChar='0',keyLocation=KEY_LOCATION_UNKNOWN,rawCode=0,primaryLevelUnicode=0,scancode=0,extendedKeyCode=0x0] on new item stop price field
Jun 06, 2020 2:06:10 AM net.sourceforge.marathon.javaagent.EventQueueDevice dispatchEvent
INFO: java.awt.event.KeyEvent[KEY_RELEASED,keyCode=48,keyText=0,keyChar='0',keyLocation=KEY_LOCATION_UNKNOWN,rawCode=0,primaryLevelUnicode=0,scancode=0,extendedKeyCode=0x0] on new item stop price field
Jun 06, 2020 2:06:10 AM net.sourceforge.marathon.javaagent.server.JavaServer serve
INFO: POST(/session/18c2e394-1c6e-4ef3-a904-4e5d4c08d527/element/329077f5-1ecb-42c5-8f48-251904b70da4/value, {"id":"329077f5-1ecb-42c5-8f48-251904b70da4","value":["11000"]}) = {data={"name":"sendKeysElement","sessionId":"18c2e394-1c6e-4ef3-a904-4e5d4c08d527","status":0}, status=OK}
Jun 06, 2020 2:06:10 AM net.sourceforge.marathon.javaagent.server.JavaServer serve
INFO: JavaServer.serve(POST /session/18c2e394-1c6e-4ef3-a904-4e5d4c08d527/element): {
  "using": "name",
  "value": "join button"
}
Jun 06, 2020 2:06:10 AM net.sourceforge.marathon.javaagent.server.JavaServer serve
INFO: POST(/session/18c2e394-1c6e-4ef3-a904-4e5d4c08d527/element, {"using":"name","value":"join button"}) = {data={"name":"findElement","sessionId":"18c2e394-1c6e-4ef3-a904-4e5d4c08d527","value":{"ELEMENT":"81d704ce-bb40-4a6b-ae4a-59b9e2f78e79"},"status":0}, status=OK}
Jun 06, 2020 2:06:10 AM net.sourceforge.marathon.javaagent.server.JavaServer serve
INFO: JavaServer.serve(POST /session/18c2e394-1c6e-4ef3-a904-4e5d4c08d527/element/81d704ce-bb40-4a6b-ae4a-59b9e2f78e79/click): {
  "id": "81d704ce-bb40-4a6b-ae4a-59b9e2f78e79"
}
Jun 06, 2020 2:06:10 AM net.sourceforge.marathon.javaagent.EventQueueDevice dispatchEvent
INFO: java.awt.event.MouseEvent[MOUSE_PRESSED,(58,12),absolute(589,17),button=1,modifiers=Button1,extModifiers=Button1,clickCount=1] on join button
Jun 06, 2020 2:06:10 AM net.sourceforge.marathon.javaagent.EventQueueDevice dispatchEvent
INFO: java.awt.event.MouseEvent[MOUSE_RELEASED,(58,12),absolute(589,17),button=1,modifiers=Button1,clickCount=1] on join button
Jun 06, 2020 2:06:10 AM net.sourceforge.marathon.javaagent.EventQueueDevice dispatchEvent
INFO: java.awt.event.MouseEvent[MOUSE_CLICKED,(58,12),absolute(589,17),button=1,modifiers=Button1,clickCount=1] on join button
Jun 06, 2020 2:06:10 AM net.sourceforge.marathon.javaagent.server.JavaServer serve
INFO: POST(/session/18c2e394-1c6e-4ef3-a904-4e5d4c08d527/element/81d704ce-bb40-4a6b-ae4a-59b9e2f78e79/click, {"id":"81d704ce-bb40-4a6b-ae4a-59b9e2f78e79"}) = {data={"name":"clickElement","sessionId":"18c2e394-1c6e-4ef3-a904-4e5d4c08d527","status":0}, status=OK}
Jun 06, 2020 2:06:10 AM net.sourceforge.marathon.javaagent.server.JavaServer serve
INFO: JavaServer.serve(DELETE /session/18c2e394-1c6e-4ef3-a904-4e5d4c08d527/window): {}
Jun 06, 2020 2:06:10 AM net.sourceforge.marathon.javaagent.server.JavaServer serve
INFO: DELETE(/session/18c2e394-1c6e-4ef3-a904-4e5d4c08d527/window) = {data={"name":"closeSession","sessionId":"18c2e394-1c6e-4ef3-a904-4e5d4c08d527","status":0}, status=OK}
Jun 06, 2020 2:06:10 AM net.sourceforge.marathon.javaagent.server.JavaServer serve
INFO: JavaServer.serve(POST /session): {
  "desiredCapabilities": {
    "browserName": "java",
    "platform": "ANY"
  },
  "capabilities": {
    "firstMatch": [
      {
        "browserName": "java"
      }
    ]
  }
}
Jun 06, 2020 2:06:10 AM net.sourceforge.marathon.javaagent.server.JavaServer createSession
INFO: Creating device with type: EVENT_QUEUE
Jun 06, 2020 2:06:10 AM net.sourceforge.marathon.javaagent.Device getDevice
INFO: Creating a EVENT_QUEUE device
Jun 06, 2020 2:06:10 AM net.sourceforge.marathon.javaagent.server.JavaServer serve
INFO: POST(/session, {"desiredCapabilities":{"browserName":"java","platform":"ANY"},"capabilities":{"firstMatch":[{"browserName":"java"}]}}) = {data=, status=REDIRECT}
Jun 06, 2020 2:06:10 AM net.sourceforge.marathon.javaagent.server.JavaServer serve
INFO: JavaServer.serve(GET /session/ce733115-8648-4e46-a824-7191247df498): {}
Jun 06, 2020 2:06:10 AM net.sourceforge.marathon.javaagent.server.JavaServer serve
INFO: GET(/session/ce733115-8648-4e46-a824-7191247df498) = {data={"name":"getCapabilities","sessionId":"ce733115-8648-4e46-a824-7191247df498","value":{"applicationCacheEnabled":false,"rotatable":false,"loggingPrefs":{"driver":"ALL"},"handlesAlerts":false,"databaseEnabled":false,"version":"1.0","platform":"ANY","browserConnectionEnabled":false,"nativeEvents":false,"acceptSslCerts":false,"locationContextEnabled":false,"webStorageEnabled":false,"browserName":"java","takesScreenshot":true,"javascriptEnabled":true,"cssSelectorsEnabled":false},"status":0}, status=OK}
Jun 06, 2020 2:06:10 AM org.openqa.selenium.remote.ProtocolHandshake createSession
INFO: Detected dialect: OSS
Jun 06, 2020 2:06:11 AM net.sourceforge.marathon.javaagent.server.JavaServer serve
INFO: JavaServer.serve(POST /session/ce733115-8648-4e46-a824-7191247df498/element): {
  "using": "name",
  "value": "sniper reset button"
}
Jun 06, 2020 2:06:11 AM net.sourceforge.marathon.javaagent.server.JavaServer serve
INFO: POST(/session/ce733115-8648-4e46-a824-7191247df498/element, {"using":"name","value":"sniper reset button"}) = {data={"name":"findElement","sessionId":"ce733115-8648-4e46-a824-7191247df498","value":{"ELEMENT":"b75b85b6-fe64-42f8-8748-7a81c05fea44"},"status":0}, status=OK}
Jun 06, 2020 2:06:11 AM net.sourceforge.marathon.javaagent.server.JavaServer serve
INFO: JavaServer.serve(POST /session/ce733115-8648-4e46-a824-7191247df498/element/b75b85b6-fe64-42f8-8748-7a81c05fea44/click): {
  "id": "b75b85b6-fe64-42f8-8748-7a81c05fea44"
}
Jun 06, 2020 2:06:11 AM net.sourceforge.marathon.javaagent.EventQueueDevice dispatchEvent
INFO: java.awt.event.MouseEvent[MOUSE_PRESSED,(37,12),absolute(326,474),button=1,modifiers=Button1,extModifiers=Button1,clickCount=1] on sniper reset button
Jun 06, 2020 2:06:11 AM net.sourceforge.marathon.javaagent.EventQueueDevice dispatchEvent
INFO: java.awt.event.MouseEvent[MOUSE_RELEASED,(37,12),absolute(326,474),button=1,modifiers=Button1,clickCount=1] on sniper reset button
Jun 06, 2020 2:06:11 AM net.sourceforge.marathon.javaagent.EventQueueDevice dispatchEvent
INFO: java.awt.event.MouseEvent[MOUSE_CLICKED,(37,12),absolute(326,474),button=1,modifiers=Button1,clickCount=1] on sniper reset button
Jun 06, 2020 2:06:11 AM net.sourceforge.marathon.javaagent.server.JavaServer serve
INFO: POST(/session/ce733115-8648-4e46-a824-7191247df498/element/b75b85b6-fe64-42f8-8748-7a81c05fea44/click, {"id":"b75b85b6-fe64-42f8-8748-7a81c05fea44"}) = {data={"name":"clickElement","sessionId":"ce733115-8648-4e46-a824-7191247df498","status":0}, status=OK}
Jun 06, 2020 2:06:11 AM net.sourceforge.marathon.javaagent.server.JavaServer serve
INFO: JavaServer.serve(DELETE /session/ce733115-8648-4e46-a824-7191247df498/window): {}
Jun 06, 2020 2:06:11 AM net.sourceforge.marathon.javaagent.server.JavaServer serve
INFO: DELETE(/session/ce733115-8648-4e46-a824-7191247df498/window) = {data={"name":"closeSession","sessionId":"ce733115-8648-4e46-a824-7191247df498","status":0}, status=OK}
Jun 06, 2020 2:06:11 AM net.sourceforge.marathon.javaagent.server.JavaServer serve
INFO: JavaServer.serve(POST /session): {
  "desiredCapabilities": {
    "browserName": "java",
    "platform": "ANY"
  },
  "capabilities": {
    "firstMatch": [
      {
        "browserName": "java"
      }
    ]
  }
}
Jun 06, 2020 2:06:11 AM net.sourceforge.marathon.javaagent.server.JavaServer createSession
INFO: Creating device with type: EVENT_QUEUE
Jun 06, 2020 2:06:11 AM net.sourceforge.marathon.javaagent.Device getDevice
INFO: Creating a EVENT_QUEUE device
Jun 06, 2020 2:06:11 AM net.sourceforge.marathon.javaagent.server.JavaServer serve
INFO: POST(/session, {"desiredCapabilities":{"browserName":"java","platform":"ANY"},"capabilities":{"firstMatch":[{"browserName":"java"}]}}) = {data=, status=REDIRECT}
Jun 06, 2020 2:06:11 AM net.sourceforge.marathon.javaagent.server.JavaServer serve
INFO: JavaServer.serve(GET /session/7d0f78b2-0da3-434a-9e3e-28dfc7e723ae): {}
Jun 06, 2020 2:06:11 AM net.sourceforge.marathon.javaagent.server.JavaServer serve
INFO: GET(/session/7d0f78b2-0da3-434a-9e3e-28dfc7e723ae) = {data={"name":"getCapabilities","sessionId":"7d0f78b2-0da3-434a-9e3e-28dfc7e723ae","value":{"applicationCacheEnabled":false,"rotatable":false,"loggingPrefs":{"driver":"ALL"},"handlesAlerts":false,"databaseEnabled":false,"version":"1.0","platform":"ANY","browserConnectionEnabled":false,"nativeEvents":false,"acceptSslCerts":false,"locationContextEnabled":false,"webStorageEnabled":false,"browserName":"java","takesScreenshot":true,"javascriptEnabled":true,"cssSelectorsEnabled":false},"status":0}, status=OK}
Jun 06, 2020 2:06:11 AM org.openqa.selenium.remote.ProtocolHandshake createSession
INFO: Detected dialect: OSS
Jun 06, 2020 2:06:11 AM net.sourceforge.marathon.javaagent.server.JavaServer serve
INFO: JavaServer.serve(POST /session/7d0f78b2-0da3-434a-9e3e-28dfc7e723ae/element): {
  "using": "css selector",
  "value": "."
}
Jun 06, 2020 2:06:11 AM net.sourceforge.marathon.javaagent.server.JavaServer serve
INFO: POST(/session/7d0f78b2-0da3-434a-9e3e-28dfc7e723ae/element, {"using":"css selector","value":"."}) = {data={"name":"findElement","sessionId":"7d0f78b2-0da3-434a-9e3e-28dfc7e723ae","value":{"ELEMENT":"03f90a3a-d1b0-4de4-b510-d7440dd05799"},"status":0}, status=OK}
Jun 06, 2020 2:06:11 AM net.sourceforge.marathon.javaagent.server.JavaServer serve
INFO: JavaServer.serve(GET /session/7d0f78b2-0da3-434a-9e3e-28dfc7e723ae/element/03f90a3a-d1b0-4de4-b510-d7440dd05799/attribute/name): {}
Jun 06, 2020 2:06:11 AM net.sourceforge.marathon.javaagent.server.JavaServer serve
INFO: GET(/session/7d0f78b2-0da3-434a-9e3e-28dfc7e723ae/element/03f90a3a-d1b0-4de4-b510-d7440dd05799/attribute/name) = {data={"name":"getElementAttribute","sessionId":"7d0f78b2-0da3-434a-9e3e-28dfc7e723ae","value":"Auction Sniper Name","status":0}, status=OK}
Jun 06, 2020 2:06:11 AM net.sourceforge.marathon.javaagent.server.JavaServer serve
INFO: JavaServer.serve(POST /session/7d0f78b2-0da3-434a-9e3e-28dfc7e723ae/element): {
  "using": "css selector",
  "value": "."
}
Jun 06, 2020 2:06:11 AM net.sourceforge.marathon.javaagent.server.JavaServer serve
INFO: POST(/session/7d0f78b2-0da3-434a-9e3e-28dfc7e723ae/element, {"using":"css selector","value":"."}) = {data={"name":"findElement","sessionId":"7d0f78b2-0da3-434a-9e3e-28dfc7e723ae","value":{"ELEMENT":"03f90a3a-d1b0-4de4-b510-d7440dd05799"},"status":0}, status=OK}
Jun 06, 2020 2:06:11 AM net.sourceforge.marathon.javaagent.server.JavaServer serve
INFO: JavaServer.serve(GET /session/7d0f78b2-0da3-434a-9e3e-28dfc7e723ae/element/03f90a3a-d1b0-4de4-b510-d7440dd05799/displayed): {}
Jun 06, 2020 2:06:11 AM net.sourceforge.marathon.javaagent.server.JavaServer serve
INFO: GET(/session/7d0f78b2-0da3-434a-9e3e-28dfc7e723ae/element/03f90a3a-d1b0-4de4-b510-d7440dd05799/displayed) = {data={"name":"isDisplayed","sessionId":"7d0f78b2-0da3-434a-9e3e-28dfc7e723ae","value":true,"status":0}, status=OK}
Jun 06, 2020 2:06:11 AM net.sourceforge.marathon.javaagent.server.JavaServer serve
INFO: JavaServer.serve(GET /session/7d0f78b2-0da3-434a-9e3e-28dfc7e723ae/title): {}
Jun 06, 2020 2:06:11 AM net.sourceforge.marathon.javaagent.server.JavaServer serve
INFO: GET(/session/7d0f78b2-0da3-434a-9e3e-28dfc7e723ae/title) = {data={"name":"getWindowTitle","sessionId":"7d0f78b2-0da3-434a-9e3e-28dfc7e723ae","value":"Auction Sniper","status":0}, status=OK}
Jun 06, 2020 2:06:11 AM net.sourceforge.marathon.javaagent.server.JavaServer serve
INFO: JavaServer.serve(POST /session/7d0f78b2-0da3-434a-9e3e-28dfc7e723ae/element): {
  "using": "name",
  "value": "snipers table"
}
Jun 06, 2020 2:06:11 AM net.sourceforge.marathon.javaagent.server.JavaServer serve
INFO: POST(/session/7d0f78b2-0da3-434a-9e3e-28dfc7e723ae/element, {"using":"name","value":"snipers table"}) = {data={"name":"findElement","sessionId":"7d0f78b2-0da3-434a-9e3e-28dfc7e723ae","value":{"ELEMENT":"7386b4c3-e6ba-4b28-b718-15471bebc6c5"},"status":0}, status=OK}
Jun 06, 2020 2:06:11 AM net.sourceforge.marathon.javaagent.server.JavaServer serve
INFO: JavaServer.serve(POST /session/7d0f78b2-0da3-434a-9e3e-28dfc7e723ae/element/7386b4c3-e6ba-4b28-b718-15471bebc6c5/elements): {
  "id": "7386b4c3-e6ba-4b28-b718-15471bebc6c5",
  "using": "css selector",
  "value": ".::header.::all-items"
}
Jun 06, 2020 2:06:11 AM net.sourceforge.marathon.javaagent.server.JavaServer serve
INFO: POST(/session/7d0f78b2-0da3-434a-9e3e-28dfc7e723ae/element/7386b4c3-e6ba-4b28-b718-15471bebc6c5/elements, {"using":"css selector","id":"7386b4c3-e6ba-4b28-b718-15471bebc6c5","value":".::header.::all-items"}) = {data={"name":"findElementsOfElement","sessionId":"7d0f78b2-0da3-434a-9e3e-28dfc7e723ae","value":[{"ELEMENT":"f030a5a4-19b5-4e81-804e-d5f3dcd9537a%23%7B%22selector%22%3A%22nth-item%22%2C%22parameters%22%3A%5B1%5D%7D"},{"ELEMENT":"f030a5a4-19b5-4e81-804e-d5f3dcd9537a%23%7B%22selector%22%3A%22nth-item%22%2C%22parameters%22%3A%5B2%5D%7D"},{"ELEMENT":"f030a5a4-19b5-4e81-804e-d5f3dcd9537a%23%7B%22selector%22%3A%22nth-item%22%2C%22parameters%22%3A%5B3%5D%7D"},{"ELEMENT":"f030a5a4-19b5-4e81-804e-d5f3dcd9537a%23%7B%22selector%22%3A%22nth-item%22%2C%22parameters%22%3A%5B4%5D%7D"}],"status":0}, status=OK}
Jun 06, 2020 2:06:11 AM net.sourceforge.marathon.javaagent.server.JavaServer serve
INFO: JavaServer.serve(GET /session/7d0f78b2-0da3-434a-9e3e-28dfc7e723ae/element/f030a5a4-19b5-4e81-804e-d5f3dcd9537a%23%7B%22selector%22%3A%22nth-item%22%2C%22parameters%22%3A%5B1%5D%7D/text): {}
Jun 06, 2020 2:06:11 AM net.sourceforge.marathon.javaagent.server.JavaServer serve
INFO: GET(/session/7d0f78b2-0da3-434a-9e3e-28dfc7e723ae/element/f030a5a4-19b5-4e81-804e-d5f3dcd9537a%23%7B%22selector%22%3A%22nth-item%22%2C%22parameters%22%3A%5B1%5D%7D/text) = {data={"name":"getElementText","sessionId":"7d0f78b2-0da3-434a-9e3e-28dfc7e723ae","value":"Item","status":0}, status=OK}
Jun 06, 2020 2:06:11 AM net.sourceforge.marathon.javaagent.server.JavaServer serve
INFO: JavaServer.serve(GET /session/7d0f78b2-0da3-434a-9e3e-28dfc7e723ae/element/f030a5a4-19b5-4e81-804e-d5f3dcd9537a%23%7B%22selector%22%3A%22nth-item%22%2C%22parameters%22%3A%5B2%5D%7D/text): {}
Jun 06, 2020 2:06:11 AM net.sourceforge.marathon.javaagent.server.JavaServer serve
INFO: GET(/session/7d0f78b2-0da3-434a-9e3e-28dfc7e723ae/element/f030a5a4-19b5-4e81-804e-d5f3dcd9537a%23%7B%22selector%22%3A%22nth-item%22%2C%22parameters%22%3A%5B2%5D%7D/text) = {data={"name":"getElementText","sessionId":"7d0f78b2-0da3-434a-9e3e-28dfc7e723ae","value":"Last Price","status":0}, status=OK}
Jun 06, 2020 2:06:11 AM net.sourceforge.marathon.javaagent.server.JavaServer serve
INFO: JavaServer.serve(GET /session/7d0f78b2-0da3-434a-9e3e-28dfc7e723ae/element/f030a5a4-19b5-4e81-804e-d5f3dcd9537a%23%7B%22selector%22%3A%22nth-item%22%2C%22parameters%22%3A%5B3%5D%7D/text): {}
Jun 06, 2020 2:06:11 AM net.sourceforge.marathon.javaagent.server.JavaServer serve
INFO: GET(/session/7d0f78b2-0da3-434a-9e3e-28dfc7e723ae/element/f030a5a4-19b5-4e81-804e-d5f3dcd9537a%23%7B%22selector%22%3A%22nth-item%22%2C%22parameters%22%3A%5B3%5D%7D/text) = {data={"name":"getElementText","sessionId":"7d0f78b2-0da3-434a-9e3e-28dfc7e723ae","value":"Last Bid","status":0}, status=OK}
Jun 06, 2020 2:06:11 AM net.sourceforge.marathon.javaagent.server.JavaServer serve
INFO: JavaServer.serve(GET /session/7d0f78b2-0da3-434a-9e3e-28dfc7e723ae/element/f030a5a4-19b5-4e81-804e-d5f3dcd9537a%23%7B%22selector%22%3A%22nth-item%22%2C%22parameters%22%3A%5B4%5D%7D/text): {}
Jun 06, 2020 2:06:11 AM net.sourceforge.marathon.javaagent.server.JavaServer serve
INFO: GET(/session/7d0f78b2-0da3-434a-9e3e-28dfc7e723ae/element/f030a5a4-19b5-4e81-804e-d5f3dcd9537a%23%7B%22selector%22%3A%22nth-item%22%2C%22parameters%22%3A%5B4%5D%7D/text) = {data={"name":"getElementText","sessionId":"7d0f78b2-0da3-434a-9e3e-28dfc7e723ae","value":"State","status":0}, status=OK}
Jun 06, 2020 2:06:11 AM net.sourceforge.marathon.javaagent.server.JavaServer serve
INFO: JavaServer.serve(DELETE /session/7d0f78b2-0da3-434a-9e3e-28dfc7e723ae/window): {}
Jun 06, 2020 2:06:11 AM net.sourceforge.marathon.javaagent.server.JavaServer serve
INFO: DELETE(/session/7d0f78b2-0da3-434a-9e3e-28dfc7e723ae/window) = {data={"name":"closeSession","sessionId":"7d0f78b2-0da3-434a-9e3e-28dfc7e723ae","status":0}, status=OK}
]]></system-err>
</testsuite>
